[2019-11-04 15:25:44 503] FATAL [com.pro.profep.common.impl.FepBootStrapImpl main 92] - ***FEP SYSTEM START¨t²Î±Ò°Ê***
[2019-11-04 15:25:48 140] ERROR [com.pro.profep.ap.fxmlap.impl.BaseFxmlApProcessorImpl error 92] - isFiscCheckout() fail : null
java.lang.NullPointerException
	at com.pro.profep.ap.fxmlap.impl.BaseFxmlApProcessorImpl.isFiscCheckout(BaseFxmlApProcessorImpl.java:1687)
	at com.pro.profep.ap.fxmlap.impl.BaseFxmlApProcessorImpl.<init>(BaseFxmlApProcessorImpl.java:109)
	at com.pro.profep.ap.fxmlap.batch.ResendTxn.<init>(ResendTxn.java:77)
	at sun.reflect.NativeConstructorAccessorImpl.newInstance0(Native Method)
	at sun.reflect.NativeConstructorAccessorImpl.newInstance(Unknown Source)
	at sun.reflect.DelegatingConstructorAccessorImpl.newInstance(Unknown Source)
	at java.lang.reflect.Constructor.newInstance(Unknown Source)
	at java.lang.Class.newInstance(Unknown Source)
	at com.pro.proschedule.Schedule.add(Schedule.java:36)
	at com.pro.proschedule.SchedulerFactory.loadXML(SchedulerFactory.java:46)
	at com.pro.util.schedule.impl.SchedulerImpl.runService(SchedulerImpl.java:48)
	at com.pro.profep.common.impl.BaseThreadImpl.run(BaseThreadImpl.java:86)
[2019-11-04 15:30:00 026] ERROR [com.pro.profep.ap.fxmlap.impl.BaseFxmlApProcessorImpl error 92] - isFiscCheckout() fail : null
java.lang.NullPointerException
	at com.pro.profep.ap.fxmlap.impl.BaseFxmlApProcessorImpl.isFiscCheckout(BaseFxmlApProcessorImpl.java:1687)
	at com.pro.profep.ap.fxmlap.impl.BaseFxmlApProcessorImpl.<init>(BaseFxmlApProcessorImpl.java:109)
	at com.pro.profep.ap.fxmlap.batch.ResendTxn.<init>(ResendTxn.java:77)
	at sun.reflect.NativeConstructorAccessorImpl.newInstance0(Native Method)
	at sun.reflect.NativeConstructorAccessorImpl.newInstance(Unknown Source)
	at sun.reflect.DelegatingConstructorAccessorImpl.newInstance(Unknown Source)
	at java.lang.reflect.Constructor.newInstance(Unknown Source)
	at java.lang.Class.newInstance(Unknown Source)
	at org.quartz.simpl.SimpleJobFactory.newJob(SimpleJobFactory.java:55)
	at org.quartz.core.JobRunShell.initialize(JobRunShell.java:132)
	at org.quartz.core.QuartzSchedulerThread.run(QuartzSchedulerThread.java:387)
[2019-11-04 15:30:00 026] ERROR [com.pro.profep.ap.fxmlap.batch.ChangeLineDate error 92] - 
java.lang.NullPointerException
	at com.pro.profep.ap.fxmlap.batch.ChangeLineDate.execute(ChangeLineDate.java:39)
	at org.quartz.core.JobRunShell.run(JobRunShell.java:202)
	at org.quartz.simpl.SimpleThreadPool$WorkerThread.run(SimpleThreadPool.java:525)
[2019-11-04 15:35:00 018] ERROR [com.pro.profep.ap.fxmlap.impl.BaseFxmlApProcessorImpl error 92] - isFiscCheckout() fail : null
java.lang.NullPointerException
	at com.pro.profep.ap.fxmlap.impl.BaseFxmlApProcessorImpl.isFiscCheckout(BaseFxmlApProcessorImpl.java:1687)
	at com.pro.profep.ap.fxmlap.impl.BaseFxmlApProcessorImpl.<init>(BaseFxmlApProcessorImpl.java:109)
	at com.pro.profep.ap.fxmlap.batch.ResendTxn.<init>(ResendTxn.java:77)
	at sun.reflect.NativeConstructorAccessorImpl.newInstance0(Native Method)
	at sun.reflect.NativeConstructorAccessorImpl.newInstance(Unknown Source)
	at sun.reflect.DelegatingConstructorAccessorImpl.newInstance(Unknown Source)
	at java.lang.reflect.Constructor.newInstance(Unknown Source)
	at java.lang.Class.newInstance(Unknown Source)
	at org.quartz.simpl.SimpleJobFactory.newJob(SimpleJobFactory.java:55)
	at org.quartz.core.JobRunShell.initialize(JobRunShell.java:132)
	at org.quartz.core.QuartzSchedulerThread.run(QuartzSchedulerThread.java:387)
[2019-11-04 15:35:00 025] ERROR [com.pro.profep.ap.fxmlap.batch.ChangeLineDate error 92] - 
java.lang.NullPointerException
	at com.pro.profep.ap.fxmlap.batch.ChangeLineDate.execute(ChangeLineDate.java:39)
	at org.quartz.core.JobRunShell.run(JobRunShell.java:202)
	at org.quartz.simpl.SimpleThreadPool$WorkerThread.run(SimpleThreadPool.java:525)
[2019-11-04 15:40:00 018] ERROR [com.pro.profep.ap.fxmlap.impl.BaseFxmlApProcessorImpl error 92] - isFiscCheckout() fail : null
java.lang.NullPointerException
	at com.pro.profep.ap.fxmlap.impl.BaseFxmlApProcessorImpl.isFiscCheckout(BaseFxmlApProcessorImpl.java:1687)
	at com.pro.profep.ap.fxmlap.impl.BaseFxmlApProcessorImpl.<init>(BaseFxmlApProcessorImpl.java:109)
	at com.pro.profep.ap.fxmlap.batch.ResendTxn.<init>(ResendTxn.java:77)
	at sun.reflect.NativeConstructorAccessorImpl.newInstance0(Native Method)
	at sun.reflect.NativeConstructorAccessorImpl.newInstance(Unknown Source)
	at sun.reflect.DelegatingConstructorAccessorImpl.newInstance(Unknown Source)
	at java.lang.reflect.Constructor.newInstance(Unknown Source)
	at java.lang.Class.newInstance(Unknown Source)
	at org.quartz.simpl.SimpleJobFactory.newJob(SimpleJobFactory.java:55)
	at org.quartz.core.JobRunShell.initialize(JobRunShell.java:132)
	at org.quartz.core.QuartzSchedulerThread.run(QuartzSchedulerThread.java:387)
[2019-11-04 15:40:00 020] ERROR [com.pro.profep.ap.fxmlap.batch.ChangeLineDate error 92] - 
java.lang.NullPointerException
	at com.pro.profep.ap.fxmlap.batch.ChangeLineDate.execute(ChangeLineDate.java:39)
	at org.quartz.core.JobRunShell.run(JobRunShell.java:202)
	at org.quartz.simpl.SimpleThreadPool$WorkerThread.run(SimpleThreadPool.java:525)
[2019-11-04 15:45:00 006] ERROR [com.pro.profep.ap.fxmlap.impl.BaseFxmlApProcessorImpl error 92] - isFiscCheckout() fail : null
java.lang.NullPointerException
	at com.pro.profep.ap.fxmlap.impl.BaseFxmlApProcessorImpl.isFiscCheckout(BaseFxmlApProcessorImpl.java:1687)
	at com.pro.profep.ap.fxmlap.impl.BaseFxmlApProcessorImpl.<init>(BaseFxmlApProcessorImpl.java:109)
	at com.pro.profep.ap.fxmlap.batch.ResendTxn.<init>(ResendTxn.java:77)
	at sun.reflect.NativeConstructorAccessorImpl.newInstance0(Native Method)
	at sun.reflect.NativeConstructorAccessorImpl.newInstance(Unknown Source)
	at sun.reflect.DelegatingConstructorAccessorImpl.newInstance(Unknown Source)
	at java.lang.reflect.Constructor.newInstance(Unknown Source)
	at java.lang.Class.newInstance(Unknown Source)
	at org.quartz.simpl.SimpleJobFactory.newJob(SimpleJobFactory.java:55)
	at org.quartz.core.JobRunShell.initialize(JobRunShell.java:132)
	at org.quartz.core.QuartzSchedulerThread.run(QuartzSchedulerThread.java:387)
[2019-11-04 15:45:00 010] ERROR [com.pro.profep.ap.fxmlap.batch.ChangeLineDate error 92] - 
java.lang.NullPointerException
	at com.pro.profep.ap.fxmlap.batch.ChangeLineDate.execute(ChangeLineDate.java:39)
	at org.quartz.core.JobRunShell.run(JobRunShell.java:202)
	at org.quartz.simpl.SimpleThreadPool$WorkerThread.run(SimpleThreadPool.java:525)
[2019-11-04 15:50:00 012] ERROR [com.pro.profep.ap.fxmlap.impl.BaseFxmlApProcessorImpl error 92] - isFiscCheckout() fail : null
java.lang.NullPointerException
	at com.pro.profep.ap.fxmlap.impl.BaseFxmlApProcessorImpl.isFiscCheckout(BaseFxmlApProcessorImpl.java:1687)
	at com.pro.profep.ap.fxmlap.impl.BaseFxmlApProcessorImpl.<init>(BaseFxmlApProcessorImpl.java:109)
	at com.pro.profep.ap.fxmlap.batch.ResendTxn.<init>(ResendTxn.java:77)
	at sun.reflect.NativeConstructorAccessorImpl.newInstance0(Native Method)
	at sun.reflect.NativeConstructorAccessorImpl.newInstance(Unknown Source)
	at sun.reflect.DelegatingConstructorAccessorImpl.newInstance(Unknown Source)
	at java.lang.reflect.Constructor.newInstance(Unknown Source)
	at java.lang.Class.newInstance(Unknown Source)
	at org.quartz.simpl.SimpleJobFactory.newJob(SimpleJobFactory.java:55)
	at org.quartz.core.JobRunShell.initialize(JobRunShell.java:132)
	at org.quartz.core.QuartzSchedulerThread.run(QuartzSchedulerThread.java:387)
[2019-11-04 15:50:00 019] ERROR [com.pro.profep.ap.fxmlap.batch.ChangeLineDate error 92] - 
java.lang.NullPointerException
	at com.pro.profep.ap.fxmlap.batch.ChangeLineDate.execute(ChangeLineDate.java:39)
	at org.quartz.core.JobRunShell.run(JobRunShell.java:202)
	at org.quartz.simpl.SimpleThreadPool$WorkerThread.run(SimpleThreadPool.java:525)
[2019-11-04 15:55:00 006] ERROR [com.pro.profep.ap.fxmlap.impl.BaseFxmlApProcessorImpl error 92] - isFiscCheckout() fail : null
java.lang.NullPointerException
	at com.pro.profep.ap.fxmlap.impl.BaseFxmlApProcessorImpl.isFiscCheckout(BaseFxmlApProcessorImpl.java:1687)
	at com.pro.profep.ap.fxmlap.impl.BaseFxmlApProcessorImpl.<init>(BaseFxmlApProcessorImpl.java:109)
	at com.pro.profep.ap.fxmlap.batch.ResendTxn.<init>(ResendTxn.java:77)
	at sun.reflect.NativeConstructorAccessorImpl.newInstance0(Native Method)
	at sun.reflect.NativeConstructorAccessorImpl.newInstance(Unknown Source)
	at sun.reflect.DelegatingConstructorAccessorImpl.newInstance(Unknown Source)
	at java.lang.reflect.Constructor.newInstance(Unknown Source)
	at java.lang.Class.newInstance(Unknown Source)
	at org.quartz.simpl.SimpleJobFactory.newJob(SimpleJobFactory.java:55)
	at org.quartz.core.JobRunShell.initialize(JobRunShell.java:132)
	at org.quartz.core.QuartzSchedulerThread.run(QuartzSchedulerThread.java:387)
[2019-11-04 15:55:00 008] ERROR [com.pro.profep.ap.fxmlap.batch.ChangeLineDate error 92] - 
java.lang.NullPointerException
	at com.pro.profep.ap.fxmlap.batch.ChangeLineDate.execute(ChangeLineDate.java:39)
	at org.quartz.core.JobRunShell.run(JobRunShell.java:202)
	at org.quartz.simpl.SimpleThreadPool$WorkerThread.run(SimpleThreadPool.java:525)
[2019-11-04 16:00:00 006] ERROR [com.pro.profep.ap.fxmlap.impl.BaseFxmlApProcessorImpl error 92] - isFiscCheckout() fail : null
java.lang.NullPointerException
	at com.pro.profep.ap.fxmlap.impl.BaseFxmlApProcessorImpl.isFiscCheckout(BaseFxmlApProcessorImpl.java:1687)
	at com.pro.profep.ap.fxmlap.impl.BaseFxmlApProcessorImpl.<init>(BaseFxmlApProcessorImpl.java:109)
	at com.pro.profep.ap.fxmlap.batch.ResendTxn.<init>(ResendTxn.java:77)
	at sun.reflect.NativeConstructorAccessorImpl.newInstance0(Native Method)
	at sun.reflect.NativeConstructorAccessorImpl.newInstance(Unknown Source)
	at sun.reflect.DelegatingConstructorAccessorImpl.newInstance(Unknown Source)
	at java.lang.reflect.Constructor.newInstance(Unknown Source)
	at java.lang.Class.newInstance(Unknown Source)
	at org.quartz.simpl.SimpleJobFactory.newJob(SimpleJobFactory.java:55)
	at org.quartz.core.JobRunShell.initialize(JobRunShell.java:132)
	at org.quartz.core.QuartzSchedulerThread.run(QuartzSchedulerThread.java:387)
[2019-11-04 16:05:00 004] ERROR [com.pro.profep.ap.fxmlap.impl.BaseFxmlApProcessorImpl error 92] - isFiscCheckout() fail : null
java.lang.NullPointerException
	at com.pro.profep.ap.fxmlap.impl.BaseFxmlApProcessorImpl.isFiscCheckout(BaseFxmlApProcessorImpl.java:1687)
	at com.pro.profep.ap.fxmlap.impl.BaseFxmlApProcessorImpl.<init>(BaseFxmlApProcessorImpl.java:109)
	at com.pro.profep.ap.fxmlap.batch.ResendTxn.<init>(ResendTxn.java:77)
	at sun.reflect.NativeConstructorAccessorImpl.newInstance0(Native Method)
	at sun.reflect.NativeConstructorAccessorImpl.newInstance(Unknown Source)
	at sun.reflect.DelegatingConstructorAccessorImpl.newInstance(Unknown Source)
	at java.lang.reflect.Constructor.newInstance(Unknown Source)
	at java.lang.Class.newInstance(Unknown Source)
	at org.quartz.simpl.SimpleJobFactory.newJob(SimpleJobFactory.java:55)
	at org.quartz.core.JobRunShell.initialize(JobRunShell.java:132)
	at org.quartz.core.QuartzSchedulerThread.run(QuartzSchedulerThread.java:387)
[2019-11-04 16:10:00 006] ERROR [com.pro.profep.ap.fxmlap.impl.BaseFxmlApProcessorImpl error 92] - isFiscCheckout() fail : null
java.lang.NullPointerException
	at com.pro.profep.ap.fxmlap.impl.BaseFxmlApProcessorImpl.isFiscCheckout(BaseFxmlApProcessorImpl.java:1687)
	at com.pro.profep.ap.fxmlap.impl.BaseFxmlApProcessorImpl.<init>(BaseFxmlApProcessorImpl.java:109)
	at com.pro.profep.ap.fxmlap.batch.ResendTxn.<init>(ResendTxn.java:77)
	at sun.reflect.NativeConstructorAccessorImpl.newInstance0(Native Method)
	at sun.reflect.NativeConstructorAccessorImpl.newInstance(Unknown Source)
	at sun.reflect.DelegatingConstructorAccessorImpl.newInstance(Unknown Source)
	at java.lang.reflect.Constructor.newInstance(Unknown Source)
	at java.lang.Class.newInstance(Unknown Source)
	at org.quartz.simpl.SimpleJobFactory.newJob(SimpleJobFactory.java:55)
	at org.quartz.core.JobRunShell.initialize(JobRunShell.java:132)
	at org.quartz.core.QuartzSchedulerThread.run(QuartzSchedulerThread.java:387)
[2019-11-04 16:15:00 003] ERROR [com.pro.profep.ap.fxmlap.impl.BaseFxmlApProcessorImpl error 92] - isFiscCheckout() fail : null
java.lang.NullPointerException
	at com.pro.profep.ap.fxmlap.impl.BaseFxmlApProcessorImpl.isFiscCheckout(BaseFxmlApProcessorImpl.java:1687)
	at com.pro.profep.ap.fxmlap.impl.BaseFxmlApProcessorImpl.<init>(BaseFxmlApProcessorImpl.java:109)
	at com.pro.profep.ap.fxmlap.batch.ResendTxn.<init>(ResendTxn.java:77)
	at sun.reflect.NativeConstructorAccessorImpl.newInstance0(Native Method)
	at sun.reflect.NativeConstructorAccessorImpl.newInstance(Unknown Source)
	at sun.reflect.DelegatingConstructorAccessorImpl.newInstance(Unknown Source)
	at java.lang.reflect.Constructor.newInstance(Unknown Source)
	at java.lang.Class.newInstance(Unknown Source)
	at org.quartz.simpl.SimpleJobFactory.newJob(SimpleJobFactory.java:55)
	at org.quartz.core.JobRunShell.initialize(JobRunShell.java:132)
	at org.quartz.core.QuartzSchedulerThread.run(QuartzSchedulerThread.java:387)
[2019-11-04 16:20:00 006] ERROR [com.pro.profep.ap.fxmlap.impl.BaseFxmlApProcessorImpl error 92] - isFiscCheckout() fail : null
java.lang.NullPointerException
	at com.pro.profep.ap.fxmlap.impl.BaseFxmlApProcessorImpl.isFiscCheckout(BaseFxmlApProcessorImpl.java:1687)
	at com.pro.profep.ap.fxmlap.impl.BaseFxmlApProcessorImpl.<init>(BaseFxmlApProcessorImpl.java:109)
	at com.pro.profep.ap.fxmlap.batch.ResendTxn.<init>(ResendTxn.java:77)
	at sun.reflect.NativeConstructorAccessorImpl.newInstance0(Native Method)
	at sun.reflect.NativeConstructorAccessorImpl.newInstance(Unknown Source)
	at sun.reflect.DelegatingConstructorAccessorImpl.newInstance(Unknown Source)
	at java.lang.reflect.Constructor.newInstance(Unknown Source)
	at java.lang.Class.newInstance(Unknown Source)
	at org.quartz.simpl.SimpleJobFactory.newJob(SimpleJobFactory.java:55)
	at org.quartz.core.JobRunShell.initialize(JobRunShell.java:132)
	at org.quartz.core.QuartzSchedulerThread.run(QuartzSchedulerThread.java:387)
[2019-11-04 16:25:00 003] ERROR [com.pro.profep.ap.fxmlap.impl.BaseFxmlApProcessorImpl error 92] - isFiscCheckout() fail : null
java.lang.NullPointerException
	at com.pro.profep.ap.fxmlap.impl.BaseFxmlApProcessorImpl.isFiscCheckout(BaseFxmlApProcessorImpl.java:1687)
	at com.pro.profep.ap.fxmlap.impl.BaseFxmlApProcessorImpl.<init>(BaseFxmlApProcessorImpl.java:109)
	at com.pro.profep.ap.fxmlap.batch.ResendTxn.<init>(ResendTxn.java:77)
	at sun.reflect.NativeConstructorAccessorImpl.newInstance0(Native Method)
	at sun.reflect.NativeConstructorAccessorImpl.newInstance(Unknown Source)
	at sun.reflect.DelegatingConstructorAccessorImpl.newInstance(Unknown Source)
	at java.lang.reflect.Constructor.newInstance(Unknown Source)
	at java.lang.Class.newInstance(Unknown Source)
	at org.quartz.simpl.SimpleJobFactory.newJob(SimpleJobFactory.java:55)
	at org.quartz.core.JobRunShell.initialize(JobRunShell.java:132)
	at org.quartz.core.QuartzSchedulerThread.run(QuartzSchedulerThread.java:387)
[2019-11-04 16:30:00 012] ERROR [com.pro.profep.ap.fxmlap.impl.BaseFxmlApProcessorImpl error 92] - isFiscCheckout() fail : null
java.lang.NullPointerException
	at com.pro.profep.ap.fxmlap.impl.BaseFxmlApProcessorImpl.isFiscCheckout(BaseFxmlApProcessorImpl.java:1687)
	at com.pro.profep.ap.fxmlap.impl.BaseFxmlApProcessorImpl.<init>(BaseFxmlApProcessorImpl.java:109)
	at com.pro.profep.ap.fxmlap.batch.ResendTxn.<init>(ResendTxn.java:77)
	at sun.reflect.NativeConstructorAccessorImpl.newInstance0(Native Method)
	at sun.reflect.NativeConstructorAccessorImpl.newInstance(Unknown Source)
	at sun.reflect.DelegatingConstructorAccessorImpl.newInstance(Unknown Source)
	at java.lang.reflect.Constructor.newInstance(Unknown Source)
	at java.lang.Class.newInstance(Unknown Source)
	at org.quartz.simpl.SimpleJobFactory.newJob(SimpleJobFactory.java:55)
	at org.quartz.core.JobRunShell.initialize(JobRunShell.java:132)
	at org.quartz.core.QuartzSchedulerThread.run(QuartzSchedulerThread.java:387)
[2019-11-04 16:35:00 002] ERROR [com.pro.profep.ap.fxmlap.impl.BaseFxmlApProcessorImpl error 92] - isFiscCheckout() fail : null
java.lang.NullPointerException
	at com.pro.profep.ap.fxmlap.impl.BaseFxmlApProcessorImpl.isFiscCheckout(BaseFxmlApProcessorImpl.java:1687)
	at com.pro.profep.ap.fxmlap.impl.BaseFxmlApProcessorImpl.<init>(BaseFxmlApProcessorImpl.java:109)
	at com.pro.profep.ap.fxmlap.batch.ResendTxn.<init>(ResendTxn.java:77)
	at sun.reflect.NativeConstructorAccessorImpl.newInstance0(Native Method)
	at sun.reflect.NativeConstructorAccessorImpl.newInstance(Unknown Source)
	at sun.reflect.DelegatingConstructorAccessorImpl.newInstance(Unknown Source)
	at java.lang.reflect.Constructor.newInstance(Unknown Source)
	at java.lang.Class.newInstance(Unknown Source)
	at org.quartz.simpl.SimpleJobFactory.newJob(SimpleJobFactory.java:55)
	at org.quartz.core.JobRunShell.initialize(JobRunShell.java:132)
	at org.quartz.core.QuartzSchedulerThread.run(QuartzSchedulerThread.java:387)
[2019-11-04 16:40:00 008] ERROR [com.pro.profep.ap.fxmlap.impl.BaseFxmlApProcessorImpl error 92] - isFiscCheckout() fail : null
java.lang.NullPointerException
	at com.pro.profep.ap.fxmlap.impl.BaseFxmlApProcessorImpl.isFiscCheckout(BaseFxmlApProcessorImpl.java:1687)
	at com.pro.profep.ap.fxmlap.impl.BaseFxmlApProcessorImpl.<init>(BaseFxmlApProcessorImpl.java:109)
	at com.pro.profep.ap.fxmlap.batch.ResendTxn.<init>(ResendTxn.java:77)
	at sun.reflect.NativeConstructorAccessorImpl.newInstance0(Native Method)
	at sun.reflect.NativeConstructorAccessorImpl.newInstance(Unknown Source)
	at sun.reflect.DelegatingConstructorAccessorImpl.newInstance(Unknown Source)
	at java.lang.reflect.Constructor.newInstance(Unknown Source)
	at java.lang.Class.newInstance(Unknown Source)
	at org.quartz.simpl.SimpleJobFactory.newJob(SimpleJobFactory.java:55)
	at org.quartz.core.JobRunShell.initialize(JobRunShell.java:132)
	at org.quartz.core.QuartzSchedulerThread.run(QuartzSchedulerThread.java:387)
[2019-11-04 16:45:00 006] ERROR [com.pro.profep.ap.fxmlap.impl.BaseFxmlApProcessorImpl error 92] - isFiscCheckout() fail : null
java.lang.NullPointerException
	at com.pro.profep.ap.fxmlap.impl.BaseFxmlApProcessorImpl.isFiscCheckout(BaseFxmlApProcessorImpl.java:1687)
	at com.pro.profep.ap.fxmlap.impl.BaseFxmlApProcessorImpl.<init>(BaseFxmlApProcessorImpl.java:109)
	at com.pro.profep.ap.fxmlap.batch.ResendTxn.<init>(ResendTxn.java:77)
	at sun.reflect.GeneratedConstructorAccessor37.newInstance(Unknown Source)
	at sun.reflect.DelegatingConstructorAccessorImpl.newInstance(Unknown Source)
	at java.lang.reflect.Constructor.newInstance(Unknown Source)
	at java.lang.Class.newInstance(Unknown Source)
	at org.quartz.simpl.SimpleJobFactory.newJob(SimpleJobFactory.java:55)
	at org.quartz.core.JobRunShell.initialize(JobRunShell.java:132)
	at org.quartz.core.QuartzSchedulerThread.run(QuartzSchedulerThread.java:387)
[2019-11-04 16:50:00 008] ERROR [com.pro.profep.ap.fxmlap.impl.BaseFxmlApProcessorImpl error 92] - isFiscCheckout() fail : null
java.lang.NullPointerException
	at com.pro.profep.ap.fxmlap.impl.BaseFxmlApProcessorImpl.isFiscCheckout(BaseFxmlApProcessorImpl.java:1687)
	at com.pro.profep.ap.fxmlap.impl.BaseFxmlApProcessorImpl.<init>(BaseFxmlApProcessorImpl.java:109)
	at com.pro.profep.ap.fxmlap.batch.ResendTxn.<init>(ResendTxn.java:77)
	at sun.reflect.GeneratedConstructorAccessor37.newInstance(Unknown Source)
	at sun.reflect.DelegatingConstructorAccessorImpl.newInstance(Unknown Source)
	at java.lang.reflect.Constructor.newInstance(Unknown Source)
	at java.lang.Class.newInstance(Unknown Source)
	at org.quartz.simpl.SimpleJobFactory.newJob(SimpleJobFactory.java:55)
	at org.quartz.core.JobRunShell.initialize(JobRunShell.java:132)
	at org.quartz.core.QuartzSchedulerThread.run(QuartzSchedulerThread.java:387)
[2019-11-04 16:55:00 006] ERROR [com.pro.profep.ap.fxmlap.impl.BaseFxmlApProcessorImpl error 92] - isFiscCheckout() fail : null
java.lang.NullPointerException
	at com.pro.profep.ap.fxmlap.impl.BaseFxmlApProcessorImpl.isFiscCheckout(BaseFxmlApProcessorImpl.java:1687)
	at com.pro.profep.ap.fxmlap.impl.BaseFxmlApProcessorImpl.<init>(BaseFxmlApProcessorImpl.java:109)
	at com.pro.profep.ap.fxmlap.batch.ResendTxn.<init>(ResendTxn.java:77)
	at sun.reflect.GeneratedConstructorAccessor37.newInstance(Unknown Source)
	at sun.reflect.DelegatingConstructorAccessorImpl.newInstance(Unknown Source)
	at java.lang.reflect.Constructor.newInstance(Unknown Source)
	at java.lang.Class.newInstance(Unknown Source)
	at org.quartz.simpl.SimpleJobFactory.newJob(SimpleJobFactory.java:55)
	at org.quartz.core.JobRunShell.initialize(JobRunShell.java:132)
	at org.quartz.core.QuartzSchedulerThread.run(QuartzSchedulerThread.java:387)
[2019-11-04 17:00:00 002] ERROR [com.pro.profep.ap.fxmlap.impl.BaseFxmlApProcessorImpl error 92] - isFiscCheckout() fail : null
java.lang.NullPointerException
	at com.pro.profep.ap.fxmlap.impl.BaseFxmlApProcessorImpl.isFiscCheckout(BaseFxmlApProcessorImpl.java:1687)
	at com.pro.profep.ap.fxmlap.impl.BaseFxmlApProcessorImpl.<init>(BaseFxmlApProcessorImpl.java:109)
	at com.pro.profep.ap.fxmlap.batch.ResendTxn.<init>(ResendTxn.java:77)
	at sun.reflect.GeneratedConstructorAccessor37.newInstance(Unknown Source)
	at sun.reflect.DelegatingConstructorAccessorImpl.newInstance(Unknown Source)
	at java.lang.reflect.Constructor.newInstance(Unknown Source)
	at java.lang.Class.newInstance(Unknown Source)
	at org.quartz.simpl.SimpleJobFactory.newJob(SimpleJobFactory.java:55)
	at org.quartz.core.JobRunShell.initialize(JobRunShell.java:132)
	at org.quartz.core.QuartzSchedulerThread.run(QuartzSchedulerThread.java:387)
[2019-11-04 17:05:00 008] ERROR [com.pro.profep.ap.fxmlap.impl.BaseFxmlApProcessorImpl error 92] - isFiscCheckout() fail : null
java.lang.NullPointerException
	at com.pro.profep.ap.fxmlap.impl.BaseFxmlApProcessorImpl.isFiscCheckout(BaseFxmlApProcessorImpl.java:1687)
	at com.pro.profep.ap.fxmlap.impl.BaseFxmlApProcessorImpl.<init>(BaseFxmlApProcessorImpl.java:109)
	at com.pro.profep.ap.fxmlap.batch.ResendTxn.<init>(ResendTxn.java:77)
	at sun.reflect.GeneratedConstructorAccessor37.newInstance(Unknown Source)
	at sun.reflect.DelegatingConstructorAccessorImpl.newInstance(Unknown Source)
	at java.lang.reflect.Constructor.newInstance(Unknown Source)
	at java.lang.Class.newInstance(Unknown Source)
	at org.quartz.simpl.SimpleJobFactory.newJob(SimpleJobFactory.java:55)
	at org.quartz.core.JobRunShell.initialize(JobRunShell.java:132)
	at org.quartz.core.QuartzSchedulerThread.run(QuartzSchedulerThread.java:387)
