[2019-11-19 09:19:26 226] FATAL [com.pro.profep.common.impl.FepBootStrapImpl main 92] - ***FEP SYSTEM START系統啟動***
[2019-11-19 10:36:26 577] ERROR [com.pro.profep.ap.fxmlap.impl.FXMLValidaterImpl validate100100 255] - [20191119|1] validate100100() : 2100|日期錯誤; Invalid Datetime –Single date or Low of range clientDate : [20191119] bankDate :[20191113]
[2019-11-19 10:36:49 058] ERROR [com.pro.profep.ap.fxmlap.impl.FXMLSecurityImpl getIFXSignCert 240] - getIFXSignCert() fail. Could not send Message.
javax.xml.ws.WebServiceException: Could not send Message.
	at org.apache.cxf.jaxws.JaxWsClientProxy.invoke(JaxWsClientProxy.java:149)
	at com.sun.proxy.$Proxy60.exportSignCert(Unknown Source)
	at com.pro.profep.ap.fxmlap.impl.FXMLSecurityImpl.getIFXSignCert(FXMLSecurityImpl.java:216)
	at com.pro.profep.ap.fxmlap.impl.FXMLSecurityImpl.signIFX(FXMLSecurityImpl.java:321)
	at com.pro.profep.ap.fxmlap.impl.BaseFxmlApProcessorImpl.signIFX(BaseFxmlApProcessorImpl.java:302)
	at com.pro.profep.ap.processor.fxmlap.P100100Req.send100110(P100100Req.java:723)
	at com.pro.profep.ap.processor.fxmlap.P100100Req.processInComingMsg(P100100Req.java:325)
	at com.pro.profep.ap.fxmlap.impl.BaseFxmlApProcessorImpl.process(BaseFxmlApProcessorImpl.java:1653)
	at com.pro.profep.ap.common.impl.BaseApProcessorImpl.mainProcess(BaseApProcessorImpl.java:34)
	at com.pro.profep.ap.fxmlap.impl.FxmlApDispatcher.run(FxmlApDispatcher.java:116)
Caused by: java.net.ConnectException: ConnectException invoking http://172.61.21.4:9080/prova-ws/services/BasicCryptoSrv: Connection timed out: connect
	at sun.reflect.NativeConstructorAccessorImpl.newInstance0(Native Method)
	at sun.reflect.NativeConstructorAccessorImpl.newInstance(Unknown Source)
	at sun.reflect.DelegatingConstructorAccessorImpl.newInstance(Unknown Source)
	at java.lang.reflect.Constructor.newInstance(Unknown Source)
	at org.apache.cxf.transport.http.HTTPConduit$WrappedOutputStream.mapException(HTTPConduit.java:1365)
	at org.apache.cxf.transport.http.HTTPConduit$WrappedOutputStream.close(HTTPConduit.java:1349)
	at org.apache.cxf.transport.AbstractConduit.close(AbstractConduit.java:56)
	at org.apache.cxf.transport.http.HTTPConduit.close(HTTPConduit.java:652)
	at org.apache.cxf.interceptor.MessageSenderInterceptor$MessageSenderEndingInterceptor.handleMessage(MessageSenderInterceptor.java:62)
	at org.apache.cxf.phase.PhaseInterceptorChain.doIntercept(PhaseInterceptorChain.java:307)
	at org.apache.cxf.endpoint.ClientImpl.doInvoke(ClientImpl.java:516)
	at org.apache.cxf.endpoint.ClientImpl.invoke(ClientImpl.java:425)
	at org.apache.cxf.endpoint.ClientImpl.invoke(ClientImpl.java:326)
	at org.apache.cxf.endpoint.ClientImpl.invoke(ClientImpl.java:279)
	at org.apache.cxf.frontend.ClientProxy.invokeSync(ClientProxy.java:96)
	at org.apache.cxf.jaxws.JaxWsClientProxy.invoke(JaxWsClientProxy.java:138)
	... 9 more
Caused by: java.net.ConnectException: Connection timed out: connect
	at java.net.DualStackPlainSocketImpl.waitForConnect(Native Method)
	at java.net.DualStackPlainSocketImpl.socketConnect(Unknown Source)
	at java.net.AbstractPlainSocketImpl.doConnect(Unknown Source)
	at java.net.AbstractPlainSocketImpl.connectToAddress(Unknown Source)
	at java.net.AbstractPlainSocketImpl.connect(Unknown Source)
	at java.net.PlainSocketImpl.connect(Unknown Source)
	at java.net.SocksSocketImpl.connect(Unknown Source)
	at java.net.Socket.connect(Unknown Source)
	at sun.net.NetworkClient.doConnect(Unknown Source)
	at sun.net.www.http.HttpClient.openServer(Unknown Source)
	at sun.net.www.http.HttpClient.openServer(Unknown Source)
	at sun.net.www.http.HttpClient.<init>(Unknown Source)
	at sun.net.www.http.HttpClient.New(Unknown Source)
	at sun.net.www.http.HttpClient.New(Unknown Source)
	at sun.net.www.protocol.http.HttpURLConnection.getNewHttpClient(Unknown Source)
	at sun.net.www.protocol.http.HttpURLConnection.plainConnect0(Unknown Source)
	at sun.net.www.protocol.http.HttpURLConnection.plainConnect(Unknown Source)
	at sun.net.www.protocol.http.HttpURLConnection.connect(Unknown Source)
	at sun.net.www.protocol.http.HttpURLConnection.getOutputStream0(Unknown Source)
	at sun.net.www.protocol.http.HttpURLConnection.getOutputStream(Unknown Source)
	at org.apache.cxf.transport.http.URLConnectionHTTPConduit$URLConnectionWrappedOutputStream.setupWrappedStream(URLConnectionHTTPConduit.java:183)
	at org.apache.cxf.transport.http.HTTPConduit$WrappedOutputStream.handleHeadersTrustCaching(HTTPConduit.java:1308)
	at org.apache.cxf.transport.http.HTTPConduit$WrappedOutputStream.onFirstWrite(HTTPConduit.java:1268)
	at org.apache.cxf.transport.http.URLConnectionHTTPConduit$URLConnectionWrappedOutputStream.onFirstWrite(URLConnectionHTTPConduit.java:210)
	at org.apache.cxf.io.AbstractWrappedOutputStream.write(AbstractWrappedOutputStream.java:47)
	at org.apache.cxf.io.AbstractThresholdOutputStream.write(AbstractThresholdOutputStream.java:69)
	at org.apache.cxf.transport.http.HTTPConduit$WrappedOutputStream.close(HTTPConduit.java:1321)
	... 19 more
[2019-11-19 10:36:49 070] ERROR [com.pro.profep.ap.fxmlap.impl.FXMLSecurityImpl signIFX 460] - signIFX() can't find sign cert
[2019-11-19 11:00:36 872] ERROR [com.pro.profep.ap.fxmlap.impl.FXMLValidaterImpl validate100100 255] - [20191119|3] validate100100() : 2100|日期錯誤; Invalid Datetime –Single date or Low of range clientDate : [20191119] bankDate :[20191113]
[2019-11-19 11:00:58 154] ERROR [com.pro.profep.ap.fxmlap.impl.FXMLSecurityImpl getIFXSignCert 240] - getIFXSignCert() fail. Could not send Message.
javax.xml.ws.WebServiceException: Could not send Message.
	at org.apache.cxf.jaxws.JaxWsClientProxy.invoke(JaxWsClientProxy.java:149)
	at com.sun.proxy.$Proxy60.exportSignCert(Unknown Source)
	at com.pro.profep.ap.fxmlap.impl.FXMLSecurityImpl.getIFXSignCert(FXMLSecurityImpl.java:216)
	at com.pro.profep.ap.fxmlap.impl.FXMLSecurityImpl.signIFX(FXMLSecurityImpl.java:321)
	at com.pro.profep.ap.fxmlap.impl.BaseFxmlApProcessorImpl.signIFX(BaseFxmlApProcessorImpl.java:302)
	at com.pro.profep.ap.processor.fxmlap.P100100Req.send100110(P100100Req.java:723)
	at com.pro.profep.ap.processor.fxmlap.P100100Req.processInComingMsg(P100100Req.java:325)
	at com.pro.profep.ap.fxmlap.impl.BaseFxmlApProcessorImpl.process(BaseFxmlApProcessorImpl.java:1653)
	at com.pro.profep.ap.common.impl.BaseApProcessorImpl.mainProcess(BaseApProcessorImpl.java:34)
	at com.pro.profep.ap.fxmlap.impl.FxmlApDispatcher.run(FxmlApDispatcher.java:116)
Caused by: java.net.ConnectException: ConnectException invoking http://172.61.21.4:9080/prova-ws/services/BasicCryptoSrv: Connection timed out: connect
	at sun.reflect.NativeConstructorAccessorImpl.newInstance0(Native Method)
	at sun.reflect.NativeConstructorAccessorImpl.newInstance(Unknown Source)
	at sun.reflect.DelegatingConstructorAccessorImpl.newInstance(Unknown Source)
	at java.lang.reflect.Constructor.newInstance(Unknown Source)
	at org.apache.cxf.transport.http.HTTPConduit$WrappedOutputStream.mapException(HTTPConduit.java:1365)
	at org.apache.cxf.transport.http.HTTPConduit$WrappedOutputStream.close(HTTPConduit.java:1349)
	at org.apache.cxf.transport.AbstractConduit.close(AbstractConduit.java:56)
	at org.apache.cxf.transport.http.HTTPConduit.close(HTTPConduit.java:652)
	at org.apache.cxf.interceptor.MessageSenderInterceptor$MessageSenderEndingInterceptor.handleMessage(MessageSenderInterceptor.java:62)
	at org.apache.cxf.phase.PhaseInterceptorChain.doIntercept(PhaseInterceptorChain.java:307)
	at org.apache.cxf.endpoint.ClientImpl.doInvoke(ClientImpl.java:516)
	at org.apache.cxf.endpoint.ClientImpl.invoke(ClientImpl.java:425)
	at org.apache.cxf.endpoint.ClientImpl.invoke(ClientImpl.java:326)
	at org.apache.cxf.endpoint.ClientImpl.invoke(ClientImpl.java:279)
	at org.apache.cxf.frontend.ClientProxy.invokeSync(ClientProxy.java:96)
	at org.apache.cxf.jaxws.JaxWsClientProxy.invoke(JaxWsClientProxy.java:138)
	... 9 more
Caused by: java.net.ConnectException: Connection timed out: connect
	at java.net.DualStackPlainSocketImpl.waitForConnect(Native Method)
	at java.net.DualStackPlainSocketImpl.socketConnect(Unknown Source)
	at java.net.AbstractPlainSocketImpl.doConnect(Unknown Source)
	at java.net.AbstractPlainSocketImpl.connectToAddress(Unknown Source)
	at java.net.AbstractPlainSocketImpl.connect(Unknown Source)
	at java.net.PlainSocketImpl.connect(Unknown Source)
	at java.net.SocksSocketImpl.connect(Unknown Source)
	at java.net.Socket.connect(Unknown Source)
	at sun.net.NetworkClient.doConnect(Unknown Source)
	at sun.net.www.http.HttpClient.openServer(Unknown Source)
	at sun.net.www.http.HttpClient.openServer(Unknown Source)
	at sun.net.www.http.HttpClient.<init>(Unknown Source)
	at sun.net.www.http.HttpClient.New(Unknown Source)
	at sun.net.www.http.HttpClient.New(Unknown Source)
	at sun.net.www.protocol.http.HttpURLConnection.getNewHttpClient(Unknown Source)
	at sun.net.www.protocol.http.HttpURLConnection.plainConnect0(Unknown Source)
	at sun.net.www.protocol.http.HttpURLConnection.plainConnect(Unknown Source)
	at sun.net.www.protocol.http.HttpURLConnection.connect(Unknown Source)
	at sun.net.www.protocol.http.HttpURLConnection.getOutputStream0(Unknown Source)
	at sun.net.www.protocol.http.HttpURLConnection.getOutputStream(Unknown Source)
	at org.apache.cxf.transport.http.URLConnectionHTTPConduit$URLConnectionWrappedOutputStream.setupWrappedStream(URLConnectionHTTPConduit.java:183)
	at org.apache.cxf.transport.http.HTTPConduit$WrappedOutputStream.handleHeadersTrustCaching(HTTPConduit.java:1308)
	at org.apache.cxf.transport.http.HTTPConduit$WrappedOutputStream.onFirstWrite(HTTPConduit.java:1268)
	at org.apache.cxf.transport.http.URLConnectionHTTPConduit$URLConnectionWrappedOutputStream.onFirstWrite(URLConnectionHTTPConduit.java:210)
	at org.apache.cxf.io.AbstractWrappedOutputStream.write(AbstractWrappedOutputStream.java:47)
	at org.apache.cxf.io.AbstractThresholdOutputStream.write(AbstractThresholdOutputStream.java:69)
	at org.apache.cxf.transport.http.HTTPConduit$WrappedOutputStream.close(HTTPConduit.java:1321)
	... 19 more
[2019-11-19 11:00:58 155] ERROR [com.pro.profep.ap.fxmlap.impl.FXMLSecurityImpl signIFX 460] - signIFX() can't find sign cert
[2019-11-19 11:05:10 938] ERROR [com.pro.profep.ap.fxmlap.impl.FXMLValidaterImpl validate100100 255] - [20191119|5] validate100100() : 2100|日期錯誤; Invalid Datetime –Single date or Low of range clientDate : [20191119] bankDate :[20191113]
[2019-11-19 11:05:31 997] ERROR [com.pro.profep.ap.fxmlap.impl.FXMLSecurityImpl getIFXSignCert 240] - getIFXSignCert() fail. Could not send Message.
javax.xml.ws.WebServiceException: Could not send Message.
	at org.apache.cxf.jaxws.JaxWsClientProxy.invoke(JaxWsClientProxy.java:149)
	at com.sun.proxy.$Proxy60.exportSignCert(Unknown Source)
	at com.pro.profep.ap.fxmlap.impl.FXMLSecurityImpl.getIFXSignCert(FXMLSecurityImpl.java:216)
	at com.pro.profep.ap.fxmlap.impl.FXMLSecurityImpl.signIFX(FXMLSecurityImpl.java:321)
	at com.pro.profep.ap.fxmlap.impl.BaseFxmlApProcessorImpl.signIFX(BaseFxmlApProcessorImpl.java:302)
	at com.pro.profep.ap.processor.fxmlap.P100100Req.send100110(P100100Req.java:723)
	at com.pro.profep.ap.processor.fxmlap.P100100Req.processInComingMsg(P100100Req.java:325)
	at com.pro.profep.ap.fxmlap.impl.BaseFxmlApProcessorImpl.process(BaseFxmlApProcessorImpl.java:1653)
	at com.pro.profep.ap.common.impl.BaseApProcessorImpl.mainProcess(BaseApProcessorImpl.java:34)
	at com.pro.profep.ap.fxmlap.impl.FxmlApDispatcher.run(FxmlApDispatcher.java:116)
Caused by: java.net.ConnectException: ConnectException invoking http://172.61.21.4:9080/prova-ws/services/BasicCryptoSrv: Connection timed out: connect
	at sun.reflect.NativeConstructorAccessorImpl.newInstance0(Native Method)
	at sun.reflect.NativeConstructorAccessorImpl.newInstance(Unknown Source)
	at sun.reflect.DelegatingConstructorAccessorImpl.newInstance(Unknown Source)
	at java.lang.reflect.Constructor.newInstance(Unknown Source)
	at org.apache.cxf.transport.http.HTTPConduit$WrappedOutputStream.mapException(HTTPConduit.java:1365)
	at org.apache.cxf.transport.http.HTTPConduit$WrappedOutputStream.close(HTTPConduit.java:1349)
	at org.apache.cxf.transport.AbstractConduit.close(AbstractConduit.java:56)
	at org.apache.cxf.transport.http.HTTPConduit.close(HTTPConduit.java:652)
	at org.apache.cxf.interceptor.MessageSenderInterceptor$MessageSenderEndingInterceptor.handleMessage(MessageSenderInterceptor.java:62)
	at org.apache.cxf.phase.PhaseInterceptorChain.doIntercept(PhaseInterceptorChain.java:307)
	at org.apache.cxf.endpoint.ClientImpl.doInvoke(ClientImpl.java:516)
	at org.apache.cxf.endpoint.ClientImpl.invoke(ClientImpl.java:425)
	at org.apache.cxf.endpoint.ClientImpl.invoke(ClientImpl.java:326)
	at org.apache.cxf.endpoint.ClientImpl.invoke(ClientImpl.java:279)
	at org.apache.cxf.frontend.ClientProxy.invokeSync(ClientProxy.java:96)
	at org.apache.cxf.jaxws.JaxWsClientProxy.invoke(JaxWsClientProxy.java:138)
	... 9 more
Caused by: java.net.ConnectException: Connection timed out: connect
	at java.net.DualStackPlainSocketImpl.waitForConnect(Native Method)
	at java.net.DualStackPlainSocketImpl.socketConnect(Unknown Source)
	at java.net.AbstractPlainSocketImpl.doConnect(Unknown Source)
	at java.net.AbstractPlainSocketImpl.connectToAddress(Unknown Source)
	at java.net.AbstractPlainSocketImpl.connect(Unknown Source)
	at java.net.PlainSocketImpl.connect(Unknown Source)
	at java.net.SocksSocketImpl.connect(Unknown Source)
	at java.net.Socket.connect(Unknown Source)
	at sun.net.NetworkClient.doConnect(Unknown Source)
	at sun.net.www.http.HttpClient.openServer(Unknown Source)
	at sun.net.www.http.HttpClient.openServer(Unknown Source)
	at sun.net.www.http.HttpClient.<init>(Unknown Source)
	at sun.net.www.http.HttpClient.New(Unknown Source)
	at sun.net.www.http.HttpClient.New(Unknown Source)
	at sun.net.www.protocol.http.HttpURLConnection.getNewHttpClient(Unknown Source)
	at sun.net.www.protocol.http.HttpURLConnection.plainConnect0(Unknown Source)
	at sun.net.www.protocol.http.HttpURLConnection.plainConnect(Unknown Source)
	at sun.net.www.protocol.http.HttpURLConnection.connect(Unknown Source)
	at sun.net.www.protocol.http.HttpURLConnection.getOutputStream0(Unknown Source)
	at sun.net.www.protocol.http.HttpURLConnection.getOutputStream(Unknown Source)
	at org.apache.cxf.transport.http.URLConnectionHTTPConduit$URLConnectionWrappedOutputStream.setupWrappedStream(URLConnectionHTTPConduit.java:183)
	at org.apache.cxf.transport.http.HTTPConduit$WrappedOutputStream.handleHeadersTrustCaching(HTTPConduit.java:1308)
	at org.apache.cxf.transport.http.HTTPConduit$WrappedOutputStream.onFirstWrite(HTTPConduit.java:1268)
	at org.apache.cxf.transport.http.URLConnectionHTTPConduit$URLConnectionWrappedOutputStream.onFirstWrite(URLConnectionHTTPConduit.java:210)
	at org.apache.cxf.io.AbstractWrappedOutputStream.write(AbstractWrappedOutputStream.java:47)
	at org.apache.cxf.io.AbstractThresholdOutputStream.write(AbstractThresholdOutputStream.java:69)
	at org.apache.cxf.transport.http.HTTPConduit$WrappedOutputStream.close(HTTPConduit.java:1321)
	... 19 more
[2019-11-19 11:05:31 997] ERROR [com.pro.profep.ap.fxmlap.impl.FXMLSecurityImpl signIFX 460] - signIFX() can't find sign cert
[2019-11-19 11:53:56 388] ERROR [com.pro.profep.ap.fxmlap.impl.FXMLValidaterImpl validate100100 255] - [20191119|7] validate100100() : 2100|日期錯誤; Invalid Datetime –Single date or Low of range clientDate : [20191119] bankDate :[20191113]
[2019-11-19 11:54:17 628] ERROR [com.pro.profep.ap.fxmlap.impl.FXMLSecurityImpl getIFXSignCert 240] - getIFXSignCert() fail. Could not send Message.
javax.xml.ws.WebServiceException: Could not send Message.
	at org.apache.cxf.jaxws.JaxWsClientProxy.invoke(JaxWsClientProxy.java:149)
	at com.sun.proxy.$Proxy60.exportSignCert(Unknown Source)
	at com.pro.profep.ap.fxmlap.impl.FXMLSecurityImpl.getIFXSignCert(FXMLSecurityImpl.java:216)
	at com.pro.profep.ap.fxmlap.impl.FXMLSecurityImpl.signIFX(FXMLSecurityImpl.java:321)
	at com.pro.profep.ap.fxmlap.impl.BaseFxmlApProcessorImpl.signIFX(BaseFxmlApProcessorImpl.java:302)
	at com.pro.profep.ap.processor.fxmlap.P100100Req.send100110(P100100Req.java:723)
	at com.pro.profep.ap.processor.fxmlap.P100100Req.processInComingMsg(P100100Req.java:325)
	at com.pro.profep.ap.fxmlap.impl.BaseFxmlApProcessorImpl.process(BaseFxmlApProcessorImpl.java:1653)
	at com.pro.profep.ap.common.impl.BaseApProcessorImpl.mainProcess(BaseApProcessorImpl.java:34)
	at com.pro.profep.ap.fxmlap.impl.FxmlApDispatcher.run(FxmlApDispatcher.java:116)
Caused by: java.net.ConnectException: ConnectException invoking http://172.61.21.4:9080/prova-ws/services/BasicCryptoSrv: Connection timed out: connect
	at sun.reflect.NativeConstructorAccessorImpl.newInstance0(Native Method)
	at sun.reflect.NativeConstructorAccessorImpl.newInstance(Unknown Source)
	at sun.reflect.DelegatingConstructorAccessorImpl.newInstance(Unknown Source)
	at java.lang.reflect.Constructor.newInstance(Unknown Source)
	at org.apache.cxf.transport.http.HTTPConduit$WrappedOutputStream.mapException(HTTPConduit.java:1365)
	at org.apache.cxf.transport.http.HTTPConduit$WrappedOutputStream.close(HTTPConduit.java:1349)
	at org.apache.cxf.transport.AbstractConduit.close(AbstractConduit.java:56)
	at org.apache.cxf.transport.http.HTTPConduit.close(HTTPConduit.java:652)
	at org.apache.cxf.interceptor.MessageSenderInterceptor$MessageSenderEndingInterceptor.handleMessage(MessageSenderInterceptor.java:62)
	at org.apache.cxf.phase.PhaseInterceptorChain.doIntercept(PhaseInterceptorChain.java:307)
	at org.apache.cxf.endpoint.ClientImpl.doInvoke(ClientImpl.java:516)
	at org.apache.cxf.endpoint.ClientImpl.invoke(ClientImpl.java:425)
	at org.apache.cxf.endpoint.ClientImpl.invoke(ClientImpl.java:326)
	at org.apache.cxf.endpoint.ClientImpl.invoke(ClientImpl.java:279)
	at org.apache.cxf.frontend.ClientProxy.invokeSync(ClientProxy.java:96)
	at org.apache.cxf.jaxws.JaxWsClientProxy.invoke(JaxWsClientProxy.java:138)
	... 9 more
Caused by: java.net.ConnectException: Connection timed out: connect
	at java.net.DualStackPlainSocketImpl.waitForConnect(Native Method)
	at java.net.DualStackPlainSocketImpl.socketConnect(Unknown Source)
	at java.net.AbstractPlainSocketImpl.doConnect(Unknown Source)
	at java.net.AbstractPlainSocketImpl.connectToAddress(Unknown Source)
	at java.net.AbstractPlainSocketImpl.connect(Unknown Source)
	at java.net.PlainSocketImpl.connect(Unknown Source)
	at java.net.SocksSocketImpl.connect(Unknown Source)
	at java.net.Socket.connect(Unknown Source)
	at sun.net.NetworkClient.doConnect(Unknown Source)
	at sun.net.www.http.HttpClient.openServer(Unknown Source)
	at sun.net.www.http.HttpClient.openServer(Unknown Source)
	at sun.net.www.http.HttpClient.<init>(Unknown Source)
	at sun.net.www.http.HttpClient.New(Unknown Source)
	at sun.net.www.http.HttpClient.New(Unknown Source)
	at sun.net.www.protocol.http.HttpURLConnection.getNewHttpClient(Unknown Source)
	at sun.net.www.protocol.http.HttpURLConnection.plainConnect0(Unknown Source)
	at sun.net.www.protocol.http.HttpURLConnection.plainConnect(Unknown Source)
	at sun.net.www.protocol.http.HttpURLConnection.connect(Unknown Source)
	at sun.net.www.protocol.http.HttpURLConnection.getOutputStream0(Unknown Source)
	at sun.net.www.protocol.http.HttpURLConnection.getOutputStream(Unknown Source)
	at org.apache.cxf.transport.http.URLConnectionHTTPConduit$URLConnectionWrappedOutputStream.setupWrappedStream(URLConnectionHTTPConduit.java:183)
	at org.apache.cxf.transport.http.HTTPConduit$WrappedOutputStream.handleHeadersTrustCaching(HTTPConduit.java:1308)
	at org.apache.cxf.transport.http.HTTPConduit$WrappedOutputStream.onFirstWrite(HTTPConduit.java:1268)
	at org.apache.cxf.transport.http.URLConnectionHTTPConduit$URLConnectionWrappedOutputStream.onFirstWrite(URLConnectionHTTPConduit.java:210)
	at org.apache.cxf.io.AbstractWrappedOutputStream.write(AbstractWrappedOutputStream.java:47)
	at org.apache.cxf.io.AbstractThresholdOutputStream.write(AbstractThresholdOutputStream.java:69)
	at org.apache.cxf.transport.http.HTTPConduit$WrappedOutputStream.close(HTTPConduit.java:1321)
	... 19 more
[2019-11-19 11:54:17 629] ERROR [com.pro.profep.ap.fxmlap.impl.FXMLSecurityImpl signIFX 460] - signIFX() can't find sign cert
[2019-11-19 11:55:52 021] ERROR [com.pro.profep.ap.fxmlap.impl.FXMLValidaterImpl validate100100 255] - [20191119|9] validate100100() : 2100|日期錯誤; Invalid Datetime –Single date or Low of range clientDate : [20191119] bankDate :[20191113]
[2019-11-19 11:56:13 083] ERROR [com.pro.profep.ap.fxmlap.impl.FXMLSecurityImpl getIFXSignCert 240] - getIFXSignCert() fail. Could not send Message.
javax.xml.ws.WebServiceException: Could not send Message.
	at org.apache.cxf.jaxws.JaxWsClientProxy.invoke(JaxWsClientProxy.java:149)
	at com.sun.proxy.$Proxy60.exportSignCert(Unknown Source)
	at com.pro.profep.ap.fxmlap.impl.FXMLSecurityImpl.getIFXSignCert(FXMLSecurityImpl.java:216)
	at com.pro.profep.ap.fxmlap.impl.FXMLSecurityImpl.signIFX(FXMLSecurityImpl.java:321)
	at com.pro.profep.ap.fxmlap.impl.BaseFxmlApProcessorImpl.signIFX(BaseFxmlApProcessorImpl.java:302)
	at com.pro.profep.ap.processor.fxmlap.P100100Req.send100110(P100100Req.java:723)
	at com.pro.profep.ap.processor.fxmlap.P100100Req.processInComingMsg(P100100Req.java:325)
	at com.pro.profep.ap.fxmlap.impl.BaseFxmlApProcessorImpl.process(BaseFxmlApProcessorImpl.java:1653)
	at com.pro.profep.ap.common.impl.BaseApProcessorImpl.mainProcess(BaseApProcessorImpl.java:34)
	at com.pro.profep.ap.fxmlap.impl.FxmlApDispatcher.run(FxmlApDispatcher.java:116)
Caused by: java.net.ConnectException: ConnectException invoking http://172.61.21.4:9080/prova-ws/services/BasicCryptoSrv: Connection timed out: connect
	at sun.reflect.NativeConstructorAccessorImpl.newInstance0(Native Method)
	at sun.reflect.NativeConstructorAccessorImpl.newInstance(Unknown Source)
	at sun.reflect.DelegatingConstructorAccessorImpl.newInstance(Unknown Source)
	at java.lang.reflect.Constructor.newInstance(Unknown Source)
	at org.apache.cxf.transport.http.HTTPConduit$WrappedOutputStream.mapException(HTTPConduit.java:1365)
	at org.apache.cxf.transport.http.HTTPConduit$WrappedOutputStream.close(HTTPConduit.java:1349)
	at org.apache.cxf.transport.AbstractConduit.close(AbstractConduit.java:56)
	at org.apache.cxf.transport.http.HTTPConduit.close(HTTPConduit.java:652)
	at org.apache.cxf.interceptor.MessageSenderInterceptor$MessageSenderEndingInterceptor.handleMessage(MessageSenderInterceptor.java:62)
	at org.apache.cxf.phase.PhaseInterceptorChain.doIntercept(PhaseInterceptorChain.java:307)
	at org.apache.cxf.endpoint.ClientImpl.doInvoke(ClientImpl.java:516)
	at org.apache.cxf.endpoint.ClientImpl.invoke(ClientImpl.java:425)
	at org.apache.cxf.endpoint.ClientImpl.invoke(ClientImpl.java:326)
	at org.apache.cxf.endpoint.ClientImpl.invoke(ClientImpl.java:279)
	at org.apache.cxf.frontend.ClientProxy.invokeSync(ClientProxy.java:96)
	at org.apache.cxf.jaxws.JaxWsClientProxy.invoke(JaxWsClientProxy.java:138)
	... 9 more
Caused by: java.net.ConnectException: Connection timed out: connect
	at java.net.DualStackPlainSocketImpl.waitForConnect(Native Method)
	at java.net.DualStackPlainSocketImpl.socketConnect(Unknown Source)
	at java.net.AbstractPlainSocketImpl.doConnect(Unknown Source)
	at java.net.AbstractPlainSocketImpl.connectToAddress(Unknown Source)
	at java.net.AbstractPlainSocketImpl.connect(Unknown Source)
	at java.net.PlainSocketImpl.connect(Unknown Source)
	at java.net.SocksSocketImpl.connect(Unknown Source)
	at java.net.Socket.connect(Unknown Source)
	at sun.net.NetworkClient.doConnect(Unknown Source)
	at sun.net.www.http.HttpClient.openServer(Unknown Source)
	at sun.net.www.http.HttpClient.openServer(Unknown Source)
	at sun.net.www.http.HttpClient.<init>(Unknown Source)
	at sun.net.www.http.HttpClient.New(Unknown Source)
	at sun.net.www.http.HttpClient.New(Unknown Source)
	at sun.net.www.protocol.http.HttpURLConnection.getNewHttpClient(Unknown Source)
	at sun.net.www.protocol.http.HttpURLConnection.plainConnect0(Unknown Source)
	at sun.net.www.protocol.http.HttpURLConnection.plainConnect(Unknown Source)
	at sun.net.www.protocol.http.HttpURLConnection.connect(Unknown Source)
	at sun.net.www.protocol.http.HttpURLConnection.getOutputStream0(Unknown Source)
	at sun.net.www.protocol.http.HttpURLConnection.getOutputStream(Unknown Source)
	at org.apache.cxf.transport.http.URLConnectionHTTPConduit$URLConnectionWrappedOutputStream.setupWrappedStream(URLConnectionHTTPConduit.java:183)
	at org.apache.cxf.transport.http.HTTPConduit$WrappedOutputStream.handleHeadersTrustCaching(HTTPConduit.java:1308)
	at org.apache.cxf.transport.http.HTTPConduit$WrappedOutputStream.onFirstWrite(HTTPConduit.java:1268)
	at org.apache.cxf.transport.http.URLConnectionHTTPConduit$URLConnectionWrappedOutputStream.onFirstWrite(URLConnectionHTTPConduit.java:210)
	at org.apache.cxf.io.AbstractWrappedOutputStream.write(AbstractWrappedOutputStream.java:47)
	at org.apache.cxf.io.AbstractThresholdOutputStream.write(AbstractThresholdOutputStream.java:69)
	at org.apache.cxf.transport.http.HTTPConduit$WrappedOutputStream.close(HTTPConduit.java:1321)
	... 19 more
[2019-11-19 11:56:13 083] ERROR [com.pro.profep.ap.fxmlap.impl.FXMLSecurityImpl signIFX 460] - signIFX() can't find sign cert
[2019-11-19 13:21:54 429] ERROR [com.pro.profep.ap.fxmlap.impl.FXMLValidaterImpl validate100100 255] - [20191119|11] validate100100() : 2100|日期錯誤; Invalid Datetime –Single date or Low of range clientDate : [20191119] bankDate :[20191113]
[2019-11-19 13:22:15 888] ERROR [com.pro.profep.ap.fxmlap.impl.FXMLSecurityImpl getIFXSignCert 240] - getIFXSignCert() fail. Could not send Message.
javax.xml.ws.WebServiceException: Could not send Message.
	at org.apache.cxf.jaxws.JaxWsClientProxy.invoke(JaxWsClientProxy.java:149)
	at com.sun.proxy.$Proxy60.exportSignCert(Unknown Source)
	at com.pro.profep.ap.fxmlap.impl.FXMLSecurityImpl.getIFXSignCert(FXMLSecurityImpl.java:216)
	at com.pro.profep.ap.fxmlap.impl.FXMLSecurityImpl.signIFX(FXMLSecurityImpl.java:321)
	at com.pro.profep.ap.fxmlap.impl.BaseFxmlApProcessorImpl.signIFX(BaseFxmlApProcessorImpl.java:302)
	at com.pro.profep.ap.processor.fxmlap.P100100Req.send100110(P100100Req.java:723)
	at com.pro.profep.ap.processor.fxmlap.P100100Req.processInComingMsg(P100100Req.java:325)
	at com.pro.profep.ap.fxmlap.impl.BaseFxmlApProcessorImpl.process(BaseFxmlApProcessorImpl.java:1653)
	at com.pro.profep.ap.common.impl.BaseApProcessorImpl.mainProcess(BaseApProcessorImpl.java:34)
	at com.pro.profep.ap.fxmlap.impl.FxmlApDispatcher.run(FxmlApDispatcher.java:116)
Caused by: java.net.ConnectException: ConnectException invoking http://172.61.21.4:9080/prova-ws/services/BasicCryptoSrv: Connection timed out: connect
	at sun.reflect.NativeConstructorAccessorImpl.newInstance0(Native Method)
	at sun.reflect.NativeConstructorAccessorImpl.newInstance(Unknown Source)
	at sun.reflect.DelegatingConstructorAccessorImpl.newInstance(Unknown Source)
	at java.lang.reflect.Constructor.newInstance(Unknown Source)
	at org.apache.cxf.transport.http.HTTPConduit$WrappedOutputStream.mapException(HTTPConduit.java:1365)
	at org.apache.cxf.transport.http.HTTPConduit$WrappedOutputStream.close(HTTPConduit.java:1349)
	at org.apache.cxf.transport.AbstractConduit.close(AbstractConduit.java:56)
	at org.apache.cxf.transport.http.HTTPConduit.close(HTTPConduit.java:652)
	at org.apache.cxf.interceptor.MessageSenderInterceptor$MessageSenderEndingInterceptor.handleMessage(MessageSenderInterceptor.java:62)
	at org.apache.cxf.phase.PhaseInterceptorChain.doIntercept(PhaseInterceptorChain.java:307)
	at org.apache.cxf.endpoint.ClientImpl.doInvoke(ClientImpl.java:516)
	at org.apache.cxf.endpoint.ClientImpl.invoke(ClientImpl.java:425)
	at org.apache.cxf.endpoint.ClientImpl.invoke(ClientImpl.java:326)
	at org.apache.cxf.endpoint.ClientImpl.invoke(ClientImpl.java:279)
	at org.apache.cxf.frontend.ClientProxy.invokeSync(ClientProxy.java:96)
	at org.apache.cxf.jaxws.JaxWsClientProxy.invoke(JaxWsClientProxy.java:138)
	... 9 more
Caused by: java.net.ConnectException: Connection timed out: connect
	at java.net.DualStackPlainSocketImpl.waitForConnect(Native Method)
	at java.net.DualStackPlainSocketImpl.socketConnect(Unknown Source)
	at java.net.AbstractPlainSocketImpl.doConnect(Unknown Source)
	at java.net.AbstractPlainSocketImpl.connectToAddress(Unknown Source)
	at java.net.AbstractPlainSocketImpl.connect(Unknown Source)
	at java.net.PlainSocketImpl.connect(Unknown Source)
	at java.net.SocksSocketImpl.connect(Unknown Source)
	at java.net.Socket.connect(Unknown Source)
	at sun.net.NetworkClient.doConnect(Unknown Source)
	at sun.net.www.http.HttpClient.openServer(Unknown Source)
	at sun.net.www.http.HttpClient.openServer(Unknown Source)
	at sun.net.www.http.HttpClient.<init>(Unknown Source)
	at sun.net.www.http.HttpClient.New(Unknown Source)
	at sun.net.www.http.HttpClient.New(Unknown Source)
	at sun.net.www.protocol.http.HttpURLConnection.getNewHttpClient(Unknown Source)
	at sun.net.www.protocol.http.HttpURLConnection.plainConnect0(Unknown Source)
	at sun.net.www.protocol.http.HttpURLConnection.plainConnect(Unknown Source)
	at sun.net.www.protocol.http.HttpURLConnection.connect(Unknown Source)
	at sun.net.www.protocol.http.HttpURLConnection.getOutputStream0(Unknown Source)
	at sun.net.www.protocol.http.HttpURLConnection.getOutputStream(Unknown Source)
	at org.apache.cxf.transport.http.URLConnectionHTTPConduit$URLConnectionWrappedOutputStream.setupWrappedStream(URLConnectionHTTPConduit.java:183)
	at org.apache.cxf.transport.http.HTTPConduit$WrappedOutputStream.handleHeadersTrustCaching(HTTPConduit.java:1308)
	at org.apache.cxf.transport.http.HTTPConduit$WrappedOutputStream.onFirstWrite(HTTPConduit.java:1268)
	at org.apache.cxf.transport.http.URLConnectionHTTPConduit$URLConnectionWrappedOutputStream.onFirstWrite(URLConnectionHTTPConduit.java:210)
	at org.apache.cxf.io.AbstractWrappedOutputStream.write(AbstractWrappedOutputStream.java:47)
	at org.apache.cxf.io.AbstractThresholdOutputStream.write(AbstractThresholdOutputStream.java:69)
	at org.apache.cxf.transport.http.HTTPConduit$WrappedOutputStream.close(HTTPConduit.java:1321)
	... 19 more
[2019-11-19 13:22:15 889] ERROR [com.pro.profep.ap.fxmlap.impl.FXMLSecurityImpl signIFX 460] - signIFX() can't find sign cert
[2019-11-19 13:28:05 477] ERROR [com.pro.profep.ap.fxmlap.impl.FXMLValidaterImpl validate100100 255] - [20191119|13] validate100100() : 2100|日期錯誤; Invalid Datetime –Single date or Low of range clientDate : [20191119] bankDate :[20191113]
[2019-11-19 13:28:26 537] ERROR [com.pro.profep.ap.fxmlap.impl.FXMLSecurityImpl getIFXSignCert 240] - getIFXSignCert() fail. Could not send Message.
javax.xml.ws.WebServiceException: Could not send Message.
	at org.apache.cxf.jaxws.JaxWsClientProxy.invoke(JaxWsClientProxy.java:149)
	at com.sun.proxy.$Proxy60.exportSignCert(Unknown Source)
	at com.pro.profep.ap.fxmlap.impl.FXMLSecurityImpl.getIFXSignCert(FXMLSecurityImpl.java:216)
	at com.pro.profep.ap.fxmlap.impl.FXMLSecurityImpl.signIFX(FXMLSecurityImpl.java:321)
	at com.pro.profep.ap.fxmlap.impl.BaseFxmlApProcessorImpl.signIFX(BaseFxmlApProcessorImpl.java:302)
	at com.pro.profep.ap.processor.fxmlap.P100100Req.send100110(P100100Req.java:723)
	at com.pro.profep.ap.processor.fxmlap.P100100Req.processInComingMsg(P100100Req.java:325)
	at com.pro.profep.ap.fxmlap.impl.BaseFxmlApProcessorImpl.process(BaseFxmlApProcessorImpl.java:1653)
	at com.pro.profep.ap.common.impl.BaseApProcessorImpl.mainProcess(BaseApProcessorImpl.java:34)
	at com.pro.profep.ap.fxmlap.impl.FxmlApDispatcher.run(FxmlApDispatcher.java:116)
Caused by: java.net.ConnectException: ConnectException invoking http://172.61.21.4:9080/prova-ws/services/BasicCryptoSrv: Connection timed out: connect
	at sun.reflect.NativeConstructorAccessorImpl.newInstance0(Native Method)
	at sun.reflect.NativeConstructorAccessorImpl.newInstance(Unknown Source)
	at sun.reflect.DelegatingConstructorAccessorImpl.newInstance(Unknown Source)
	at java.lang.reflect.Constructor.newInstance(Unknown Source)
	at org.apache.cxf.transport.http.HTTPConduit$WrappedOutputStream.mapException(HTTPConduit.java:1365)
	at org.apache.cxf.transport.http.HTTPConduit$WrappedOutputStream.close(HTTPConduit.java:1349)
	at org.apache.cxf.transport.AbstractConduit.close(AbstractConduit.java:56)
	at org.apache.cxf.transport.http.HTTPConduit.close(HTTPConduit.java:652)
	at org.apache.cxf.interceptor.MessageSenderInterceptor$MessageSenderEndingInterceptor.handleMessage(MessageSenderInterceptor.java:62)
	at org.apache.cxf.phase.PhaseInterceptorChain.doIntercept(PhaseInterceptorChain.java:307)
	at org.apache.cxf.endpoint.ClientImpl.doInvoke(ClientImpl.java:516)
	at org.apache.cxf.endpoint.ClientImpl.invoke(ClientImpl.java:425)
	at org.apache.cxf.endpoint.ClientImpl.invoke(ClientImpl.java:326)
	at org.apache.cxf.endpoint.ClientImpl.invoke(ClientImpl.java:279)
	at org.apache.cxf.frontend.ClientProxy.invokeSync(ClientProxy.java:96)
	at org.apache.cxf.jaxws.JaxWsClientProxy.invoke(JaxWsClientProxy.java:138)
	... 9 more
Caused by: java.net.ConnectException: Connection timed out: connect
	at java.net.DualStackPlainSocketImpl.waitForConnect(Native Method)
	at java.net.DualStackPlainSocketImpl.socketConnect(Unknown Source)
	at java.net.AbstractPlainSocketImpl.doConnect(Unknown Source)
	at java.net.AbstractPlainSocketImpl.connectToAddress(Unknown Source)
	at java.net.AbstractPlainSocketImpl.connect(Unknown Source)
	at java.net.PlainSocketImpl.connect(Unknown Source)
	at java.net.SocksSocketImpl.connect(Unknown Source)
	at java.net.Socket.connect(Unknown Source)
	at sun.net.NetworkClient.doConnect(Unknown Source)
	at sun.net.www.http.HttpClient.openServer(Unknown Source)
	at sun.net.www.http.HttpClient.openServer(Unknown Source)
	at sun.net.www.http.HttpClient.<init>(Unknown Source)
	at sun.net.www.http.HttpClient.New(Unknown Source)
	at sun.net.www.http.HttpClient.New(Unknown Source)
	at sun.net.www.protocol.http.HttpURLConnection.getNewHttpClient(Unknown Source)
	at sun.net.www.protocol.http.HttpURLConnection.plainConnect0(Unknown Source)
	at sun.net.www.protocol.http.HttpURLConnection.plainConnect(Unknown Source)
	at sun.net.www.protocol.http.HttpURLConnection.connect(Unknown Source)
	at sun.net.www.protocol.http.HttpURLConnection.getOutputStream0(Unknown Source)
	at sun.net.www.protocol.http.HttpURLConnection.getOutputStream(Unknown Source)
	at org.apache.cxf.transport.http.URLConnectionHTTPConduit$URLConnectionWrappedOutputStream.setupWrappedStream(URLConnectionHTTPConduit.java:183)
	at org.apache.cxf.transport.http.HTTPConduit$WrappedOutputStream.handleHeadersTrustCaching(HTTPConduit.java:1308)
	at org.apache.cxf.transport.http.HTTPConduit$WrappedOutputStream.onFirstWrite(HTTPConduit.java:1268)
	at org.apache.cxf.transport.http.URLConnectionHTTPConduit$URLConnectionWrappedOutputStream.onFirstWrite(URLConnectionHTTPConduit.java:210)
	at org.apache.cxf.io.AbstractWrappedOutputStream.write(AbstractWrappedOutputStream.java:47)
	at org.apache.cxf.io.AbstractThresholdOutputStream.write(AbstractThresholdOutputStream.java:69)
	at org.apache.cxf.transport.http.HTTPConduit$WrappedOutputStream.close(HTTPConduit.java:1321)
	... 19 more
[2019-11-19 13:28:26 537] ERROR [com.pro.profep.ap.fxmlap.impl.FXMLSecurityImpl signIFX 460] - signIFX() can't find sign cert
[2019-11-19 13:32:50 733] ERROR [com.pro.profep.ap.fxmlap.impl.FXMLValidaterImpl validate100100 255] - [20191119|15] validate100100() : 2100|日期錯誤; Invalid Datetime –Single date or Low of range clientDate : [20191119] bankDate :[20191113]
[2019-11-19 13:33:11 810] ERROR [com.pro.profep.ap.fxmlap.impl.FXMLSecurityImpl getIFXSignCert 240] - getIFXSignCert() fail. Could not send Message.
javax.xml.ws.WebServiceException: Could not send Message.
	at org.apache.cxf.jaxws.JaxWsClientProxy.invoke(JaxWsClientProxy.java:149)
	at com.sun.proxy.$Proxy60.exportSignCert(Unknown Source)
	at com.pro.profep.ap.fxmlap.impl.FXMLSecurityImpl.getIFXSignCert(FXMLSecurityImpl.java:216)
	at com.pro.profep.ap.fxmlap.impl.FXMLSecurityImpl.signIFX(FXMLSecurityImpl.java:321)
	at com.pro.profep.ap.fxmlap.impl.BaseFxmlApProcessorImpl.signIFX(BaseFxmlApProcessorImpl.java:302)
	at com.pro.profep.ap.processor.fxmlap.P100100Req.send100110(P100100Req.java:723)
	at com.pro.profep.ap.processor.fxmlap.P100100Req.processInComingMsg(P100100Req.java:325)
	at com.pro.profep.ap.fxmlap.impl.BaseFxmlApProcessorImpl.process(BaseFxmlApProcessorImpl.java:1653)
	at com.pro.profep.ap.common.impl.BaseApProcessorImpl.mainProcess(BaseApProcessorImpl.java:34)
	at com.pro.profep.ap.fxmlap.impl.FxmlApDispatcher.run(FxmlApDispatcher.java:116)
Caused by: java.net.ConnectException: ConnectException invoking http://172.61.21.4:9080/prova-ws/services/BasicCryptoSrv: Connection timed out: connect
	at sun.reflect.NativeConstructorAccessorImpl.newInstance0(Native Method)
	at sun.reflect.NativeConstructorAccessorImpl.newInstance(Unknown Source)
	at sun.reflect.DelegatingConstructorAccessorImpl.newInstance(Unknown Source)
	at java.lang.reflect.Constructor.newInstance(Unknown Source)
	at org.apache.cxf.transport.http.HTTPConduit$WrappedOutputStream.mapException(HTTPConduit.java:1365)
	at org.apache.cxf.transport.http.HTTPConduit$WrappedOutputStream.close(HTTPConduit.java:1349)
	at org.apache.cxf.transport.AbstractConduit.close(AbstractConduit.java:56)
	at org.apache.cxf.transport.http.HTTPConduit.close(HTTPConduit.java:652)
	at org.apache.cxf.interceptor.MessageSenderInterceptor$MessageSenderEndingInterceptor.handleMessage(MessageSenderInterceptor.java:62)
	at org.apache.cxf.phase.PhaseInterceptorChain.doIntercept(PhaseInterceptorChain.java:307)
	at org.apache.cxf.endpoint.ClientImpl.doInvoke(ClientImpl.java:516)
	at org.apache.cxf.endpoint.ClientImpl.invoke(ClientImpl.java:425)
	at org.apache.cxf.endpoint.ClientImpl.invoke(ClientImpl.java:326)
	at org.apache.cxf.endpoint.ClientImpl.invoke(ClientImpl.java:279)
	at org.apache.cxf.frontend.ClientProxy.invokeSync(ClientProxy.java:96)
	at org.apache.cxf.jaxws.JaxWsClientProxy.invoke(JaxWsClientProxy.java:138)
	... 9 more
Caused by: java.net.ConnectException: Connection timed out: connect
	at java.net.DualStackPlainSocketImpl.waitForConnect(Native Method)
	at java.net.DualStackPlainSocketImpl.socketConnect(Unknown Source)
	at java.net.AbstractPlainSocketImpl.doConnect(Unknown Source)
	at java.net.AbstractPlainSocketImpl.connectToAddress(Unknown Source)
	at java.net.AbstractPlainSocketImpl.connect(Unknown Source)
	at java.net.PlainSocketImpl.connect(Unknown Source)
	at java.net.SocksSocketImpl.connect(Unknown Source)
	at java.net.Socket.connect(Unknown Source)
	at sun.net.NetworkClient.doConnect(Unknown Source)
	at sun.net.www.http.HttpClient.openServer(Unknown Source)
	at sun.net.www.http.HttpClient.openServer(Unknown Source)
	at sun.net.www.http.HttpClient.<init>(Unknown Source)
	at sun.net.www.http.HttpClient.New(Unknown Source)
	at sun.net.www.http.HttpClient.New(Unknown Source)
	at sun.net.www.protocol.http.HttpURLConnection.getNewHttpClient(Unknown Source)
	at sun.net.www.protocol.http.HttpURLConnection.plainConnect0(Unknown Source)
	at sun.net.www.protocol.http.HttpURLConnection.plainConnect(Unknown Source)
	at sun.net.www.protocol.http.HttpURLConnection.connect(Unknown Source)
	at sun.net.www.protocol.http.HttpURLConnection.getOutputStream0(Unknown Source)
	at sun.net.www.protocol.http.HttpURLConnection.getOutputStream(Unknown Source)
	at org.apache.cxf.transport.http.URLConnectionHTTPConduit$URLConnectionWrappedOutputStream.setupWrappedStream(URLConnectionHTTPConduit.java:183)
	at org.apache.cxf.transport.http.HTTPConduit$WrappedOutputStream.handleHeadersTrustCaching(HTTPConduit.java:1308)
	at org.apache.cxf.transport.http.HTTPConduit$WrappedOutputStream.onFirstWrite(HTTPConduit.java:1268)
	at org.apache.cxf.transport.http.URLConnectionHTTPConduit$URLConnectionWrappedOutputStream.onFirstWrite(URLConnectionHTTPConduit.java:210)
	at org.apache.cxf.io.AbstractWrappedOutputStream.write(AbstractWrappedOutputStream.java:47)
	at org.apache.cxf.io.AbstractThresholdOutputStream.write(AbstractThresholdOutputStream.java:69)
	at org.apache.cxf.transport.http.HTTPConduit$WrappedOutputStream.close(HTTPConduit.java:1321)
	... 19 more
[2019-11-19 13:33:11 810] ERROR [com.pro.profep.ap.fxmlap.impl.FXMLSecurityImpl signIFX 460] - signIFX() can't find sign cert
[2019-11-19 13:33:51 739] ERROR [com.pro.profep.ap.fxmlap.impl.FXMLSecurityImpl getIFXSignCert 240] - getIFXSignCert() fail. Could not send Message.
javax.xml.ws.WebServiceException: Could not send Message.
	at org.apache.cxf.jaxws.JaxWsClientProxy.invoke(JaxWsClientProxy.java:149)
	at com.sun.proxy.$Proxy60.exportSignCert(Unknown Source)
	at com.pro.profep.ap.fxmlap.impl.FXMLSecurityImpl.getIFXSignCert(FXMLSecurityImpl.java:216)
	at com.pro.profep.ap.fxmlap.impl.FXMLSecurityImpl.signIFX(FXMLSecurityImpl.java:321)
	at com.pro.profep.ap.fxmlap.impl.BaseFxmlApProcessorImpl.signIFX(BaseFxmlApProcessorImpl.java:302)
	at com.pro.profep.ap.processor.fxmlap.P100100Req.send100110(P100100Req.java:723)
	at com.pro.profep.ap.processor.fxmlap.P100100Req.processInComingMsg(P100100Req.java:606)
	at com.pro.profep.ap.fxmlap.impl.BaseFxmlApProcessorImpl.process(BaseFxmlApProcessorImpl.java:1653)
	at com.pro.profep.ap.common.impl.BaseApProcessorImpl.mainProcess(BaseApProcessorImpl.java:34)
	at com.pro.profep.ap.fxmlap.impl.FxmlApDispatcher.run(FxmlApDispatcher.java:116)
Caused by: java.net.ConnectException: ConnectException invoking http://172.61.21.4:9080/prova-ws/services/BasicCryptoSrv: Connection timed out: connect
	at sun.reflect.NativeConstructorAccessorImpl.newInstance0(Native Method)
	at sun.reflect.NativeConstructorAccessorImpl.newInstance(Unknown Source)
	at sun.reflect.DelegatingConstructorAccessorImpl.newInstance(Unknown Source)
	at java.lang.reflect.Constructor.newInstance(Unknown Source)
	at org.apache.cxf.transport.http.HTTPConduit$WrappedOutputStream.mapException(HTTPConduit.java:1365)
	at org.apache.cxf.transport.http.HTTPConduit$WrappedOutputStream.close(HTTPConduit.java:1349)
	at org.apache.cxf.transport.AbstractConduit.close(AbstractConduit.java:56)
	at org.apache.cxf.transport.http.HTTPConduit.close(HTTPConduit.java:652)
	at org.apache.cxf.interceptor.MessageSenderInterceptor$MessageSenderEndingInterceptor.handleMessage(MessageSenderInterceptor.java:62)
	at org.apache.cxf.phase.PhaseInterceptorChain.doIntercept(PhaseInterceptorChain.java:307)
	at org.apache.cxf.endpoint.ClientImpl.doInvoke(ClientImpl.java:516)
	at org.apache.cxf.endpoint.ClientImpl.invoke(ClientImpl.java:425)
	at org.apache.cxf.endpoint.ClientImpl.invoke(ClientImpl.java:326)
	at org.apache.cxf.endpoint.ClientImpl.invoke(ClientImpl.java:279)
	at org.apache.cxf.frontend.ClientProxy.invokeSync(ClientProxy.java:96)
	at org.apache.cxf.jaxws.JaxWsClientProxy.invoke(JaxWsClientProxy.java:138)
	... 9 more
Caused by: java.net.ConnectException: Connection timed out: connect
	at java.net.DualStackPlainSocketImpl.waitForConnect(Native Method)
	at java.net.DualStackPlainSocketImpl.socketConnect(Unknown Source)
	at java.net.AbstractPlainSocketImpl.doConnect(Unknown Source)
	at java.net.AbstractPlainSocketImpl.connectToAddress(Unknown Source)
	at java.net.AbstractPlainSocketImpl.connect(Unknown Source)
	at java.net.PlainSocketImpl.connect(Unknown Source)
	at java.net.SocksSocketImpl.connect(Unknown Source)
	at java.net.Socket.connect(Unknown Source)
	at sun.net.NetworkClient.doConnect(Unknown Source)
	at sun.net.www.http.HttpClient.openServer(Unknown Source)
	at sun.net.www.http.HttpClient.openServer(Unknown Source)
	at sun.net.www.http.HttpClient.<init>(Unknown Source)
	at sun.net.www.http.HttpClient.New(Unknown Source)
	at sun.net.www.http.HttpClient.New(Unknown Source)
	at sun.net.www.protocol.http.HttpURLConnection.getNewHttpClient(Unknown Source)
	at sun.net.www.protocol.http.HttpURLConnection.plainConnect0(Unknown Source)
	at sun.net.www.protocol.http.HttpURLConnection.plainConnect(Unknown Source)
	at sun.net.www.protocol.http.HttpURLConnection.connect(Unknown Source)
	at sun.net.www.protocol.http.HttpURLConnection.getOutputStream0(Unknown Source)
	at sun.net.www.protocol.http.HttpURLConnection.getOutputStream(Unknown Source)
	at org.apache.cxf.transport.http.URLConnectionHTTPConduit$URLConnectionWrappedOutputStream.setupWrappedStream(URLConnectionHTTPConduit.java:183)
	at org.apache.cxf.transport.http.HTTPConduit$WrappedOutputStream.handleHeadersTrustCaching(HTTPConduit.java:1308)
	at org.apache.cxf.transport.http.HTTPConduit$WrappedOutputStream.onFirstWrite(HTTPConduit.java:1268)
	at org.apache.cxf.transport.http.URLConnectionHTTPConduit$URLConnectionWrappedOutputStream.onFirstWrite(URLConnectionHTTPConduit.java:210)
	at org.apache.cxf.io.AbstractWrappedOutputStream.write(AbstractWrappedOutputStream.java:47)
	at org.apache.cxf.io.AbstractThresholdOutputStream.write(AbstractThresholdOutputStream.java:69)
	at org.apache.cxf.transport.http.HTTPConduit$WrappedOutputStream.close(HTTPConduit.java:1321)
	... 19 more
[2019-11-19 13:33:51 740] ERROR [com.pro.profep.ap.fxmlap.impl.FXMLSecurityImpl signIFX 460] - signIFX() can't find sign cert
[2019-11-19 13:34:28 735] ERROR [com.pro.profep.ap.fxmlap.impl.FXMLSecurityImpl getIFXSignCert 240] - getIFXSignCert() fail. Could not send Message.
javax.xml.ws.WebServiceException: Could not send Message.
	at org.apache.cxf.jaxws.JaxWsClientProxy.invoke(JaxWsClientProxy.java:149)
	at com.sun.proxy.$Proxy60.exportSignCert(Unknown Source)
	at com.pro.profep.ap.fxmlap.impl.FXMLSecurityImpl.getIFXSignCert(FXMLSecurityImpl.java:216)
	at com.pro.profep.ap.fxmlap.impl.FXMLSecurityImpl.signIFX(FXMLSecurityImpl.java:321)
	at com.pro.profep.ap.fxmlap.impl.BaseFxmlApProcessorImpl.signIFX(BaseFxmlApProcessorImpl.java:302)
	at com.pro.profep.ap.processor.fxmlap.P100100Req.send100110(P100100Req.java:723)
	at com.pro.profep.ap.processor.fxmlap.P100100Req.processInComingMsg(P100100Req.java:606)
	at com.pro.profep.ap.fxmlap.impl.BaseFxmlApProcessorImpl.process(BaseFxmlApProcessorImpl.java:1653)
	at com.pro.profep.ap.common.impl.BaseApProcessorImpl.mainProcess(BaseApProcessorImpl.java:34)
	at com.pro.profep.ap.fxmlap.impl.FxmlApDispatcher.run(FxmlApDispatcher.java:116)
Caused by: java.net.ConnectException: ConnectException invoking http://172.61.21.4:9080/prova-ws/services/BasicCryptoSrv: Connection timed out: connect
	at sun.reflect.NativeConstructorAccessorImpl.newInstance0(Native Method)
	at sun.reflect.NativeConstructorAccessorImpl.newInstance(Unknown Source)
	at sun.reflect.DelegatingConstructorAccessorImpl.newInstance(Unknown Source)
	at java.lang.reflect.Constructor.newInstance(Unknown Source)
	at org.apache.cxf.transport.http.HTTPConduit$WrappedOutputStream.mapException(HTTPConduit.java:1365)
	at org.apache.cxf.transport.http.HTTPConduit$WrappedOutputStream.close(HTTPConduit.java:1349)
	at org.apache.cxf.transport.AbstractConduit.close(AbstractConduit.java:56)
	at org.apache.cxf.transport.http.HTTPConduit.close(HTTPConduit.java:652)
	at org.apache.cxf.interceptor.MessageSenderInterceptor$MessageSenderEndingInterceptor.handleMessage(MessageSenderInterceptor.java:62)
	at org.apache.cxf.phase.PhaseInterceptorChain.doIntercept(PhaseInterceptorChain.java:307)
	at org.apache.cxf.endpoint.ClientImpl.doInvoke(ClientImpl.java:516)
	at org.apache.cxf.endpoint.ClientImpl.invoke(ClientImpl.java:425)
	at org.apache.cxf.endpoint.ClientImpl.invoke(ClientImpl.java:326)
	at org.apache.cxf.endpoint.ClientImpl.invoke(ClientImpl.java:279)
	at org.apache.cxf.frontend.ClientProxy.invokeSync(ClientProxy.java:96)
	at org.apache.cxf.jaxws.JaxWsClientProxy.invoke(JaxWsClientProxy.java:138)
	... 9 more
Caused by: java.net.ConnectException: Connection timed out: connect
	at java.net.DualStackPlainSocketImpl.waitForConnect(Native Method)
	at java.net.DualStackPlainSocketImpl.socketConnect(Unknown Source)
	at java.net.AbstractPlainSocketImpl.doConnect(Unknown Source)
	at java.net.AbstractPlainSocketImpl.connectToAddress(Unknown Source)
	at java.net.AbstractPlainSocketImpl.connect(Unknown Source)
	at java.net.PlainSocketImpl.connect(Unknown Source)
	at java.net.SocksSocketImpl.connect(Unknown Source)
	at java.net.Socket.connect(Unknown Source)
	at sun.net.NetworkClient.doConnect(Unknown Source)
	at sun.net.www.http.HttpClient.openServer(Unknown Source)
	at sun.net.www.http.HttpClient.openServer(Unknown Source)
	at sun.net.www.http.HttpClient.<init>(Unknown Source)
	at sun.net.www.http.HttpClient.New(Unknown Source)
	at sun.net.www.http.HttpClient.New(Unknown Source)
	at sun.net.www.protocol.http.HttpURLConnection.getNewHttpClient(Unknown Source)
	at sun.net.www.protocol.http.HttpURLConnection.plainConnect0(Unknown Source)
	at sun.net.www.protocol.http.HttpURLConnection.plainConnect(Unknown Source)
	at sun.net.www.protocol.http.HttpURLConnection.connect(Unknown Source)
	at sun.net.www.protocol.http.HttpURLConnection.getOutputStream0(Unknown Source)
	at sun.net.www.protocol.http.HttpURLConnection.getOutputStream(Unknown Source)
	at org.apache.cxf.transport.http.URLConnectionHTTPConduit$URLConnectionWrappedOutputStream.setupWrappedStream(URLConnectionHTTPConduit.java:183)
	at org.apache.cxf.transport.http.HTTPConduit$WrappedOutputStream.handleHeadersTrustCaching(HTTPConduit.java:1308)
	at org.apache.cxf.transport.http.HTTPConduit$WrappedOutputStream.onFirstWrite(HTTPConduit.java:1268)
	at org.apache.cxf.transport.http.URLConnectionHTTPConduit$URLConnectionWrappedOutputStream.onFirstWrite(URLConnectionHTTPConduit.java:210)
	at org.apache.cxf.io.AbstractWrappedOutputStream.write(AbstractWrappedOutputStream.java:47)
	at org.apache.cxf.io.AbstractThresholdOutputStream.write(AbstractThresholdOutputStream.java:69)
	at org.apache.cxf.transport.http.HTTPConduit$WrappedOutputStream.close(HTTPConduit.java:1321)
	... 19 more
[2019-11-19 13:34:28 739] ERROR [com.pro.profep.ap.fxmlap.impl.FXMLSecurityImpl signIFX 460] - signIFX() can't find sign cert
[2019-11-19 13:34:48 572] ERROR [com.pro.profep.dbservice.impl.IfxDBFacadeImpl error 92] - storePmtaddrq() fail :   
--- The error occurred in com/provision/proeps/ibatis/maps/ifx/paysvcrq_ctl_SqlMap.xml.  
--- The error occurred while applying a parameter map.  
--- Check the paysvcrq_ctl.ibatorgenerated_insert-InlineParameterMap.  
--- Check the statement (update failed).  
--- Cause: org.postgresql.util.PSQLException: ERROR: value too long for type character varying(3)
com.ibatis.common.jdbc.exception.NestedSQLException:   
--- The error occurred in com/provision/proeps/ibatis/maps/ifx/paysvcrq_ctl_SqlMap.xml.  
--- The error occurred while applying a parameter map.  
--- Check the paysvcrq_ctl.ibatorgenerated_insert-InlineParameterMap.  
--- Check the statement (update failed).  
--- Cause: org.postgresql.util.PSQLException: ERROR: value too long for type character varying(3)
	at com.ibatis.sqlmap.engine.mapping.statement.MappedStatement.executeUpdate(MappedStatement.java:107)
	at com.ibatis.sqlmap.engine.impl.SqlMapExecutorDelegate.insert(SqlMapExecutorDelegate.java:393)
	at com.ibatis.sqlmap.engine.impl.SqlMapSessionImpl.insert(SqlMapSessionImpl.java:82)
	at com.ibatis.sqlmap.engine.impl.SqlMapClientImpl.insert(SqlMapClientImpl.java:58)
	at com.provision.proeps.ibatis.dao.ifx.PaysvcrqCtlDAOImpl.insert(PaysvcrqCtlDAOImpl.java:70)
	at com.pro.profep.dbservice.impl.IfxDBFacadeImpl.storePmtaddrq(IfxDBFacadeImpl.java:308)
	at com.pro.profep.ap.fxmlap.impl.BaseFxmlApProcessorImpl.storePmtAddRq(BaseFxmlApProcessorImpl.java:744)
	at com.pro.profep.ap.processor.fxmlap.P100100Req.store100100(P100100Req.java:628)
	at com.pro.profep.ap.processor.fxmlap.P100100Req.processInComingMsg(P100100Req.java:185)
	at com.pro.profep.ap.fxmlap.impl.BaseFxmlApProcessorImpl.process(BaseFxmlApProcessorImpl.java:1653)
	at com.pro.profep.ap.common.impl.BaseApProcessorImpl.mainProcess(BaseApProcessorImpl.java:34)
	at com.pro.profep.ap.fxmlap.impl.FxmlApDispatcher.run(FxmlApDispatcher.java:116)
Caused by: org.postgresql.util.PSQLException: ERROR: value too long for type character varying(3)
	at org.postgresql.core.v3.QueryExecutorImpl.receiveErrorResponse(QueryExecutorImpl.java:2101)
	at org.postgresql.core.v3.QueryExecutorImpl.processResults(QueryExecutorImpl.java:1834)
	at org.postgresql.core.v3.QueryExecutorImpl.execute(QueryExecutorImpl.java:255)
	at org.postgresql.jdbc2.AbstractJdbc2Statement.execute(AbstractJdbc2Statement.java:510)
	at org.postgresql.jdbc2.AbstractJdbc2Statement.executeWithFlags(AbstractJdbc2Statement.java:386)
	at org.postgresql.jdbc2.AbstractJdbc2Statement.execute(AbstractJdbc2Statement.java:379)
	at org.apache.commons.dbcp.DelegatingPreparedStatement.execute(DelegatingPreparedStatement.java:172)
	at org.apache.commons.dbcp.DelegatingPreparedStatement.execute(DelegatingPreparedStatement.java:172)
	at org.apache.commons.dbcp.DelegatingPreparedStatement.execute(DelegatingPreparedStatement.java:172)
	at com.ibatis.sqlmap.engine.execution.SqlExecutor.executeUpdate(SqlExecutor.java:80)
	at com.ibatis.sqlmap.engine.mapping.statement.MappedStatement.sqlExecuteUpdate(MappedStatement.java:216)
	at com.ibatis.sqlmap.engine.mapping.statement.MappedStatement.executeUpdate(MappedStatement.java:94)
	... 11 more
[2019-11-19 13:34:48 573] ERROR [com.pro.profep.ap.fxmlap.impl.BaseFxmlApProcessorImpl error 92] - storePmtAddRq() fail :   
--- The error occurred in com/provision/proeps/ibatis/maps/ifx/paysvcrq_ctl_SqlMap.xml.  
--- The error occurred while applying a parameter map.  
--- Check the paysvcrq_ctl.ibatorgenerated_insert-InlineParameterMap.  
--- Check the statement (update failed).  
--- Cause: org.postgresql.util.PSQLException: ERROR: value too long for type character varying(3)
com.ibatis.common.jdbc.exception.NestedSQLException:   
--- The error occurred in com/provision/proeps/ibatis/maps/ifx/paysvcrq_ctl_SqlMap.xml.  
--- The error occurred while applying a parameter map.  
--- Check the paysvcrq_ctl.ibatorgenerated_insert-InlineParameterMap.  
--- Check the statement (update failed).  
--- Cause: org.postgresql.util.PSQLException: ERROR: value too long for type character varying(3)
	at com.ibatis.sqlmap.engine.mapping.statement.MappedStatement.executeUpdate(MappedStatement.java:107)
	at com.ibatis.sqlmap.engine.impl.SqlMapExecutorDelegate.insert(SqlMapExecutorDelegate.java:393)
	at com.ibatis.sqlmap.engine.impl.SqlMapSessionImpl.insert(SqlMapSessionImpl.java:82)
	at com.ibatis.sqlmap.engine.impl.SqlMapClientImpl.insert(SqlMapClientImpl.java:58)
	at com.provision.proeps.ibatis.dao.ifx.PaysvcrqCtlDAOImpl.insert(PaysvcrqCtlDAOImpl.java:70)
	at com.pro.profep.dbservice.impl.IfxDBFacadeImpl.storePmtaddrq(IfxDBFacadeImpl.java:308)
	at com.pro.profep.ap.fxmlap.impl.BaseFxmlApProcessorImpl.storePmtAddRq(BaseFxmlApProcessorImpl.java:744)
	at com.pro.profep.ap.processor.fxmlap.P100100Req.store100100(P100100Req.java:628)
	at com.pro.profep.ap.processor.fxmlap.P100100Req.processInComingMsg(P100100Req.java:185)
	at com.pro.profep.ap.fxmlap.impl.BaseFxmlApProcessorImpl.process(BaseFxmlApProcessorImpl.java:1653)
	at com.pro.profep.ap.common.impl.BaseApProcessorImpl.mainProcess(BaseApProcessorImpl.java:34)
	at com.pro.profep.ap.fxmlap.impl.FxmlApDispatcher.run(FxmlApDispatcher.java:116)
Caused by: org.postgresql.util.PSQLException: ERROR: value too long for type character varying(3)
	at org.postgresql.core.v3.QueryExecutorImpl.receiveErrorResponse(QueryExecutorImpl.java:2101)
	at org.postgresql.core.v3.QueryExecutorImpl.processResults(QueryExecutorImpl.java:1834)
	at org.postgresql.core.v3.QueryExecutorImpl.execute(QueryExecutorImpl.java:255)
	at org.postgresql.jdbc2.AbstractJdbc2Statement.execute(AbstractJdbc2Statement.java:510)
	at org.postgresql.jdbc2.AbstractJdbc2Statement.executeWithFlags(AbstractJdbc2Statement.java:386)
	at org.postgresql.jdbc2.AbstractJdbc2Statement.execute(AbstractJdbc2Statement.java:379)
	at org.apache.commons.dbcp.DelegatingPreparedStatement.execute(DelegatingPreparedStatement.java:172)
	at org.apache.commons.dbcp.DelegatingPreparedStatement.execute(DelegatingPreparedStatement.java:172)
	at org.apache.commons.dbcp.DelegatingPreparedStatement.execute(DelegatingPreparedStatement.java:172)
	at com.ibatis.sqlmap.engine.execution.SqlExecutor.executeUpdate(SqlExecutor.java:80)
	at com.ibatis.sqlmap.engine.mapping.statement.MappedStatement.sqlExecuteUpdate(MappedStatement.java:216)
	at com.ibatis.sqlmap.engine.mapping.statement.MappedStatement.executeUpdate(MappedStatement.java:94)
	... 11 more
[2019-11-19 13:34:48 583] ERROR [com.pro.profep.ap.fxmlap.impl.FXMLValidaterImpl validate100100 349] - [20191119|21] validate100100() : 310|往來銀行未參加本項業務 payeeBank : [6666]
[2019-11-19 13:35:09 628] ERROR [com.pro.profep.ap.fxmlap.impl.FXMLSecurityImpl getIFXSignCert 240] - getIFXSignCert() fail. Could not send Message.
javax.xml.ws.WebServiceException: Could not send Message.
	at org.apache.cxf.jaxws.JaxWsClientProxy.invoke(JaxWsClientProxy.java:149)
	at com.sun.proxy.$Proxy60.exportSignCert(Unknown Source)
	at com.pro.profep.ap.fxmlap.impl.FXMLSecurityImpl.getIFXSignCert(FXMLSecurityImpl.java:216)
	at com.pro.profep.ap.fxmlap.impl.FXMLSecurityImpl.signIFX(FXMLSecurityImpl.java:321)
	at com.pro.profep.ap.fxmlap.impl.BaseFxmlApProcessorImpl.signIFX(BaseFxmlApProcessorImpl.java:302)
	at com.pro.profep.ap.processor.fxmlap.P100100Req.send100110(P100100Req.java:723)
	at com.pro.profep.ap.processor.fxmlap.P100100Req.processInComingMsg(P100100Req.java:325)
	at com.pro.profep.ap.fxmlap.impl.BaseFxmlApProcessorImpl.process(BaseFxmlApProcessorImpl.java:1653)
	at com.pro.profep.ap.common.impl.BaseApProcessorImpl.mainProcess(BaseApProcessorImpl.java:34)
	at com.pro.profep.ap.fxmlap.impl.FxmlApDispatcher.run(FxmlApDispatcher.java:116)
Caused by: java.net.ConnectException: ConnectException invoking http://172.61.21.4:9080/prova-ws/services/BasicCryptoSrv: Connection timed out: connect
	at sun.reflect.NativeConstructorAccessorImpl.newInstance0(Native Method)
	at sun.reflect.NativeConstructorAccessorImpl.newInstance(Unknown Source)
	at sun.reflect.DelegatingConstructorAccessorImpl.newInstance(Unknown Source)
	at java.lang.reflect.Constructor.newInstance(Unknown Source)
	at org.apache.cxf.transport.http.HTTPConduit$WrappedOutputStream.mapException(HTTPConduit.java:1365)
	at org.apache.cxf.transport.http.HTTPConduit$WrappedOutputStream.close(HTTPConduit.java:1349)
	at org.apache.cxf.transport.AbstractConduit.close(AbstractConduit.java:56)
	at org.apache.cxf.transport.http.HTTPConduit.close(HTTPConduit.java:652)
	at org.apache.cxf.interceptor.MessageSenderInterceptor$MessageSenderEndingInterceptor.handleMessage(MessageSenderInterceptor.java:62)
	at org.apache.cxf.phase.PhaseInterceptorChain.doIntercept(PhaseInterceptorChain.java:307)
	at org.apache.cxf.endpoint.ClientImpl.doInvoke(ClientImpl.java:516)
	at org.apache.cxf.endpoint.ClientImpl.invoke(ClientImpl.java:425)
	at org.apache.cxf.endpoint.ClientImpl.invoke(ClientImpl.java:326)
	at org.apache.cxf.endpoint.ClientImpl.invoke(ClientImpl.java:279)
	at org.apache.cxf.frontend.ClientProxy.invokeSync(ClientProxy.java:96)
	at org.apache.cxf.jaxws.JaxWsClientProxy.invoke(JaxWsClientProxy.java:138)
	... 9 more
Caused by: java.net.ConnectException: Connection timed out: connect
	at java.net.DualStackPlainSocketImpl.waitForConnect(Native Method)
	at java.net.DualStackPlainSocketImpl.socketConnect(Unknown Source)
	at java.net.AbstractPlainSocketImpl.doConnect(Unknown Source)
	at java.net.AbstractPlainSocketImpl.connectToAddress(Unknown Source)
	at java.net.AbstractPlainSocketImpl.connect(Unknown Source)
	at java.net.PlainSocketImpl.connect(Unknown Source)
	at java.net.SocksSocketImpl.connect(Unknown Source)
	at java.net.Socket.connect(Unknown Source)
	at sun.net.NetworkClient.doConnect(Unknown Source)
	at sun.net.www.http.HttpClient.openServer(Unknown Source)
	at sun.net.www.http.HttpClient.openServer(Unknown Source)
	at sun.net.www.http.HttpClient.<init>(Unknown Source)
	at sun.net.www.http.HttpClient.New(Unknown Source)
	at sun.net.www.http.HttpClient.New(Unknown Source)
	at sun.net.www.protocol.http.HttpURLConnection.getNewHttpClient(Unknown Source)
	at sun.net.www.protocol.http.HttpURLConnection.plainConnect0(Unknown Source)
	at sun.net.www.protocol.http.HttpURLConnection.plainConnect(Unknown Source)
	at sun.net.www.protocol.http.HttpURLConnection.connect(Unknown Source)
	at sun.net.www.protocol.http.HttpURLConnection.getOutputStream0(Unknown Source)
	at sun.net.www.protocol.http.HttpURLConnection.getOutputStream(Unknown Source)
	at org.apache.cxf.transport.http.URLConnectionHTTPConduit$URLConnectionWrappedOutputStream.setupWrappedStream(URLConnectionHTTPConduit.java:183)
	at org.apache.cxf.transport.http.HTTPConduit$WrappedOutputStream.handleHeadersTrustCaching(HTTPConduit.java:1308)
	at org.apache.cxf.transport.http.HTTPConduit$WrappedOutputStream.onFirstWrite(HTTPConduit.java:1268)
	at org.apache.cxf.transport.http.URLConnectionHTTPConduit$URLConnectionWrappedOutputStream.onFirstWrite(URLConnectionHTTPConduit.java:210)
	at org.apache.cxf.io.AbstractWrappedOutputStream.write(AbstractWrappedOutputStream.java:47)
	at org.apache.cxf.io.AbstractThresholdOutputStream.write(AbstractThresholdOutputStream.java:69)
	at org.apache.cxf.transport.http.HTTPConduit$WrappedOutputStream.close(HTTPConduit.java:1321)
	... 19 more
[2019-11-19 13:35:09 629] ERROR [com.pro.profep.ap.fxmlap.impl.FXMLSecurityImpl signIFX 460] - signIFX() can't find sign cert
[2019-11-19 13:35:09 645] ERROR [com.pro.profep.dbservice.impl.IfxDBFacadeImpl error 92] - storePmtaddrs() fail :   
--- The error occurred in com/provision/proeps/ibatis/maps/ifx/pmtaddrs_ctl_SqlMap.xml.  
--- The error occurred while applying a parameter map.  
--- Check the pmtaddrs_ctl.ibatorgenerated_insert-InlineParameterMap.  
--- Check the statement (update failed).  
--- Cause: org.postgresql.util.PSQLException: ERROR: value too long for type character varying(3)
com.ibatis.common.jdbc.exception.NestedSQLException:   
--- The error occurred in com/provision/proeps/ibatis/maps/ifx/pmtaddrs_ctl_SqlMap.xml.  
--- The error occurred while applying a parameter map.  
--- Check the pmtaddrs_ctl.ibatorgenerated_insert-InlineParameterMap.  
--- Check the statement (update failed).  
--- Cause: org.postgresql.util.PSQLException: ERROR: value too long for type character varying(3)
	at com.ibatis.sqlmap.engine.mapping.statement.MappedStatement.executeUpdate(MappedStatement.java:107)
	at com.ibatis.sqlmap.engine.impl.SqlMapExecutorDelegate.insert(SqlMapExecutorDelegate.java:393)
	at com.ibatis.sqlmap.engine.impl.SqlMapSessionImpl.insert(SqlMapSessionImpl.java:82)
	at com.ibatis.sqlmap.engine.impl.SqlMapClientImpl.insert(SqlMapClientImpl.java:58)
	at com.provision.proeps.ibatis.dao.ifx.PmtaddrsCtlDAOImpl.insert(PmtaddrsCtlDAOImpl.java:70)
	at com.pro.profep.dbservice.impl.IfxDBFacadeImpl.storePmtaddrs(IfxDBFacadeImpl.java:390)
	at com.pro.profep.ap.fxmlap.impl.BaseFxmlApProcessorImpl.storePmtAddRs(BaseFxmlApProcessorImpl.java:1102)
	at com.pro.profep.ap.processor.fxmlap.P100100Req.store100110(P100100Req.java:672)
	at com.pro.profep.ap.processor.fxmlap.P100100Req.send100110(P100100Req.java:730)
	at com.pro.profep.ap.processor.fxmlap.P100100Req.processInComingMsg(P100100Req.java:325)
	at com.pro.profep.ap.fxmlap.impl.BaseFxmlApProcessorImpl.process(BaseFxmlApProcessorImpl.java:1653)
	at com.pro.profep.ap.common.impl.BaseApProcessorImpl.mainProcess(BaseApProcessorImpl.java:34)
	at com.pro.profep.ap.fxmlap.impl.FxmlApDispatcher.run(FxmlApDispatcher.java:116)
Caused by: org.postgresql.util.PSQLException: ERROR: value too long for type character varying(3)
	at org.postgresql.core.v3.QueryExecutorImpl.receiveErrorResponse(QueryExecutorImpl.java:2101)
	at org.postgresql.core.v3.QueryExecutorImpl.processResults(QueryExecutorImpl.java:1834)
	at org.postgresql.core.v3.QueryExecutorImpl.execute(QueryExecutorImpl.java:255)
	at org.postgresql.jdbc2.AbstractJdbc2Statement.execute(AbstractJdbc2Statement.java:510)
	at org.postgresql.jdbc2.AbstractJdbc2Statement.executeWithFlags(AbstractJdbc2Statement.java:386)
	at org.postgresql.jdbc2.AbstractJdbc2Statement.execute(AbstractJdbc2Statement.java:379)
	at org.apache.commons.dbcp.DelegatingPreparedStatement.execute(DelegatingPreparedStatement.java:172)
	at org.apache.commons.dbcp.DelegatingPreparedStatement.execute(DelegatingPreparedStatement.java:172)
	at org.apache.commons.dbcp.DelegatingPreparedStatement.execute(DelegatingPreparedStatement.java:172)
	at com.ibatis.sqlmap.engine.execution.SqlExecutor.executeUpdate(SqlExecutor.java:80)
	at com.ibatis.sqlmap.engine.mapping.statement.MappedStatement.sqlExecuteUpdate(MappedStatement.java:216)
	at com.ibatis.sqlmap.engine.mapping.statement.MappedStatement.executeUpdate(MappedStatement.java:94)
	... 12 more
[2019-11-19 13:35:09 646] ERROR [com.pro.profep.ap.fxmlap.impl.BaseFxmlApProcessorImpl error 92] - storePmtAddRs() fail :   
--- The error occurred in com/provision/proeps/ibatis/maps/ifx/pmtaddrs_ctl_SqlMap.xml.  
--- The error occurred while applying a parameter map.  
--- Check the pmtaddrs_ctl.ibatorgenerated_insert-InlineParameterMap.  
--- Check the statement (update failed).  
--- Cause: org.postgresql.util.PSQLException: ERROR: value too long for type character varying(3)
com.ibatis.common.jdbc.exception.NestedSQLException:   
--- The error occurred in com/provision/proeps/ibatis/maps/ifx/pmtaddrs_ctl_SqlMap.xml.  
--- The error occurred while applying a parameter map.  
--- Check the pmtaddrs_ctl.ibatorgenerated_insert-InlineParameterMap.  
--- Check the statement (update failed).  
--- Cause: org.postgresql.util.PSQLException: ERROR: value too long for type character varying(3)
	at com.ibatis.sqlmap.engine.mapping.statement.MappedStatement.executeUpdate(MappedStatement.java:107)
	at com.ibatis.sqlmap.engine.impl.SqlMapExecutorDelegate.insert(SqlMapExecutorDelegate.java:393)
	at com.ibatis.sqlmap.engine.impl.SqlMapSessionImpl.insert(SqlMapSessionImpl.java:82)
	at com.ibatis.sqlmap.engine.impl.SqlMapClientImpl.insert(SqlMapClientImpl.java:58)
	at com.provision.proeps.ibatis.dao.ifx.PmtaddrsCtlDAOImpl.insert(PmtaddrsCtlDAOImpl.java:70)
	at com.pro.profep.dbservice.impl.IfxDBFacadeImpl.storePmtaddrs(IfxDBFacadeImpl.java:390)
	at com.pro.profep.ap.fxmlap.impl.BaseFxmlApProcessorImpl.storePmtAddRs(BaseFxmlApProcessorImpl.java:1102)
	at com.pro.profep.ap.processor.fxmlap.P100100Req.store100110(P100100Req.java:672)
	at com.pro.profep.ap.processor.fxmlap.P100100Req.send100110(P100100Req.java:730)
	at com.pro.profep.ap.processor.fxmlap.P100100Req.processInComingMsg(P100100Req.java:325)
	at com.pro.profep.ap.fxmlap.impl.BaseFxmlApProcessorImpl.process(BaseFxmlApProcessorImpl.java:1653)
	at com.pro.profep.ap.common.impl.BaseApProcessorImpl.mainProcess(BaseApProcessorImpl.java:34)
	at com.pro.profep.ap.fxmlap.impl.FxmlApDispatcher.run(FxmlApDispatcher.java:116)
Caused by: org.postgresql.util.PSQLException: ERROR: value too long for type character varying(3)
	at org.postgresql.core.v3.QueryExecutorImpl.receiveErrorResponse(QueryExecutorImpl.java:2101)
	at org.postgresql.core.v3.QueryExecutorImpl.processResults(QueryExecutorImpl.java:1834)
	at org.postgresql.core.v3.QueryExecutorImpl.execute(QueryExecutorImpl.java:255)
	at org.postgresql.jdbc2.AbstractJdbc2Statement.execute(AbstractJdbc2Statement.java:510)
	at org.postgresql.jdbc2.AbstractJdbc2Statement.executeWithFlags(AbstractJdbc2Statement.java:386)
	at org.postgresql.jdbc2.AbstractJdbc2Statement.execute(AbstractJdbc2Statement.java:379)
	at org.apache.commons.dbcp.DelegatingPreparedStatement.execute(DelegatingPreparedStatement.java:172)
	at org.apache.commons.dbcp.DelegatingPreparedStatement.execute(DelegatingPreparedStatement.java:172)
	at org.apache.commons.dbcp.DelegatingPreparedStatement.execute(DelegatingPreparedStatement.java:172)
	at com.ibatis.sqlmap.engine.execution.SqlExecutor.executeUpdate(SqlExecutor.java:80)
	at com.ibatis.sqlmap.engine.mapping.statement.MappedStatement.sqlExecuteUpdate(MappedStatement.java:216)
	at com.ibatis.sqlmap.engine.mapping.statement.MappedStatement.executeUpdate(MappedStatement.java:94)
	... 12 more
[2019-11-19 13:35:27 790] ERROR [com.pro.profep.dbservice.impl.IfxDBFacadeImpl error 92] - storePmtaddrq() fail :   
--- The error occurred in com/provision/proeps/ibatis/maps/ifx/paysvcrq_ctl_SqlMap.xml.  
--- The error occurred while applying a parameter map.  
--- Check the paysvcrq_ctl.ibatorgenerated_insert-InlineParameterMap.  
--- Check the statement (update failed).  
--- Cause: org.postgresql.util.PSQLException: ERROR: value too long for type character varying(3)
com.ibatis.common.jdbc.exception.NestedSQLException:   
--- The error occurred in com/provision/proeps/ibatis/maps/ifx/paysvcrq_ctl_SqlMap.xml.  
--- The error occurred while applying a parameter map.  
--- Check the paysvcrq_ctl.ibatorgenerated_insert-InlineParameterMap.  
--- Check the statement (update failed).  
--- Cause: org.postgresql.util.PSQLException: ERROR: value too long for type character varying(3)
	at com.ibatis.sqlmap.engine.mapping.statement.MappedStatement.executeUpdate(MappedStatement.java:107)
	at com.ibatis.sqlmap.engine.impl.SqlMapExecutorDelegate.insert(SqlMapExecutorDelegate.java:393)
	at com.ibatis.sqlmap.engine.impl.SqlMapSessionImpl.insert(SqlMapSessionImpl.java:82)
	at com.ibatis.sqlmap.engine.impl.SqlMapClientImpl.insert(SqlMapClientImpl.java:58)
	at com.provision.proeps.ibatis.dao.ifx.PaysvcrqCtlDAOImpl.insert(PaysvcrqCtlDAOImpl.java:70)
	at com.pro.profep.dbservice.impl.IfxDBFacadeImpl.storePmtaddrq(IfxDBFacadeImpl.java:308)
	at com.pro.profep.ap.fxmlap.impl.BaseFxmlApProcessorImpl.storePmtAddRq(BaseFxmlApProcessorImpl.java:744)
	at com.pro.profep.ap.processor.fxmlap.P100100Req.store100100(P100100Req.java:628)
	at com.pro.profep.ap.processor.fxmlap.P100100Req.processInComingMsg(P100100Req.java:185)
	at com.pro.profep.ap.fxmlap.impl.BaseFxmlApProcessorImpl.process(BaseFxmlApProcessorImpl.java:1653)
	at com.pro.profep.ap.common.impl.BaseApProcessorImpl.mainProcess(BaseApProcessorImpl.java:34)
	at com.pro.profep.ap.fxmlap.impl.FxmlApDispatcher.run(FxmlApDispatcher.java:116)
Caused by: org.postgresql.util.PSQLException: ERROR: value too long for type character varying(3)
	at org.postgresql.core.v3.QueryExecutorImpl.receiveErrorResponse(QueryExecutorImpl.java:2101)
	at org.postgresql.core.v3.QueryExecutorImpl.processResults(QueryExecutorImpl.java:1834)
	at org.postgresql.core.v3.QueryExecutorImpl.execute(QueryExecutorImpl.java:255)
	at org.postgresql.jdbc2.AbstractJdbc2Statement.execute(AbstractJdbc2Statement.java:510)
	at org.postgresql.jdbc2.AbstractJdbc2Statement.executeWithFlags(AbstractJdbc2Statement.java:386)
	at org.postgresql.jdbc2.AbstractJdbc2Statement.execute(AbstractJdbc2Statement.java:379)
	at org.apache.commons.dbcp.DelegatingPreparedStatement.execute(DelegatingPreparedStatement.java:172)
	at org.apache.commons.dbcp.DelegatingPreparedStatement.execute(DelegatingPreparedStatement.java:172)
	at org.apache.commons.dbcp.DelegatingPreparedStatement.execute(DelegatingPreparedStatement.java:172)
	at com.ibatis.sqlmap.engine.execution.SqlExecutor.executeUpdate(SqlExecutor.java:80)
	at com.ibatis.sqlmap.engine.mapping.statement.MappedStatement.sqlExecuteUpdate(MappedStatement.java:216)
	at com.ibatis.sqlmap.engine.mapping.statement.MappedStatement.executeUpdate(MappedStatement.java:94)
	... 11 more
[2019-11-19 13:35:27 790] ERROR [com.pro.profep.ap.fxmlap.impl.BaseFxmlApProcessorImpl error 92] - storePmtAddRq() fail :   
--- The error occurred in com/provision/proeps/ibatis/maps/ifx/paysvcrq_ctl_SqlMap.xml.  
--- The error occurred while applying a parameter map.  
--- Check the paysvcrq_ctl.ibatorgenerated_insert-InlineParameterMap.  
--- Check the statement (update failed).  
--- Cause: org.postgresql.util.PSQLException: ERROR: value too long for type character varying(3)
com.ibatis.common.jdbc.exception.NestedSQLException:   
--- The error occurred in com/provision/proeps/ibatis/maps/ifx/paysvcrq_ctl_SqlMap.xml.  
--- The error occurred while applying a parameter map.  
--- Check the paysvcrq_ctl.ibatorgenerated_insert-InlineParameterMap.  
--- Check the statement (update failed).  
--- Cause: org.postgresql.util.PSQLException: ERROR: value too long for type character varying(3)
	at com.ibatis.sqlmap.engine.mapping.statement.MappedStatement.executeUpdate(MappedStatement.java:107)
	at com.ibatis.sqlmap.engine.impl.SqlMapExecutorDelegate.insert(SqlMapExecutorDelegate.java:393)
	at com.ibatis.sqlmap.engine.impl.SqlMapSessionImpl.insert(SqlMapSessionImpl.java:82)
	at com.ibatis.sqlmap.engine.impl.SqlMapClientImpl.insert(SqlMapClientImpl.java:58)
	at com.provision.proeps.ibatis.dao.ifx.PaysvcrqCtlDAOImpl.insert(PaysvcrqCtlDAOImpl.java:70)
	at com.pro.profep.dbservice.impl.IfxDBFacadeImpl.storePmtaddrq(IfxDBFacadeImpl.java:308)
	at com.pro.profep.ap.fxmlap.impl.BaseFxmlApProcessorImpl.storePmtAddRq(BaseFxmlApProcessorImpl.java:744)
	at com.pro.profep.ap.processor.fxmlap.P100100Req.store100100(P100100Req.java:628)
	at com.pro.profep.ap.processor.fxmlap.P100100Req.processInComingMsg(P100100Req.java:185)
	at com.pro.profep.ap.fxmlap.impl.BaseFxmlApProcessorImpl.process(BaseFxmlApProcessorImpl.java:1653)
	at com.pro.profep.ap.common.impl.BaseApProcessorImpl.mainProcess(BaseApProcessorImpl.java:34)
	at com.pro.profep.ap.fxmlap.impl.FxmlApDispatcher.run(FxmlApDispatcher.java:116)
Caused by: org.postgresql.util.PSQLException: ERROR: value too long for type character varying(3)
	at org.postgresql.core.v3.QueryExecutorImpl.receiveErrorResponse(QueryExecutorImpl.java:2101)
	at org.postgresql.core.v3.QueryExecutorImpl.processResults(QueryExecutorImpl.java:1834)
	at org.postgresql.core.v3.QueryExecutorImpl.execute(QueryExecutorImpl.java:255)
	at org.postgresql.jdbc2.AbstractJdbc2Statement.execute(AbstractJdbc2Statement.java:510)
	at org.postgresql.jdbc2.AbstractJdbc2Statement.executeWithFlags(AbstractJdbc2Statement.java:386)
	at org.postgresql.jdbc2.AbstractJdbc2Statement.execute(AbstractJdbc2Statement.java:379)
	at org.apache.commons.dbcp.DelegatingPreparedStatement.execute(DelegatingPreparedStatement.java:172)
	at org.apache.commons.dbcp.DelegatingPreparedStatement.execute(DelegatingPreparedStatement.java:172)
	at org.apache.commons.dbcp.DelegatingPreparedStatement.execute(DelegatingPreparedStatement.java:172)
	at com.ibatis.sqlmap.engine.execution.SqlExecutor.executeUpdate(SqlExecutor.java:80)
	at com.ibatis.sqlmap.engine.mapping.statement.MappedStatement.sqlExecuteUpdate(MappedStatement.java:216)
	at com.ibatis.sqlmap.engine.mapping.statement.MappedStatement.executeUpdate(MappedStatement.java:94)
	... 11 more
[2019-11-19 13:35:27 797] ERROR [com.pro.profep.ap.fxmlap.impl.FXMLValidaterImpl validate100100 349] - [20191119|23] validate100100() : 310|往來銀行未參加本項業務 payeeBank : [6666]
[2019-11-19 13:35:48 857] ERROR [com.pro.profep.ap.fxmlap.impl.FXMLSecurityImpl getIFXSignCert 240] - getIFXSignCert() fail. Could not send Message.
javax.xml.ws.WebServiceException: Could not send Message.
	at org.apache.cxf.jaxws.JaxWsClientProxy.invoke(JaxWsClientProxy.java:149)
	at com.sun.proxy.$Proxy60.exportSignCert(Unknown Source)
	at com.pro.profep.ap.fxmlap.impl.FXMLSecurityImpl.getIFXSignCert(FXMLSecurityImpl.java:216)
	at com.pro.profep.ap.fxmlap.impl.FXMLSecurityImpl.signIFX(FXMLSecurityImpl.java:321)
	at com.pro.profep.ap.fxmlap.impl.BaseFxmlApProcessorImpl.signIFX(BaseFxmlApProcessorImpl.java:302)
	at com.pro.profep.ap.processor.fxmlap.P100100Req.send100110(P100100Req.java:723)
	at com.pro.profep.ap.processor.fxmlap.P100100Req.processInComingMsg(P100100Req.java:325)
	at com.pro.profep.ap.fxmlap.impl.BaseFxmlApProcessorImpl.process(BaseFxmlApProcessorImpl.java:1653)
	at com.pro.profep.ap.common.impl.BaseApProcessorImpl.mainProcess(BaseApProcessorImpl.java:34)
	at com.pro.profep.ap.fxmlap.impl.FxmlApDispatcher.run(FxmlApDispatcher.java:116)
Caused by: java.net.ConnectException: ConnectException invoking http://172.61.21.4:9080/prova-ws/services/BasicCryptoSrv: Connection timed out: connect
	at sun.reflect.NativeConstructorAccessorImpl.newInstance0(Native Method)
	at sun.reflect.NativeConstructorAccessorImpl.newInstance(Unknown Source)
	at sun.reflect.DelegatingConstructorAccessorImpl.newInstance(Unknown Source)
	at java.lang.reflect.Constructor.newInstance(Unknown Source)
	at org.apache.cxf.transport.http.HTTPConduit$WrappedOutputStream.mapException(HTTPConduit.java:1365)
	at org.apache.cxf.transport.http.HTTPConduit$WrappedOutputStream.close(HTTPConduit.java:1349)
	at org.apache.cxf.transport.AbstractConduit.close(AbstractConduit.java:56)
	at org.apache.cxf.transport.http.HTTPConduit.close(HTTPConduit.java:652)
	at org.apache.cxf.interceptor.MessageSenderInterceptor$MessageSenderEndingInterceptor.handleMessage(MessageSenderInterceptor.java:62)
	at org.apache.cxf.phase.PhaseInterceptorChain.doIntercept(PhaseInterceptorChain.java:307)
	at org.apache.cxf.endpoint.ClientImpl.doInvoke(ClientImpl.java:516)
	at org.apache.cxf.endpoint.ClientImpl.invoke(ClientImpl.java:425)
	at org.apache.cxf.endpoint.ClientImpl.invoke(ClientImpl.java:326)
	at org.apache.cxf.endpoint.ClientImpl.invoke(ClientImpl.java:279)
	at org.apache.cxf.frontend.ClientProxy.invokeSync(ClientProxy.java:96)
	at org.apache.cxf.jaxws.JaxWsClientProxy.invoke(JaxWsClientProxy.java:138)
	... 9 more
Caused by: java.net.ConnectException: Connection timed out: connect
	at java.net.DualStackPlainSocketImpl.waitForConnect(Native Method)
	at java.net.DualStackPlainSocketImpl.socketConnect(Unknown Source)
	at java.net.AbstractPlainSocketImpl.doConnect(Unknown Source)
	at java.net.AbstractPlainSocketImpl.connectToAddress(Unknown Source)
	at java.net.AbstractPlainSocketImpl.connect(Unknown Source)
	at java.net.PlainSocketImpl.connect(Unknown Source)
	at java.net.SocksSocketImpl.connect(Unknown Source)
	at java.net.Socket.connect(Unknown Source)
	at sun.net.NetworkClient.doConnect(Unknown Source)
	at sun.net.www.http.HttpClient.openServer(Unknown Source)
	at sun.net.www.http.HttpClient.openServer(Unknown Source)
	at sun.net.www.http.HttpClient.<init>(Unknown Source)
	at sun.net.www.http.HttpClient.New(Unknown Source)
	at sun.net.www.http.HttpClient.New(Unknown Source)
	at sun.net.www.protocol.http.HttpURLConnection.getNewHttpClient(Unknown Source)
	at sun.net.www.protocol.http.HttpURLConnection.plainConnect0(Unknown Source)
	at sun.net.www.protocol.http.HttpURLConnection.plainConnect(Unknown Source)
	at sun.net.www.protocol.http.HttpURLConnection.connect(Unknown Source)
	at sun.net.www.protocol.http.HttpURLConnection.getOutputStream0(Unknown Source)
	at sun.net.www.protocol.http.HttpURLConnection.getOutputStream(Unknown Source)
	at org.apache.cxf.transport.http.URLConnectionHTTPConduit$URLConnectionWrappedOutputStream.setupWrappedStream(URLConnectionHTTPConduit.java:183)
	at org.apache.cxf.transport.http.HTTPConduit$WrappedOutputStream.handleHeadersTrustCaching(HTTPConduit.java:1308)
	at org.apache.cxf.transport.http.HTTPConduit$WrappedOutputStream.onFirstWrite(HTTPConduit.java:1268)
	at org.apache.cxf.transport.http.URLConnectionHTTPConduit$URLConnectionWrappedOutputStream.onFirstWrite(URLConnectionHTTPConduit.java:210)
	at org.apache.cxf.io.AbstractWrappedOutputStream.write(AbstractWrappedOutputStream.java:47)
	at org.apache.cxf.io.AbstractThresholdOutputStream.write(AbstractThresholdOutputStream.java:69)
	at org.apache.cxf.transport.http.HTTPConduit$WrappedOutputStream.close(HTTPConduit.java:1321)
	... 19 more
[2019-11-19 13:35:48 857] ERROR [com.pro.profep.ap.fxmlap.impl.FXMLSecurityImpl signIFX 460] - signIFX() can't find sign cert
[2019-11-19 13:35:48 869] ERROR [com.pro.profep.dbservice.impl.IfxDBFacadeImpl error 92] - storePmtaddrs() fail :   
--- The error occurred in com/provision/proeps/ibatis/maps/ifx/pmtaddrs_ctl_SqlMap.xml.  
--- The error occurred while applying a parameter map.  
--- Check the pmtaddrs_ctl.ibatorgenerated_insert-InlineParameterMap.  
--- Check the statement (update failed).  
--- Cause: org.postgresql.util.PSQLException: ERROR: value too long for type character varying(3)
com.ibatis.common.jdbc.exception.NestedSQLException:   
--- The error occurred in com/provision/proeps/ibatis/maps/ifx/pmtaddrs_ctl_SqlMap.xml.  
--- The error occurred while applying a parameter map.  
--- Check the pmtaddrs_ctl.ibatorgenerated_insert-InlineParameterMap.  
--- Check the statement (update failed).  
--- Cause: org.postgresql.util.PSQLException: ERROR: value too long for type character varying(3)
	at com.ibatis.sqlmap.engine.mapping.statement.MappedStatement.executeUpdate(MappedStatement.java:107)
	at com.ibatis.sqlmap.engine.impl.SqlMapExecutorDelegate.insert(SqlMapExecutorDelegate.java:393)
	at com.ibatis.sqlmap.engine.impl.SqlMapSessionImpl.insert(SqlMapSessionImpl.java:82)
	at com.ibatis.sqlmap.engine.impl.SqlMapClientImpl.insert(SqlMapClientImpl.java:58)
	at com.provision.proeps.ibatis.dao.ifx.PmtaddrsCtlDAOImpl.insert(PmtaddrsCtlDAOImpl.java:70)
	at com.pro.profep.dbservice.impl.IfxDBFacadeImpl.storePmtaddrs(IfxDBFacadeImpl.java:390)
	at com.pro.profep.ap.fxmlap.impl.BaseFxmlApProcessorImpl.storePmtAddRs(BaseFxmlApProcessorImpl.java:1102)
	at com.pro.profep.ap.processor.fxmlap.P100100Req.store100110(P100100Req.java:672)
	at com.pro.profep.ap.processor.fxmlap.P100100Req.send100110(P100100Req.java:730)
	at com.pro.profep.ap.processor.fxmlap.P100100Req.processInComingMsg(P100100Req.java:325)
	at com.pro.profep.ap.fxmlap.impl.BaseFxmlApProcessorImpl.process(BaseFxmlApProcessorImpl.java:1653)
	at com.pro.profep.ap.common.impl.BaseApProcessorImpl.mainProcess(BaseApProcessorImpl.java:34)
	at com.pro.profep.ap.fxmlap.impl.FxmlApDispatcher.run(FxmlApDispatcher.java:116)
Caused by: org.postgresql.util.PSQLException: ERROR: value too long for type character varying(3)
	at org.postgresql.core.v3.QueryExecutorImpl.receiveErrorResponse(QueryExecutorImpl.java:2101)
	at org.postgresql.core.v3.QueryExecutorImpl.processResults(QueryExecutorImpl.java:1834)
	at org.postgresql.core.v3.QueryExecutorImpl.execute(QueryExecutorImpl.java:255)
	at org.postgresql.jdbc2.AbstractJdbc2Statement.execute(AbstractJdbc2Statement.java:510)
	at org.postgresql.jdbc2.AbstractJdbc2Statement.executeWithFlags(AbstractJdbc2Statement.java:386)
	at org.postgresql.jdbc2.AbstractJdbc2Statement.execute(AbstractJdbc2Statement.java:379)
	at org.apache.commons.dbcp.DelegatingPreparedStatement.execute(DelegatingPreparedStatement.java:172)
	at org.apache.commons.dbcp.DelegatingPreparedStatement.execute(DelegatingPreparedStatement.java:172)
	at org.apache.commons.dbcp.DelegatingPreparedStatement.execute(DelegatingPreparedStatement.java:172)
	at com.ibatis.sqlmap.engine.execution.SqlExecutor.executeUpdate(SqlExecutor.java:80)
	at com.ibatis.sqlmap.engine.mapping.statement.MappedStatement.sqlExecuteUpdate(MappedStatement.java:216)
	at com.ibatis.sqlmap.engine.mapping.statement.MappedStatement.executeUpdate(MappedStatement.java:94)
	... 12 more
[2019-11-19 13:35:48 869] ERROR [com.pro.profep.ap.fxmlap.impl.BaseFxmlApProcessorImpl error 92] - storePmtAddRs() fail :   
--- The error occurred in com/provision/proeps/ibatis/maps/ifx/pmtaddrs_ctl_SqlMap.xml.  
--- The error occurred while applying a parameter map.  
--- Check the pmtaddrs_ctl.ibatorgenerated_insert-InlineParameterMap.  
--- Check the statement (update failed).  
--- Cause: org.postgresql.util.PSQLException: ERROR: value too long for type character varying(3)
com.ibatis.common.jdbc.exception.NestedSQLException:   
--- The error occurred in com/provision/proeps/ibatis/maps/ifx/pmtaddrs_ctl_SqlMap.xml.  
--- The error occurred while applying a parameter map.  
--- Check the pmtaddrs_ctl.ibatorgenerated_insert-InlineParameterMap.  
--- Check the statement (update failed).  
--- Cause: org.postgresql.util.PSQLException: ERROR: value too long for type character varying(3)
	at com.ibatis.sqlmap.engine.mapping.statement.MappedStatement.executeUpdate(MappedStatement.java:107)
	at com.ibatis.sqlmap.engine.impl.SqlMapExecutorDelegate.insert(SqlMapExecutorDelegate.java:393)
	at com.ibatis.sqlmap.engine.impl.SqlMapSessionImpl.insert(SqlMapSessionImpl.java:82)
	at com.ibatis.sqlmap.engine.impl.SqlMapClientImpl.insert(SqlMapClientImpl.java:58)
	at com.provision.proeps.ibatis.dao.ifx.PmtaddrsCtlDAOImpl.insert(PmtaddrsCtlDAOImpl.java:70)
	at com.pro.profep.dbservice.impl.IfxDBFacadeImpl.storePmtaddrs(IfxDBFacadeImpl.java:390)
	at com.pro.profep.ap.fxmlap.impl.BaseFxmlApProcessorImpl.storePmtAddRs(BaseFxmlApProcessorImpl.java:1102)
	at com.pro.profep.ap.processor.fxmlap.P100100Req.store100110(P100100Req.java:672)
	at com.pro.profep.ap.processor.fxmlap.P100100Req.send100110(P100100Req.java:730)
	at com.pro.profep.ap.processor.fxmlap.P100100Req.processInComingMsg(P100100Req.java:325)
	at com.pro.profep.ap.fxmlap.impl.BaseFxmlApProcessorImpl.process(BaseFxmlApProcessorImpl.java:1653)
	at com.pro.profep.ap.common.impl.BaseApProcessorImpl.mainProcess(BaseApProcessorImpl.java:34)
	at com.pro.profep.ap.fxmlap.impl.FxmlApDispatcher.run(FxmlApDispatcher.java:116)
Caused by: org.postgresql.util.PSQLException: ERROR: value too long for type character varying(3)
	at org.postgresql.core.v3.QueryExecutorImpl.receiveErrorResponse(QueryExecutorImpl.java:2101)
	at org.postgresql.core.v3.QueryExecutorImpl.processResults(QueryExecutorImpl.java:1834)
	at org.postgresql.core.v3.QueryExecutorImpl.execute(QueryExecutorImpl.java:255)
	at org.postgresql.jdbc2.AbstractJdbc2Statement.execute(AbstractJdbc2Statement.java:510)
	at org.postgresql.jdbc2.AbstractJdbc2Statement.executeWithFlags(AbstractJdbc2Statement.java:386)
	at org.postgresql.jdbc2.AbstractJdbc2Statement.execute(AbstractJdbc2Statement.java:379)
	at org.apache.commons.dbcp.DelegatingPreparedStatement.execute(DelegatingPreparedStatement.java:172)
	at org.apache.commons.dbcp.DelegatingPreparedStatement.execute(DelegatingPreparedStatement.java:172)
	at org.apache.commons.dbcp.DelegatingPreparedStatement.execute(DelegatingPreparedStatement.java:172)
	at com.ibatis.sqlmap.engine.execution.SqlExecutor.executeUpdate(SqlExecutor.java:80)
	at com.ibatis.sqlmap.engine.mapping.statement.MappedStatement.sqlExecuteUpdate(MappedStatement.java:216)
	at com.ibatis.sqlmap.engine.mapping.statement.MappedStatement.executeUpdate(MappedStatement.java:94)
	... 12 more
[2019-11-19 15:49:14 877] ERROR [com.pro.profep.ap.fxmlap.impl.FXMLSecurityImpl getIFXSignCert 240] - getIFXSignCert() fail. Could not send Message.
javax.xml.ws.WebServiceException: Could not send Message.
	at org.apache.cxf.jaxws.JaxWsClientProxy.invoke(JaxWsClientProxy.java:149)
	at com.sun.proxy.$Proxy60.exportSignCert(Unknown Source)
	at com.pro.profep.ap.fxmlap.impl.FXMLSecurityImpl.getIFXSignCert(FXMLSecurityImpl.java:216)
	at com.pro.profep.ap.fxmlap.impl.FXMLSecurityImpl.signIFX(FXMLSecurityImpl.java:321)
	at com.pro.profep.ap.fxmlap.impl.BaseFxmlApProcessorImpl.signIFX(BaseFxmlApProcessorImpl.java:302)
	at com.pro.profep.ap.processor.fxmlap.P100100Req.send100110(P100100Req.java:723)
	at com.pro.profep.ap.processor.fxmlap.P100100Req.processInComingMsg(P100100Req.java:606)
	at com.pro.profep.ap.fxmlap.impl.BaseFxmlApProcessorImpl.process(BaseFxmlApProcessorImpl.java:1653)
	at com.pro.profep.ap.common.impl.BaseApProcessorImpl.mainProcess(BaseApProcessorImpl.java:34)
	at com.pro.profep.ap.fxmlap.impl.FxmlApDispatcher.run(FxmlApDispatcher.java:116)
Caused by: java.net.ConnectException: ConnectException invoking http://172.61.21.4:9080/prova-ws/services/BasicCryptoSrv: Connection timed out: connect
	at sun.reflect.NativeConstructorAccessorImpl.newInstance0(Native Method)
	at sun.reflect.NativeConstructorAccessorImpl.newInstance(Unknown Source)
	at sun.reflect.DelegatingConstructorAccessorImpl.newInstance(Unknown Source)
	at java.lang.reflect.Constructor.newInstance(Unknown Source)
	at org.apache.cxf.transport.http.HTTPConduit$WrappedOutputStream.mapException(HTTPConduit.java:1365)
	at org.apache.cxf.transport.http.HTTPConduit$WrappedOutputStream.close(HTTPConduit.java:1349)
	at org.apache.cxf.transport.AbstractConduit.close(AbstractConduit.java:56)
	at org.apache.cxf.transport.http.HTTPConduit.close(HTTPConduit.java:652)
	at org.apache.cxf.interceptor.MessageSenderInterceptor$MessageSenderEndingInterceptor.handleMessage(MessageSenderInterceptor.java:62)
	at org.apache.cxf.phase.PhaseInterceptorChain.doIntercept(PhaseInterceptorChain.java:307)
	at org.apache.cxf.endpoint.ClientImpl.doInvoke(ClientImpl.java:516)
	at org.apache.cxf.endpoint.ClientImpl.invoke(ClientImpl.java:425)
	at org.apache.cxf.endpoint.ClientImpl.invoke(ClientImpl.java:326)
	at org.apache.cxf.endpoint.ClientImpl.invoke(ClientImpl.java:279)
	at org.apache.cxf.frontend.ClientProxy.invokeSync(ClientProxy.java:96)
	at org.apache.cxf.jaxws.JaxWsClientProxy.invoke(JaxWsClientProxy.java:138)
	... 9 more
Caused by: java.net.ConnectException: Connection timed out: connect
	at java.net.DualStackPlainSocketImpl.waitForConnect(Native Method)
	at java.net.DualStackPlainSocketImpl.socketConnect(Unknown Source)
	at java.net.AbstractPlainSocketImpl.doConnect(Unknown Source)
	at java.net.AbstractPlainSocketImpl.connectToAddress(Unknown Source)
	at java.net.AbstractPlainSocketImpl.connect(Unknown Source)
	at java.net.PlainSocketImpl.connect(Unknown Source)
	at java.net.SocksSocketImpl.connect(Unknown Source)
	at java.net.Socket.connect(Unknown Source)
	at sun.net.NetworkClient.doConnect(Unknown Source)
	at sun.net.www.http.HttpClient.openServer(Unknown Source)
	at sun.net.www.http.HttpClient.openServer(Unknown Source)
	at sun.net.www.http.HttpClient.<init>(Unknown Source)
	at sun.net.www.http.HttpClient.New(Unknown Source)
	at sun.net.www.http.HttpClient.New(Unknown Source)
	at sun.net.www.protocol.http.HttpURLConnection.getNewHttpClient(Unknown Source)
	at sun.net.www.protocol.http.HttpURLConnection.plainConnect0(Unknown Source)
	at sun.net.www.protocol.http.HttpURLConnection.plainConnect(Unknown Source)
	at sun.net.www.protocol.http.HttpURLConnection.connect(Unknown Source)
	at sun.net.www.protocol.http.HttpURLConnection.getOutputStream0(Unknown Source)
	at sun.net.www.protocol.http.HttpURLConnection.getOutputStream(Unknown Source)
	at org.apache.cxf.transport.http.URLConnectionHTTPConduit$URLConnectionWrappedOutputStream.setupWrappedStream(URLConnectionHTTPConduit.java:183)
	at org.apache.cxf.transport.http.HTTPConduit$WrappedOutputStream.handleHeadersTrustCaching(HTTPConduit.java:1308)
	at org.apache.cxf.transport.http.HTTPConduit$WrappedOutputStream.onFirstWrite(HTTPConduit.java:1268)
	at org.apache.cxf.transport.http.URLConnectionHTTPConduit$URLConnectionWrappedOutputStream.onFirstWrite(URLConnectionHTTPConduit.java:210)
	at org.apache.cxf.io.AbstractWrappedOutputStream.write(AbstractWrappedOutputStream.java:47)
	at org.apache.cxf.io.AbstractThresholdOutputStream.write(AbstractThresholdOutputStream.java:69)
	at org.apache.cxf.transport.http.HTTPConduit$WrappedOutputStream.close(HTTPConduit.java:1321)
	... 19 more
[2019-11-19 15:49:14 879] ERROR [com.pro.profep.ap.fxmlap.impl.FXMLSecurityImpl signIFX 460] - signIFX() can't find sign cert
[2019-11-19 15:56:42 092] ERROR [com.pro.profep.ap.fxmlap.impl.FXMLSecurityImpl getIFXSignCert 240] - getIFXSignCert() fail. Could not send Message.
javax.xml.ws.WebServiceException: Could not send Message.
	at org.apache.cxf.jaxws.JaxWsClientProxy.invoke(JaxWsClientProxy.java:149)
	at com.sun.proxy.$Proxy60.exportSignCert(Unknown Source)
	at com.pro.profep.ap.fxmlap.impl.FXMLSecurityImpl.getIFXSignCert(FXMLSecurityImpl.java:216)
	at com.pro.profep.ap.fxmlap.impl.FXMLSecurityImpl.signIFX(FXMLSecurityImpl.java:321)
	at com.pro.profep.ap.fxmlap.impl.BaseFxmlApProcessorImpl.signIFX(BaseFxmlApProcessorImpl.java:302)
	at com.pro.profep.ap.processor.fxmlap.P100100Req.send100110(P100100Req.java:723)
	at com.pro.profep.ap.processor.fxmlap.P100100Req.processInComingMsg(P100100Req.java:606)
	at com.pro.profep.ap.fxmlap.impl.BaseFxmlApProcessorImpl.process(BaseFxmlApProcessorImpl.java:1653)
	at com.pro.profep.ap.common.impl.BaseApProcessorImpl.mainProcess(BaseApProcessorImpl.java:34)
	at com.pro.profep.ap.fxmlap.impl.FxmlApDispatcher.run(FxmlApDispatcher.java:116)
Caused by: java.net.ConnectException: ConnectException invoking http://172.61.21.4:9080/prova-ws/services/BasicCryptoSrv: Connection timed out: connect
	at sun.reflect.NativeConstructorAccessorImpl.newInstance0(Native Method)
	at sun.reflect.NativeConstructorAccessorImpl.newInstance(Unknown Source)
	at sun.reflect.DelegatingConstructorAccessorImpl.newInstance(Unknown Source)
	at java.lang.reflect.Constructor.newInstance(Unknown Source)
	at org.apache.cxf.transport.http.HTTPConduit$WrappedOutputStream.mapException(HTTPConduit.java:1365)
	at org.apache.cxf.transport.http.HTTPConduit$WrappedOutputStream.close(HTTPConduit.java:1349)
	at org.apache.cxf.transport.AbstractConduit.close(AbstractConduit.java:56)
	at org.apache.cxf.transport.http.HTTPConduit.close(HTTPConduit.java:652)
	at org.apache.cxf.interceptor.MessageSenderInterceptor$MessageSenderEndingInterceptor.handleMessage(MessageSenderInterceptor.java:62)
	at org.apache.cxf.phase.PhaseInterceptorChain.doIntercept(PhaseInterceptorChain.java:307)
	at org.apache.cxf.endpoint.ClientImpl.doInvoke(ClientImpl.java:516)
	at org.apache.cxf.endpoint.ClientImpl.invoke(ClientImpl.java:425)
	at org.apache.cxf.endpoint.ClientImpl.invoke(ClientImpl.java:326)
	at org.apache.cxf.endpoint.ClientImpl.invoke(ClientImpl.java:279)
	at org.apache.cxf.frontend.ClientProxy.invokeSync(ClientProxy.java:96)
	at org.apache.cxf.jaxws.JaxWsClientProxy.invoke(JaxWsClientProxy.java:138)
	... 9 more
Caused by: java.net.ConnectException: Connection timed out: connect
	at java.net.DualStackPlainSocketImpl.waitForConnect(Native Method)
	at java.net.DualStackPlainSocketImpl.socketConnect(Unknown Source)
	at java.net.AbstractPlainSocketImpl.doConnect(Unknown Source)
	at java.net.AbstractPlainSocketImpl.connectToAddress(Unknown Source)
	at java.net.AbstractPlainSocketImpl.connect(Unknown Source)
	at java.net.PlainSocketImpl.connect(Unknown Source)
	at java.net.SocksSocketImpl.connect(Unknown Source)
	at java.net.Socket.connect(Unknown Source)
	at sun.net.NetworkClient.doConnect(Unknown Source)
	at sun.net.www.http.HttpClient.openServer(Unknown Source)
	at sun.net.www.http.HttpClient.openServer(Unknown Source)
	at sun.net.www.http.HttpClient.<init>(Unknown Source)
	at sun.net.www.http.HttpClient.New(Unknown Source)
	at sun.net.www.http.HttpClient.New(Unknown Source)
	at sun.net.www.protocol.http.HttpURLConnection.getNewHttpClient(Unknown Source)
	at sun.net.www.protocol.http.HttpURLConnection.plainConnect0(Unknown Source)
	at sun.net.www.protocol.http.HttpURLConnection.plainConnect(Unknown Source)
	at sun.net.www.protocol.http.HttpURLConnection.connect(Unknown Source)
	at sun.net.www.protocol.http.HttpURLConnection.getOutputStream0(Unknown Source)
	at sun.net.www.protocol.http.HttpURLConnection.getOutputStream(Unknown Source)
	at org.apache.cxf.transport.http.URLConnectionHTTPConduit$URLConnectionWrappedOutputStream.setupWrappedStream(URLConnectionHTTPConduit.java:183)
	at org.apache.cxf.transport.http.HTTPConduit$WrappedOutputStream.handleHeadersTrustCaching(HTTPConduit.java:1308)
	at org.apache.cxf.transport.http.HTTPConduit$WrappedOutputStream.onFirstWrite(HTTPConduit.java:1268)
	at org.apache.cxf.transport.http.URLConnectionHTTPConduit$URLConnectionWrappedOutputStream.onFirstWrite(URLConnectionHTTPConduit.java:210)
	at org.apache.cxf.io.AbstractWrappedOutputStream.write(AbstractWrappedOutputStream.java:47)
	at org.apache.cxf.io.AbstractThresholdOutputStream.write(AbstractThresholdOutputStream.java:69)
	at org.apache.cxf.transport.http.HTTPConduit$WrappedOutputStream.close(HTTPConduit.java:1321)
	... 19 more
[2019-11-19 15:56:42 093] ERROR [com.pro.profep.ap.fxmlap.impl.FXMLSecurityImpl signIFX 460] - signIFX() can't find sign cert
