[2019-11-05 14:00:07 551] FATAL [com.pro.profep.common.impl.FepBootStrapImpl main 92] - ***FEP SYSTEM START系統啟動***
[2019-11-05 14:00:13 429] ERROR [com.pro.profep.ap.fxmlap.impl.BaseFxmlApProcessorImpl error 92] - isFiscCheckout() fail : null
java.lang.NullPointerException
	at com.pro.profep.ap.fxmlap.impl.BaseFxmlApProcessorImpl.isFiscCheckout(BaseFxmlApProcessorImpl.java:1687)
	at com.pro.profep.ap.fxmlap.impl.BaseFxmlApProcessorImpl.<init>(BaseFxmlApProcessorImpl.java:109)
	at com.pro.profep.ap.fxmlap.batch.ResendTxn.<init>(ResendTxn.java:77)
	at sun.reflect.NativeConstructorAccessorImpl.newInstance0(Native Method)
	at sun.reflect.NativeConstructorAccessorImpl.newInstance(Unknown Source)
	at sun.reflect.DelegatingConstructorAccessorImpl.newInstance(Unknown Source)
	at java.lang.reflect.Constructor.newInstance(Unknown Source)
	at java.lang.Class.newInstance(Unknown Source)
	at com.pro.proschedule.Schedule.add(Schedule.java:36)
	at com.pro.proschedule.SchedulerFactory.loadXML(SchedulerFactory.java:46)
	at com.pro.util.schedule.impl.SchedulerImpl.runService(SchedulerImpl.java:48)
	at com.pro.profep.common.impl.BaseThreadImpl.run(BaseThreadImpl.java:86)
[2019-11-05 14:05:00 007] ERROR [com.pro.profep.ap.fxmlap.impl.BaseFxmlApProcessorImpl error 92] - isFiscCheckout() fail : null
java.lang.NullPointerException
	at com.pro.profep.ap.fxmlap.impl.BaseFxmlApProcessorImpl.isFiscCheckout(BaseFxmlApProcessorImpl.java:1687)
	at com.pro.profep.ap.fxmlap.impl.BaseFxmlApProcessorImpl.<init>(BaseFxmlApProcessorImpl.java:109)
	at com.pro.profep.ap.fxmlap.batch.ResendTxn.<init>(ResendTxn.java:77)
	at sun.reflect.NativeConstructorAccessorImpl.newInstance0(Native Method)
	at sun.reflect.NativeConstructorAccessorImpl.newInstance(Unknown Source)
	at sun.reflect.DelegatingConstructorAccessorImpl.newInstance(Unknown Source)
	at java.lang.reflect.Constructor.newInstance(Unknown Source)
	at java.lang.Class.newInstance(Unknown Source)
	at org.quartz.simpl.SimpleJobFactory.newJob(SimpleJobFactory.java:55)
	at org.quartz.core.JobRunShell.initialize(JobRunShell.java:132)
	at org.quartz.core.QuartzSchedulerThread.run(QuartzSchedulerThread.java:387)
[2019-11-05 14:10:00 005] ERROR [com.pro.profep.ap.fxmlap.impl.BaseFxmlApProcessorImpl error 92] - isFiscCheckout() fail : null
java.lang.NullPointerException
	at com.pro.profep.ap.fxmlap.impl.BaseFxmlApProcessorImpl.isFiscCheckout(BaseFxmlApProcessorImpl.java:1687)
	at com.pro.profep.ap.fxmlap.impl.BaseFxmlApProcessorImpl.<init>(BaseFxmlApProcessorImpl.java:109)
	at com.pro.profep.ap.fxmlap.batch.ResendTxn.<init>(ResendTxn.java:77)
	at sun.reflect.NativeConstructorAccessorImpl.newInstance0(Native Method)
	at sun.reflect.NativeConstructorAccessorImpl.newInstance(Unknown Source)
	at sun.reflect.DelegatingConstructorAccessorImpl.newInstance(Unknown Source)
	at java.lang.reflect.Constructor.newInstance(Unknown Source)
	at java.lang.Class.newInstance(Unknown Source)
	at org.quartz.simpl.SimpleJobFactory.newJob(SimpleJobFactory.java:55)
	at org.quartz.core.JobRunShell.initialize(JobRunShell.java:132)
	at org.quartz.core.QuartzSchedulerThread.run(QuartzSchedulerThread.java:387)
[2019-11-05 14:15:00 004] ERROR [com.pro.profep.ap.fxmlap.impl.BaseFxmlApProcessorImpl error 92] - isFiscCheckout() fail : null
java.lang.NullPointerException
	at com.pro.profep.ap.fxmlap.impl.BaseFxmlApProcessorImpl.isFiscCheckout(BaseFxmlApProcessorImpl.java:1687)
	at com.pro.profep.ap.fxmlap.impl.BaseFxmlApProcessorImpl.<init>(BaseFxmlApProcessorImpl.java:109)
	at com.pro.profep.ap.fxmlap.batch.ResendTxn.<init>(ResendTxn.java:77)
	at sun.reflect.NativeConstructorAccessorImpl.newInstance0(Native Method)
	at sun.reflect.NativeConstructorAccessorImpl.newInstance(Unknown Source)
	at sun.reflect.DelegatingConstructorAccessorImpl.newInstance(Unknown Source)
	at java.lang.reflect.Constructor.newInstance(Unknown Source)
	at java.lang.Class.newInstance(Unknown Source)
	at org.quartz.simpl.SimpleJobFactory.newJob(SimpleJobFactory.java:55)
	at org.quartz.core.JobRunShell.initialize(JobRunShell.java:132)
	at org.quartz.core.QuartzSchedulerThread.run(QuartzSchedulerThread.java:387)
[2019-11-05 14:20:00 003] ERROR [com.pro.profep.ap.fxmlap.impl.BaseFxmlApProcessorImpl error 92] - isFiscCheckout() fail : null
java.lang.NullPointerException
	at com.pro.profep.ap.fxmlap.impl.BaseFxmlApProcessorImpl.isFiscCheckout(BaseFxmlApProcessorImpl.java:1687)
	at com.pro.profep.ap.fxmlap.impl.BaseFxmlApProcessorImpl.<init>(BaseFxmlApProcessorImpl.java:109)
	at com.pro.profep.ap.fxmlap.batch.ResendTxn.<init>(ResendTxn.java:77)
	at sun.reflect.NativeConstructorAccessorImpl.newInstance0(Native Method)
	at sun.reflect.NativeConstructorAccessorImpl.newInstance(Unknown Source)
	at sun.reflect.DelegatingConstructorAccessorImpl.newInstance(Unknown Source)
	at java.lang.reflect.Constructor.newInstance(Unknown Source)
	at java.lang.Class.newInstance(Unknown Source)
	at org.quartz.simpl.SimpleJobFactory.newJob(SimpleJobFactory.java:55)
	at org.quartz.core.JobRunShell.initialize(JobRunShell.java:132)
	at org.quartz.core.QuartzSchedulerThread.run(QuartzSchedulerThread.java:387)
[2019-11-05 14:25:00 005] ERROR [com.pro.profep.ap.fxmlap.impl.BaseFxmlApProcessorImpl error 92] - isFiscCheckout() fail : null
java.lang.NullPointerException
	at com.pro.profep.ap.fxmlap.impl.BaseFxmlApProcessorImpl.isFiscCheckout(BaseFxmlApProcessorImpl.java:1687)
	at com.pro.profep.ap.fxmlap.impl.BaseFxmlApProcessorImpl.<init>(BaseFxmlApProcessorImpl.java:109)
	at com.pro.profep.ap.fxmlap.batch.ResendTxn.<init>(ResendTxn.java:77)
	at sun.reflect.NativeConstructorAccessorImpl.newInstance0(Native Method)
	at sun.reflect.NativeConstructorAccessorImpl.newInstance(Unknown Source)
	at sun.reflect.DelegatingConstructorAccessorImpl.newInstance(Unknown Source)
	at java.lang.reflect.Constructor.newInstance(Unknown Source)
	at java.lang.Class.newInstance(Unknown Source)
	at org.quartz.simpl.SimpleJobFactory.newJob(SimpleJobFactory.java:55)
	at org.quartz.core.JobRunShell.initialize(JobRunShell.java:132)
	at org.quartz.core.QuartzSchedulerThread.run(QuartzSchedulerThread.java:387)
[2019-11-05 14:30:00 004] ERROR [com.pro.profep.ap.fxmlap.impl.BaseFxmlApProcessorImpl error 92] - isFiscCheckout() fail : null
java.lang.NullPointerException
	at com.pro.profep.ap.fxmlap.impl.BaseFxmlApProcessorImpl.isFiscCheckout(BaseFxmlApProcessorImpl.java:1687)
	at com.pro.profep.ap.fxmlap.impl.BaseFxmlApProcessorImpl.<init>(BaseFxmlApProcessorImpl.java:109)
	at com.pro.profep.ap.fxmlap.batch.ResendTxn.<init>(ResendTxn.java:77)
	at sun.reflect.NativeConstructorAccessorImpl.newInstance0(Native Method)
	at sun.reflect.NativeConstructorAccessorImpl.newInstance(Unknown Source)
	at sun.reflect.DelegatingConstructorAccessorImpl.newInstance(Unknown Source)
	at java.lang.reflect.Constructor.newInstance(Unknown Source)
	at java.lang.Class.newInstance(Unknown Source)
	at org.quartz.simpl.SimpleJobFactory.newJob(SimpleJobFactory.java:55)
	at org.quartz.core.JobRunShell.initialize(JobRunShell.java:132)
	at org.quartz.core.QuartzSchedulerThread.run(QuartzSchedulerThread.java:387)
[2019-11-05 14:35:00 002] ERROR [com.pro.profep.ap.fxmlap.impl.BaseFxmlApProcessorImpl error 92] - isFiscCheckout() fail : null
java.lang.NullPointerException
	at com.pro.profep.ap.fxmlap.impl.BaseFxmlApProcessorImpl.isFiscCheckout(BaseFxmlApProcessorImpl.java:1687)
	at com.pro.profep.ap.fxmlap.impl.BaseFxmlApProcessorImpl.<init>(BaseFxmlApProcessorImpl.java:109)
	at com.pro.profep.ap.fxmlap.batch.ResendTxn.<init>(ResendTxn.java:77)
	at sun.reflect.NativeConstructorAccessorImpl.newInstance0(Native Method)
	at sun.reflect.NativeConstructorAccessorImpl.newInstance(Unknown Source)
	at sun.reflect.DelegatingConstructorAccessorImpl.newInstance(Unknown Source)
	at java.lang.reflect.Constructor.newInstance(Unknown Source)
	at java.lang.Class.newInstance(Unknown Source)
	at org.quartz.simpl.SimpleJobFactory.newJob(SimpleJobFactory.java:55)
	at org.quartz.core.JobRunShell.initialize(JobRunShell.java:132)
	at org.quartz.core.QuartzSchedulerThread.run(QuartzSchedulerThread.java:387)
[2019-11-05 14:40:00 003] ERROR [com.pro.profep.ap.fxmlap.impl.BaseFxmlApProcessorImpl error 92] - isFiscCheckout() fail : null
java.lang.NullPointerException
	at com.pro.profep.ap.fxmlap.impl.BaseFxmlApProcessorImpl.isFiscCheckout(BaseFxmlApProcessorImpl.java:1687)
	at com.pro.profep.ap.fxmlap.impl.BaseFxmlApProcessorImpl.<init>(BaseFxmlApProcessorImpl.java:109)
	at com.pro.profep.ap.fxmlap.batch.ResendTxn.<init>(ResendTxn.java:77)
	at sun.reflect.NativeConstructorAccessorImpl.newInstance0(Native Method)
	at sun.reflect.NativeConstructorAccessorImpl.newInstance(Unknown Source)
	at sun.reflect.DelegatingConstructorAccessorImpl.newInstance(Unknown Source)
	at java.lang.reflect.Constructor.newInstance(Unknown Source)
	at java.lang.Class.newInstance(Unknown Source)
	at org.quartz.simpl.SimpleJobFactory.newJob(SimpleJobFactory.java:55)
	at org.quartz.core.JobRunShell.initialize(JobRunShell.java:132)
	at org.quartz.core.QuartzSchedulerThread.run(QuartzSchedulerThread.java:387)
[2019-11-05 14:45:00 016] ERROR [com.pro.profep.ap.fxmlap.impl.BaseFxmlApProcessorImpl error 92] - isFiscCheckout() fail : null
java.lang.NullPointerException
	at com.pro.profep.ap.fxmlap.impl.BaseFxmlApProcessorImpl.isFiscCheckout(BaseFxmlApProcessorImpl.java:1687)
	at com.pro.profep.ap.fxmlap.impl.BaseFxmlApProcessorImpl.<init>(BaseFxmlApProcessorImpl.java:109)
	at com.pro.profep.ap.fxmlap.batch.ResendTxn.<init>(ResendTxn.java:77)
	at sun.reflect.NativeConstructorAccessorImpl.newInstance0(Native Method)
	at sun.reflect.NativeConstructorAccessorImpl.newInstance(Unknown Source)
	at sun.reflect.DelegatingConstructorAccessorImpl.newInstance(Unknown Source)
	at java.lang.reflect.Constructor.newInstance(Unknown Source)
	at java.lang.Class.newInstance(Unknown Source)
	at org.quartz.simpl.SimpleJobFactory.newJob(SimpleJobFactory.java:55)
	at org.quartz.core.JobRunShell.initialize(JobRunShell.java:132)
	at org.quartz.core.QuartzSchedulerThread.run(QuartzSchedulerThread.java:387)
[2019-11-05 14:46:22 536] FATAL [com.pro.profep.common.impl.FepBootStrapImpl main 92] - ***FEP SYSTEM START系統啟動***
[2019-11-05 14:46:28 920] ERROR [com.pro.profep.ap.fxmlap.impl.BaseFxmlApProcessorImpl error 92] - isFiscCheckout() fail : null
java.lang.NullPointerException
	at com.pro.profep.ap.fxmlap.impl.BaseFxmlApProcessorImpl.isFiscCheckout(BaseFxmlApProcessorImpl.java:1687)
	at com.pro.profep.ap.fxmlap.impl.BaseFxmlApProcessorImpl.<init>(BaseFxmlApProcessorImpl.java:109)
	at com.pro.profep.ap.fxmlap.batch.ResendTxn.<init>(ResendTxn.java:77)
	at sun.reflect.NativeConstructorAccessorImpl.newInstance0(Native Method)
	at sun.reflect.NativeConstructorAccessorImpl.newInstance(Unknown Source)
	at sun.reflect.DelegatingConstructorAccessorImpl.newInstance(Unknown Source)
	at java.lang.reflect.Constructor.newInstance(Unknown Source)
	at java.lang.Class.newInstance(Unknown Source)
	at com.pro.proschedule.Schedule.add(Schedule.java:36)
	at com.pro.proschedule.SchedulerFactory.loadXML(SchedulerFactory.java:46)
	at com.pro.util.schedule.impl.SchedulerImpl.runService(SchedulerImpl.java:48)
	at com.pro.profep.common.impl.BaseThreadImpl.run(BaseThreadImpl.java:86)
[2019-11-05 14:50:00 008] ERROR [com.pro.profep.ap.fxmlap.impl.BaseFxmlApProcessorImpl error 92] - isFiscCheckout() fail : null
java.lang.NullPointerException
	at com.pro.profep.ap.fxmlap.impl.BaseFxmlApProcessorImpl.isFiscCheckout(BaseFxmlApProcessorImpl.java:1687)
	at com.pro.profep.ap.fxmlap.impl.BaseFxmlApProcessorImpl.<init>(BaseFxmlApProcessorImpl.java:109)
	at com.pro.profep.ap.fxmlap.batch.ResendTxn.<init>(ResendTxn.java:77)
	at sun.reflect.NativeConstructorAccessorImpl.newInstance0(Native Method)
	at sun.reflect.NativeConstructorAccessorImpl.newInstance(Unknown Source)
	at sun.reflect.DelegatingConstructorAccessorImpl.newInstance(Unknown Source)
	at java.lang.reflect.Constructor.newInstance(Unknown Source)
	at java.lang.Class.newInstance(Unknown Source)
	at org.quartz.simpl.SimpleJobFactory.newJob(SimpleJobFactory.java:55)
	at org.quartz.core.JobRunShell.initialize(JobRunShell.java:132)
	at org.quartz.core.QuartzSchedulerThread.run(QuartzSchedulerThread.java:387)
[2019-11-05 14:55:00 003] ERROR [com.pro.profep.ap.fxmlap.impl.BaseFxmlApProcessorImpl error 92] - isFiscCheckout() fail : null
java.lang.NullPointerException
	at com.pro.profep.ap.fxmlap.impl.BaseFxmlApProcessorImpl.isFiscCheckout(BaseFxmlApProcessorImpl.java:1687)
	at com.pro.profep.ap.fxmlap.impl.BaseFxmlApProcessorImpl.<init>(BaseFxmlApProcessorImpl.java:109)
	at com.pro.profep.ap.fxmlap.batch.ResendTxn.<init>(ResendTxn.java:77)
	at sun.reflect.NativeConstructorAccessorImpl.newInstance0(Native Method)
	at sun.reflect.NativeConstructorAccessorImpl.newInstance(Unknown Source)
	at sun.reflect.DelegatingConstructorAccessorImpl.newInstance(Unknown Source)
	at java.lang.reflect.Constructor.newInstance(Unknown Source)
	at java.lang.Class.newInstance(Unknown Source)
	at org.quartz.simpl.SimpleJobFactory.newJob(SimpleJobFactory.java:55)
	at org.quartz.core.JobRunShell.initialize(JobRunShell.java:132)
	at org.quartz.core.QuartzSchedulerThread.run(QuartzSchedulerThread.java:387)
[2019-11-05 15:00:00 007] ERROR [com.pro.profep.ap.fxmlap.impl.BaseFxmlApProcessorImpl error 92] - isFiscCheckout() fail : null
java.lang.NullPointerException
	at com.pro.profep.ap.fxmlap.impl.BaseFxmlApProcessorImpl.isFiscCheckout(BaseFxmlApProcessorImpl.java:1687)
	at com.pro.profep.ap.fxmlap.impl.BaseFxmlApProcessorImpl.<init>(BaseFxmlApProcessorImpl.java:109)
	at com.pro.profep.ap.fxmlap.batch.ResendTxn.<init>(ResendTxn.java:77)
	at sun.reflect.NativeConstructorAccessorImpl.newInstance0(Native Method)
	at sun.reflect.NativeConstructorAccessorImpl.newInstance(Unknown Source)
	at sun.reflect.DelegatingConstructorAccessorImpl.newInstance(Unknown Source)
	at java.lang.reflect.Constructor.newInstance(Unknown Source)
	at java.lang.Class.newInstance(Unknown Source)
	at org.quartz.simpl.SimpleJobFactory.newJob(SimpleJobFactory.java:55)
	at org.quartz.core.JobRunShell.initialize(JobRunShell.java:132)
	at org.quartz.core.QuartzSchedulerThread.run(QuartzSchedulerThread.java:387)
[2019-11-05 15:00:00 018] ERROR [com.pro.profep.ap.fxmlap.batch.ChangeLineDate error 92] - 
java.lang.NullPointerException
	at com.pro.profep.ap.fxmlap.batch.ChangeLineDate.execute(ChangeLineDate.java:39)
	at org.quartz.core.JobRunShell.run(JobRunShell.java:202)
	at org.quartz.simpl.SimpleThreadPool$WorkerThread.run(SimpleThreadPool.java:525)
[2019-11-05 15:05:00 006] ERROR [com.pro.profep.ap.fxmlap.batch.ChangeLineDate error 92] - 
java.lang.NullPointerException
	at com.pro.profep.ap.fxmlap.batch.ChangeLineDate.execute(ChangeLineDate.java:39)
	at org.quartz.core.JobRunShell.run(JobRunShell.java:202)
	at org.quartz.simpl.SimpleThreadPool$WorkerThread.run(SimpleThreadPool.java:525)
[2019-11-05 15:05:00 009] ERROR [com.pro.profep.ap.fxmlap.impl.BaseFxmlApProcessorImpl error 92] - isFiscCheckout() fail : null
java.lang.NullPointerException
	at com.pro.profep.ap.fxmlap.impl.BaseFxmlApProcessorImpl.isFiscCheckout(BaseFxmlApProcessorImpl.java:1687)
	at com.pro.profep.ap.fxmlap.impl.BaseFxmlApProcessorImpl.<init>(BaseFxmlApProcessorImpl.java:109)
	at com.pro.profep.ap.fxmlap.batch.ResendTxn.<init>(ResendTxn.java:77)
	at sun.reflect.NativeConstructorAccessorImpl.newInstance0(Native Method)
	at sun.reflect.NativeConstructorAccessorImpl.newInstance(Unknown Source)
	at sun.reflect.DelegatingConstructorAccessorImpl.newInstance(Unknown Source)
	at java.lang.reflect.Constructor.newInstance(Unknown Source)
	at java.lang.Class.newInstance(Unknown Source)
	at org.quartz.simpl.SimpleJobFactory.newJob(SimpleJobFactory.java:55)
	at org.quartz.core.JobRunShell.initialize(JobRunShell.java:132)
	at org.quartz.core.QuartzSchedulerThread.run(QuartzSchedulerThread.java:387)
[2019-11-05 15:10:00 005] ERROR [com.pro.profep.ap.fxmlap.impl.BaseFxmlApProcessorImpl error 92] - isFiscCheckout() fail : null
java.lang.NullPointerException
	at com.pro.profep.ap.fxmlap.impl.BaseFxmlApProcessorImpl.isFiscCheckout(BaseFxmlApProcessorImpl.java:1687)
	at com.pro.profep.ap.fxmlap.impl.BaseFxmlApProcessorImpl.<init>(BaseFxmlApProcessorImpl.java:109)
	at com.pro.profep.ap.fxmlap.batch.ResendTxn.<init>(ResendTxn.java:77)
	at sun.reflect.NativeConstructorAccessorImpl.newInstance0(Native Method)
	at sun.reflect.NativeConstructorAccessorImpl.newInstance(Unknown Source)
	at sun.reflect.DelegatingConstructorAccessorImpl.newInstance(Unknown Source)
	at java.lang.reflect.Constructor.newInstance(Unknown Source)
	at java.lang.Class.newInstance(Unknown Source)
	at org.quartz.simpl.SimpleJobFactory.newJob(SimpleJobFactory.java:55)
	at org.quartz.core.JobRunShell.initialize(JobRunShell.java:132)
	at org.quartz.core.QuartzSchedulerThread.run(QuartzSchedulerThread.java:387)
[2019-11-05 15:10:00 008] ERROR [com.pro.profep.ap.fxmlap.batch.ChangeLineDate error 92] - 
java.lang.NullPointerException
	at com.pro.profep.ap.fxmlap.batch.ChangeLineDate.execute(ChangeLineDate.java:39)
	at org.quartz.core.JobRunShell.run(JobRunShell.java:202)
	at org.quartz.simpl.SimpleThreadPool$WorkerThread.run(SimpleThreadPool.java:525)
[2019-11-05 15:15:00 003] ERROR [com.pro.profep.ap.fxmlap.impl.BaseFxmlApProcessorImpl error 92] - isFiscCheckout() fail : null
java.lang.NullPointerException
	at com.pro.profep.ap.fxmlap.impl.BaseFxmlApProcessorImpl.isFiscCheckout(BaseFxmlApProcessorImpl.java:1687)
	at com.pro.profep.ap.fxmlap.impl.BaseFxmlApProcessorImpl.<init>(BaseFxmlApProcessorImpl.java:109)
	at com.pro.profep.ap.fxmlap.batch.ResendTxn.<init>(ResendTxn.java:77)
	at sun.reflect.NativeConstructorAccessorImpl.newInstance0(Native Method)
	at sun.reflect.NativeConstructorAccessorImpl.newInstance(Unknown Source)
	at sun.reflect.DelegatingConstructorAccessorImpl.newInstance(Unknown Source)
	at java.lang.reflect.Constructor.newInstance(Unknown Source)
	at java.lang.Class.newInstance(Unknown Source)
	at org.quartz.simpl.SimpleJobFactory.newJob(SimpleJobFactory.java:55)
	at org.quartz.core.JobRunShell.initialize(JobRunShell.java:132)
	at org.quartz.core.QuartzSchedulerThread.run(QuartzSchedulerThread.java:387)
[2019-11-05 15:15:00 007] ERROR [com.pro.profep.ap.fxmlap.batch.ChangeLineDate error 92] - 
java.lang.NullPointerException
	at com.pro.profep.ap.fxmlap.batch.ChangeLineDate.execute(ChangeLineDate.java:39)
	at org.quartz.core.JobRunShell.run(JobRunShell.java:202)
	at org.quartz.simpl.SimpleThreadPool$WorkerThread.run(SimpleThreadPool.java:525)
[2019-11-05 15:20:00 004] ERROR [com.pro.profep.ap.fxmlap.impl.BaseFxmlApProcessorImpl error 92] - isFiscCheckout() fail : null
java.lang.NullPointerException
	at com.pro.profep.ap.fxmlap.impl.BaseFxmlApProcessorImpl.isFiscCheckout(BaseFxmlApProcessorImpl.java:1687)
	at com.pro.profep.ap.fxmlap.impl.BaseFxmlApProcessorImpl.<init>(BaseFxmlApProcessorImpl.java:109)
	at com.pro.profep.ap.fxmlap.batch.ResendTxn.<init>(ResendTxn.java:77)
	at sun.reflect.NativeConstructorAccessorImpl.newInstance0(Native Method)
	at sun.reflect.NativeConstructorAccessorImpl.newInstance(Unknown Source)
	at sun.reflect.DelegatingConstructorAccessorImpl.newInstance(Unknown Source)
	at java.lang.reflect.Constructor.newInstance(Unknown Source)
	at java.lang.Class.newInstance(Unknown Source)
	at org.quartz.simpl.SimpleJobFactory.newJob(SimpleJobFactory.java:55)
	at org.quartz.core.JobRunShell.initialize(JobRunShell.java:132)
	at org.quartz.core.QuartzSchedulerThread.run(QuartzSchedulerThread.java:387)
[2019-11-05 15:20:00 005] ERROR [com.pro.profep.ap.fxmlap.batch.ChangeLineDate error 92] - 
java.lang.NullPointerException
	at com.pro.profep.ap.fxmlap.batch.ChangeLineDate.execute(ChangeLineDate.java:39)
	at org.quartz.core.JobRunShell.run(JobRunShell.java:202)
	at org.quartz.simpl.SimpleThreadPool$WorkerThread.run(SimpleThreadPool.java:525)
[2019-11-05 15:25:00 005] ERROR [com.pro.profep.ap.fxmlap.impl.BaseFxmlApProcessorImpl error 92] - isFiscCheckout() fail : null
java.lang.NullPointerException
	at com.pro.profep.ap.fxmlap.impl.BaseFxmlApProcessorImpl.isFiscCheckout(BaseFxmlApProcessorImpl.java:1687)
	at com.pro.profep.ap.fxmlap.impl.BaseFxmlApProcessorImpl.<init>(BaseFxmlApProcessorImpl.java:109)
	at com.pro.profep.ap.fxmlap.batch.ResendTxn.<init>(ResendTxn.java:77)
	at sun.reflect.NativeConstructorAccessorImpl.newInstance0(Native Method)
	at sun.reflect.NativeConstructorAccessorImpl.newInstance(Unknown Source)
	at sun.reflect.DelegatingConstructorAccessorImpl.newInstance(Unknown Source)
	at java.lang.reflect.Constructor.newInstance(Unknown Source)
	at java.lang.Class.newInstance(Unknown Source)
	at org.quartz.simpl.SimpleJobFactory.newJob(SimpleJobFactory.java:55)
	at org.quartz.core.JobRunShell.initialize(JobRunShell.java:132)
	at org.quartz.core.QuartzSchedulerThread.run(QuartzSchedulerThread.java:387)
[2019-11-05 15:25:00 011] ERROR [com.pro.profep.ap.fxmlap.batch.ChangeLineDate error 92] - 
java.lang.NullPointerException
	at com.pro.profep.ap.fxmlap.batch.ChangeLineDate.execute(ChangeLineDate.java:39)
	at org.quartz.core.JobRunShell.run(JobRunShell.java:202)
	at org.quartz.simpl.SimpleThreadPool$WorkerThread.run(SimpleThreadPool.java:525)
[2019-11-05 15:30:00 004] ERROR [com.pro.profep.ap.fxmlap.impl.BaseFxmlApProcessorImpl error 92] - isFiscCheckout() fail : null
java.lang.NullPointerException
	at com.pro.profep.ap.fxmlap.impl.BaseFxmlApProcessorImpl.isFiscCheckout(BaseFxmlApProcessorImpl.java:1687)
	at com.pro.profep.ap.fxmlap.impl.BaseFxmlApProcessorImpl.<init>(BaseFxmlApProcessorImpl.java:109)
	at com.pro.profep.ap.fxmlap.batch.ResendTxn.<init>(ResendTxn.java:77)
	at sun.reflect.NativeConstructorAccessorImpl.newInstance0(Native Method)
	at sun.reflect.NativeConstructorAccessorImpl.newInstance(Unknown Source)
	at sun.reflect.DelegatingConstructorAccessorImpl.newInstance(Unknown Source)
	at java.lang.reflect.Constructor.newInstance(Unknown Source)
	at java.lang.Class.newInstance(Unknown Source)
	at org.quartz.simpl.SimpleJobFactory.newJob(SimpleJobFactory.java:55)
	at org.quartz.core.JobRunShell.initialize(JobRunShell.java:132)
	at org.quartz.core.QuartzSchedulerThread.run(QuartzSchedulerThread.java:387)
[2019-11-05 15:30:00 007] ERROR [com.pro.profep.ap.fxmlap.batch.ChangeLineDate error 92] - 
java.lang.NullPointerException
	at com.pro.profep.ap.fxmlap.batch.ChangeLineDate.execute(ChangeLineDate.java:39)
	at org.quartz.core.JobRunShell.run(JobRunShell.java:202)
	at org.quartz.simpl.SimpleThreadPool$WorkerThread.run(SimpleThreadPool.java:525)
[2019-11-05 15:35:00 004] ERROR [com.pro.profep.ap.fxmlap.impl.BaseFxmlApProcessorImpl error 92] - isFiscCheckout() fail : null
java.lang.NullPointerException
	at com.pro.profep.ap.fxmlap.impl.BaseFxmlApProcessorImpl.isFiscCheckout(BaseFxmlApProcessorImpl.java:1687)
	at com.pro.profep.ap.fxmlap.impl.BaseFxmlApProcessorImpl.<init>(BaseFxmlApProcessorImpl.java:109)
	at com.pro.profep.ap.fxmlap.batch.ResendTxn.<init>(ResendTxn.java:77)
	at sun.reflect.NativeConstructorAccessorImpl.newInstance0(Native Method)
	at sun.reflect.NativeConstructorAccessorImpl.newInstance(Unknown Source)
	at sun.reflect.DelegatingConstructorAccessorImpl.newInstance(Unknown Source)
	at java.lang.reflect.Constructor.newInstance(Unknown Source)
	at java.lang.Class.newInstance(Unknown Source)
	at org.quartz.simpl.SimpleJobFactory.newJob(SimpleJobFactory.java:55)
	at org.quartz.core.JobRunShell.initialize(JobRunShell.java:132)
	at org.quartz.core.QuartzSchedulerThread.run(QuartzSchedulerThread.java:387)
[2019-11-05 15:35:00 006] ERROR [com.pro.profep.ap.fxmlap.batch.ChangeLineDate error 92] - 
java.lang.NullPointerException
	at com.pro.profep.ap.fxmlap.batch.ChangeLineDate.execute(ChangeLineDate.java:39)
	at org.quartz.core.JobRunShell.run(JobRunShell.java:202)
	at org.quartz.simpl.SimpleThreadPool$WorkerThread.run(SimpleThreadPool.java:525)
[2019-11-05 15:40:00 003] ERROR [com.pro.profep.ap.fxmlap.impl.BaseFxmlApProcessorImpl error 92] - isFiscCheckout() fail : null
java.lang.NullPointerException
	at com.pro.profep.ap.fxmlap.impl.BaseFxmlApProcessorImpl.isFiscCheckout(BaseFxmlApProcessorImpl.java:1687)
	at com.pro.profep.ap.fxmlap.impl.BaseFxmlApProcessorImpl.<init>(BaseFxmlApProcessorImpl.java:109)
	at com.pro.profep.ap.fxmlap.batch.ResendTxn.<init>(ResendTxn.java:77)
	at sun.reflect.NativeConstructorAccessorImpl.newInstance0(Native Method)
	at sun.reflect.NativeConstructorAccessorImpl.newInstance(Unknown Source)
	at sun.reflect.DelegatingConstructorAccessorImpl.newInstance(Unknown Source)
	at java.lang.reflect.Constructor.newInstance(Unknown Source)
	at java.lang.Class.newInstance(Unknown Source)
	at org.quartz.simpl.SimpleJobFactory.newJob(SimpleJobFactory.java:55)
	at org.quartz.core.JobRunShell.initialize(JobRunShell.java:132)
	at org.quartz.core.QuartzSchedulerThread.run(QuartzSchedulerThread.java:387)
[2019-11-05 15:40:00 007] ERROR [com.pro.profep.ap.fxmlap.batch.ChangeLineDate error 92] - 
java.lang.NullPointerException
	at com.pro.profep.ap.fxmlap.batch.ChangeLineDate.execute(ChangeLineDate.java:39)
	at org.quartz.core.JobRunShell.run(JobRunShell.java:202)
	at org.quartz.simpl.SimpleThreadPool$WorkerThread.run(SimpleThreadPool.java:525)
[2019-11-05 15:45:00 003] ERROR [com.pro.profep.ap.fxmlap.impl.BaseFxmlApProcessorImpl error 92] - isFiscCheckout() fail : null
java.lang.NullPointerException
	at com.pro.profep.ap.fxmlap.impl.BaseFxmlApProcessorImpl.isFiscCheckout(BaseFxmlApProcessorImpl.java:1687)
	at com.pro.profep.ap.fxmlap.impl.BaseFxmlApProcessorImpl.<init>(BaseFxmlApProcessorImpl.java:109)
	at com.pro.profep.ap.fxmlap.batch.ResendTxn.<init>(ResendTxn.java:77)
	at sun.reflect.NativeConstructorAccessorImpl.newInstance0(Native Method)
	at sun.reflect.NativeConstructorAccessorImpl.newInstance(Unknown Source)
	at sun.reflect.DelegatingConstructorAccessorImpl.newInstance(Unknown Source)
	at java.lang.reflect.Constructor.newInstance(Unknown Source)
	at java.lang.Class.newInstance(Unknown Source)
	at org.quartz.simpl.SimpleJobFactory.newJob(SimpleJobFactory.java:55)
	at org.quartz.core.JobRunShell.initialize(JobRunShell.java:132)
	at org.quartz.core.QuartzSchedulerThread.run(QuartzSchedulerThread.java:387)
[2019-11-05 15:45:00 006] ERROR [com.pro.profep.ap.fxmlap.batch.ChangeLineDate error 92] - 
java.lang.NullPointerException
	at com.pro.profep.ap.fxmlap.batch.ChangeLineDate.execute(ChangeLineDate.java:39)
	at org.quartz.core.JobRunShell.run(JobRunShell.java:202)
	at org.quartz.simpl.SimpleThreadPool$WorkerThread.run(SimpleThreadPool.java:525)
[2019-11-05 15:50:00 009] ERROR [com.pro.profep.ap.fxmlap.impl.BaseFxmlApProcessorImpl error 92] - isFiscCheckout() fail : null
java.lang.NullPointerException
	at com.pro.profep.ap.fxmlap.impl.BaseFxmlApProcessorImpl.isFiscCheckout(BaseFxmlApProcessorImpl.java:1687)
	at com.pro.profep.ap.fxmlap.impl.BaseFxmlApProcessorImpl.<init>(BaseFxmlApProcessorImpl.java:109)
	at com.pro.profep.ap.fxmlap.batch.ResendTxn.<init>(ResendTxn.java:77)
	at sun.reflect.NativeConstructorAccessorImpl.newInstance0(Native Method)
	at sun.reflect.NativeConstructorAccessorImpl.newInstance(Unknown Source)
	at sun.reflect.DelegatingConstructorAccessorImpl.newInstance(Unknown Source)
	at java.lang.reflect.Constructor.newInstance(Unknown Source)
	at java.lang.Class.newInstance(Unknown Source)
	at org.quartz.simpl.SimpleJobFactory.newJob(SimpleJobFactory.java:55)
	at org.quartz.core.JobRunShell.initialize(JobRunShell.java:132)
	at org.quartz.core.QuartzSchedulerThread.run(QuartzSchedulerThread.java:387)
[2019-11-05 15:50:00 014] ERROR [com.pro.profep.ap.fxmlap.batch.ChangeLineDate error 92] - 
java.lang.NullPointerException
	at com.pro.profep.ap.fxmlap.batch.ChangeLineDate.execute(ChangeLineDate.java:39)
	at org.quartz.core.JobRunShell.run(JobRunShell.java:202)
	at org.quartz.simpl.SimpleThreadPool$WorkerThread.run(SimpleThreadPool.java:525)
[2019-11-05 15:55:00 005] ERROR [com.pro.profep.ap.fxmlap.impl.BaseFxmlApProcessorImpl error 92] - isFiscCheckout() fail : null
java.lang.NullPointerException
	at com.pro.profep.ap.fxmlap.impl.BaseFxmlApProcessorImpl.isFiscCheckout(BaseFxmlApProcessorImpl.java:1687)
	at com.pro.profep.ap.fxmlap.impl.BaseFxmlApProcessorImpl.<init>(BaseFxmlApProcessorImpl.java:109)
	at com.pro.profep.ap.fxmlap.batch.ResendTxn.<init>(ResendTxn.java:77)
	at sun.reflect.NativeConstructorAccessorImpl.newInstance0(Native Method)
	at sun.reflect.NativeConstructorAccessorImpl.newInstance(Unknown Source)
	at sun.reflect.DelegatingConstructorAccessorImpl.newInstance(Unknown Source)
	at java.lang.reflect.Constructor.newInstance(Unknown Source)
	at java.lang.Class.newInstance(Unknown Source)
	at org.quartz.simpl.SimpleJobFactory.newJob(SimpleJobFactory.java:55)
	at org.quartz.core.JobRunShell.initialize(JobRunShell.java:132)
	at org.quartz.core.QuartzSchedulerThread.run(QuartzSchedulerThread.java:387)
[2019-11-05 15:55:00 007] ERROR [com.pro.profep.ap.fxmlap.batch.ChangeLineDate error 92] - 
java.lang.NullPointerException
	at com.pro.profep.ap.fxmlap.batch.ChangeLineDate.execute(ChangeLineDate.java:39)
	at org.quartz.core.JobRunShell.run(JobRunShell.java:202)
	at org.quartz.simpl.SimpleThreadPool$WorkerThread.run(SimpleThreadPool.java:525)
[2019-11-05 16:00:00 004] ERROR [com.pro.profep.ap.fxmlap.impl.BaseFxmlApProcessorImpl error 92] - isFiscCheckout() fail : null
java.lang.NullPointerException
	at com.pro.profep.ap.fxmlap.impl.BaseFxmlApProcessorImpl.isFiscCheckout(BaseFxmlApProcessorImpl.java:1687)
	at com.pro.profep.ap.fxmlap.impl.BaseFxmlApProcessorImpl.<init>(BaseFxmlApProcessorImpl.java:109)
	at com.pro.profep.ap.fxmlap.batch.ResendTxn.<init>(ResendTxn.java:77)
	at sun.reflect.NativeConstructorAccessorImpl.newInstance0(Native Method)
	at sun.reflect.NativeConstructorAccessorImpl.newInstance(Unknown Source)
	at sun.reflect.DelegatingConstructorAccessorImpl.newInstance(Unknown Source)
	at java.lang.reflect.Constructor.newInstance(Unknown Source)
	at java.lang.Class.newInstance(Unknown Source)
	at org.quartz.simpl.SimpleJobFactory.newJob(SimpleJobFactory.java:55)
	at org.quartz.core.JobRunShell.initialize(JobRunShell.java:132)
	at org.quartz.core.QuartzSchedulerThread.run(QuartzSchedulerThread.java:387)
[2019-11-05 16:05:00 003] ERROR [com.pro.profep.ap.fxmlap.impl.BaseFxmlApProcessorImpl error 92] - isFiscCheckout() fail : null
java.lang.NullPointerException
	at com.pro.profep.ap.fxmlap.impl.BaseFxmlApProcessorImpl.isFiscCheckout(BaseFxmlApProcessorImpl.java:1687)
	at com.pro.profep.ap.fxmlap.impl.BaseFxmlApProcessorImpl.<init>(BaseFxmlApProcessorImpl.java:109)
	at com.pro.profep.ap.fxmlap.batch.ResendTxn.<init>(ResendTxn.java:77)
	at sun.reflect.GeneratedConstructorAccessor37.newInstance(Unknown Source)
	at sun.reflect.DelegatingConstructorAccessorImpl.newInstance(Unknown Source)
	at java.lang.reflect.Constructor.newInstance(Unknown Source)
	at java.lang.Class.newInstance(Unknown Source)
	at org.quartz.simpl.SimpleJobFactory.newJob(SimpleJobFactory.java:55)
	at org.quartz.core.JobRunShell.initialize(JobRunShell.java:132)
	at org.quartz.core.QuartzSchedulerThread.run(QuartzSchedulerThread.java:387)
[2019-11-05 16:10:00 002] ERROR [com.pro.profep.ap.fxmlap.impl.BaseFxmlApProcessorImpl error 92] - isFiscCheckout() fail : null
java.lang.NullPointerException
	at com.pro.profep.ap.fxmlap.impl.BaseFxmlApProcessorImpl.isFiscCheckout(BaseFxmlApProcessorImpl.java:1687)
	at com.pro.profep.ap.fxmlap.impl.BaseFxmlApProcessorImpl.<init>(BaseFxmlApProcessorImpl.java:109)
	at com.pro.profep.ap.fxmlap.batch.ResendTxn.<init>(ResendTxn.java:77)
	at sun.reflect.GeneratedConstructorAccessor37.newInstance(Unknown Source)
	at sun.reflect.DelegatingConstructorAccessorImpl.newInstance(Unknown Source)
	at java.lang.reflect.Constructor.newInstance(Unknown Source)
	at java.lang.Class.newInstance(Unknown Source)
	at org.quartz.simpl.SimpleJobFactory.newJob(SimpleJobFactory.java:55)
	at org.quartz.core.JobRunShell.initialize(JobRunShell.java:132)
	at org.quartz.core.QuartzSchedulerThread.run(QuartzSchedulerThread.java:387)
[2019-11-05 16:15:00 002] ERROR [com.pro.profep.ap.fxmlap.impl.BaseFxmlApProcessorImpl error 92] - isFiscCheckout() fail : null
java.lang.NullPointerException
	at com.pro.profep.ap.fxmlap.impl.BaseFxmlApProcessorImpl.isFiscCheckout(BaseFxmlApProcessorImpl.java:1687)
	at com.pro.profep.ap.fxmlap.impl.BaseFxmlApProcessorImpl.<init>(BaseFxmlApProcessorImpl.java:109)
	at com.pro.profep.ap.fxmlap.batch.ResendTxn.<init>(ResendTxn.java:77)
	at sun.reflect.GeneratedConstructorAccessor37.newInstance(Unknown Source)
	at sun.reflect.DelegatingConstructorAccessorImpl.newInstance(Unknown Source)
	at java.lang.reflect.Constructor.newInstance(Unknown Source)
	at java.lang.Class.newInstance(Unknown Source)
	at org.quartz.simpl.SimpleJobFactory.newJob(SimpleJobFactory.java:55)
	at org.quartz.core.JobRunShell.initialize(JobRunShell.java:132)
	at org.quartz.core.QuartzSchedulerThread.run(QuartzSchedulerThread.java:387)
[2019-11-05 16:20:00 002] ERROR [com.pro.profep.ap.fxmlap.impl.BaseFxmlApProcessorImpl error 92] - isFiscCheckout() fail : null
java.lang.NullPointerException
	at com.pro.profep.ap.fxmlap.impl.BaseFxmlApProcessorImpl.isFiscCheckout(BaseFxmlApProcessorImpl.java:1687)
	at com.pro.profep.ap.fxmlap.impl.BaseFxmlApProcessorImpl.<init>(BaseFxmlApProcessorImpl.java:109)
	at com.pro.profep.ap.fxmlap.batch.ResendTxn.<init>(ResendTxn.java:77)
	at sun.reflect.GeneratedConstructorAccessor37.newInstance(Unknown Source)
	at sun.reflect.DelegatingConstructorAccessorImpl.newInstance(Unknown Source)
	at java.lang.reflect.Constructor.newInstance(Unknown Source)
	at java.lang.Class.newInstance(Unknown Source)
	at org.quartz.simpl.SimpleJobFactory.newJob(SimpleJobFactory.java:55)
	at org.quartz.core.JobRunShell.initialize(JobRunShell.java:132)
	at org.quartz.core.QuartzSchedulerThread.run(QuartzSchedulerThread.java:387)
[2019-11-05 16:25:00 002] ERROR [com.pro.profep.ap.fxmlap.impl.BaseFxmlApProcessorImpl error 92] - isFiscCheckout() fail : null
java.lang.NullPointerException
	at com.pro.profep.ap.fxmlap.impl.BaseFxmlApProcessorImpl.isFiscCheckout(BaseFxmlApProcessorImpl.java:1687)
	at com.pro.profep.ap.fxmlap.impl.BaseFxmlApProcessorImpl.<init>(BaseFxmlApProcessorImpl.java:109)
	at com.pro.profep.ap.fxmlap.batch.ResendTxn.<init>(ResendTxn.java:77)
	at sun.reflect.GeneratedConstructorAccessor37.newInstance(Unknown Source)
	at sun.reflect.DelegatingConstructorAccessorImpl.newInstance(Unknown Source)
	at java.lang.reflect.Constructor.newInstance(Unknown Source)
	at java.lang.Class.newInstance(Unknown Source)
	at org.quartz.simpl.SimpleJobFactory.newJob(SimpleJobFactory.java:55)
	at org.quartz.core.JobRunShell.initialize(JobRunShell.java:132)
	at org.quartz.core.QuartzSchedulerThread.run(QuartzSchedulerThread.java:387)
[2019-11-05 16:30:00 003] ERROR [com.pro.profep.ap.fxmlap.impl.BaseFxmlApProcessorImpl error 92] - isFiscCheckout() fail : null
java.lang.NullPointerException
	at com.pro.profep.ap.fxmlap.impl.BaseFxmlApProcessorImpl.isFiscCheckout(BaseFxmlApProcessorImpl.java:1687)
	at com.pro.profep.ap.fxmlap.impl.BaseFxmlApProcessorImpl.<init>(BaseFxmlApProcessorImpl.java:109)
	at com.pro.profep.ap.fxmlap.batch.ResendTxn.<init>(ResendTxn.java:77)
	at sun.reflect.GeneratedConstructorAccessor37.newInstance(Unknown Source)
	at sun.reflect.DelegatingConstructorAccessorImpl.newInstance(Unknown Source)
	at java.lang.reflect.Constructor.newInstance(Unknown Source)
	at java.lang.Class.newInstance(Unknown Source)
	at org.quartz.simpl.SimpleJobFactory.newJob(SimpleJobFactory.java:55)
	at org.quartz.core.JobRunShell.initialize(JobRunShell.java:132)
	at org.quartz.core.QuartzSchedulerThread.run(QuartzSchedulerThread.java:387)
[2019-11-05 16:35:00 002] ERROR [com.pro.profep.ap.fxmlap.impl.BaseFxmlApProcessorImpl error 92] - isFiscCheckout() fail : null
java.lang.NullPointerException
	at com.pro.profep.ap.fxmlap.impl.BaseFxmlApProcessorImpl.isFiscCheckout(BaseFxmlApProcessorImpl.java:1687)
	at com.pro.profep.ap.fxmlap.impl.BaseFxmlApProcessorImpl.<init>(BaseFxmlApProcessorImpl.java:109)
	at com.pro.profep.ap.fxmlap.batch.ResendTxn.<init>(ResendTxn.java:77)
	at sun.reflect.GeneratedConstructorAccessor37.newInstance(Unknown Source)
	at sun.reflect.DelegatingConstructorAccessorImpl.newInstance(Unknown Source)
	at java.lang.reflect.Constructor.newInstance(Unknown Source)
	at java.lang.Class.newInstance(Unknown Source)
	at org.quartz.simpl.SimpleJobFactory.newJob(SimpleJobFactory.java:55)
	at org.quartz.core.JobRunShell.initialize(JobRunShell.java:132)
	at org.quartz.core.QuartzSchedulerThread.run(QuartzSchedulerThread.java:387)
[2019-11-05 16:40:00 003] ERROR [com.pro.profep.ap.fxmlap.impl.BaseFxmlApProcessorImpl error 92] - isFiscCheckout() fail : null
java.lang.NullPointerException
	at com.pro.profep.ap.fxmlap.impl.BaseFxmlApProcessorImpl.isFiscCheckout(BaseFxmlApProcessorImpl.java:1687)
	at com.pro.profep.ap.fxmlap.impl.BaseFxmlApProcessorImpl.<init>(BaseFxmlApProcessorImpl.java:109)
	at com.pro.profep.ap.fxmlap.batch.ResendTxn.<init>(ResendTxn.java:77)
	at sun.reflect.GeneratedConstructorAccessor37.newInstance(Unknown Source)
	at sun.reflect.DelegatingConstructorAccessorImpl.newInstance(Unknown Source)
	at java.lang.reflect.Constructor.newInstance(Unknown Source)
	at java.lang.Class.newInstance(Unknown Source)
	at org.quartz.simpl.SimpleJobFactory.newJob(SimpleJobFactory.java:55)
	at org.quartz.core.JobRunShell.initialize(JobRunShell.java:132)
	at org.quartz.core.QuartzSchedulerThread.run(QuartzSchedulerThread.java:387)
[2019-11-05 16:45:00 002] ERROR [com.pro.profep.ap.fxmlap.impl.BaseFxmlApProcessorImpl error 92] - isFiscCheckout() fail : null
java.lang.NullPointerException
	at com.pro.profep.ap.fxmlap.impl.BaseFxmlApProcessorImpl.isFiscCheckout(BaseFxmlApProcessorImpl.java:1687)
	at com.pro.profep.ap.fxmlap.impl.BaseFxmlApProcessorImpl.<init>(BaseFxmlApProcessorImpl.java:109)
	at com.pro.profep.ap.fxmlap.batch.ResendTxn.<init>(ResendTxn.java:77)
	at sun.reflect.GeneratedConstructorAccessor37.newInstance(Unknown Source)
	at sun.reflect.DelegatingConstructorAccessorImpl.newInstance(Unknown Source)
	at java.lang.reflect.Constructor.newInstance(Unknown Source)
	at java.lang.Class.newInstance(Unknown Source)
	at org.quartz.simpl.SimpleJobFactory.newJob(SimpleJobFactory.java:55)
	at org.quartz.core.JobRunShell.initialize(JobRunShell.java:132)
	at org.quartz.core.QuartzSchedulerThread.run(QuartzSchedulerThread.java:387)
[2019-11-05 16:50:00 011] ERROR [com.pro.profep.ap.fxmlap.impl.BaseFxmlApProcessorImpl error 92] - isFiscCheckout() fail : null
java.lang.NullPointerException
	at com.pro.profep.ap.fxmlap.impl.BaseFxmlApProcessorImpl.isFiscCheckout(BaseFxmlApProcessorImpl.java:1687)
	at com.pro.profep.ap.fxmlap.impl.BaseFxmlApProcessorImpl.<init>(BaseFxmlApProcessorImpl.java:109)
	at com.pro.profep.ap.fxmlap.batch.ResendTxn.<init>(ResendTxn.java:77)
	at sun.reflect.GeneratedConstructorAccessor37.newInstance(Unknown Source)
	at sun.reflect.DelegatingConstructorAccessorImpl.newInstance(Unknown Source)
	at java.lang.reflect.Constructor.newInstance(Unknown Source)
	at java.lang.Class.newInstance(Unknown Source)
	at org.quartz.simpl.SimpleJobFactory.newJob(SimpleJobFactory.java:55)
	at org.quartz.core.JobRunShell.initialize(JobRunShell.java:132)
	at org.quartz.core.QuartzSchedulerThread.run(QuartzSchedulerThread.java:387)
[2019-11-05 16:55:00 003] ERROR [com.pro.profep.ap.fxmlap.impl.BaseFxmlApProcessorImpl error 92] - isFiscCheckout() fail : null
java.lang.NullPointerException
	at com.pro.profep.ap.fxmlap.impl.BaseFxmlApProcessorImpl.isFiscCheckout(BaseFxmlApProcessorImpl.java:1687)
	at com.pro.profep.ap.fxmlap.impl.BaseFxmlApProcessorImpl.<init>(BaseFxmlApProcessorImpl.java:109)
	at com.pro.profep.ap.fxmlap.batch.ResendTxn.<init>(ResendTxn.java:77)
	at sun.reflect.GeneratedConstructorAccessor37.newInstance(Unknown Source)
	at sun.reflect.DelegatingConstructorAccessorImpl.newInstance(Unknown Source)
	at java.lang.reflect.Constructor.newInstance(Unknown Source)
	at java.lang.Class.newInstance(Unknown Source)
	at org.quartz.simpl.SimpleJobFactory.newJob(SimpleJobFactory.java:55)
	at org.quartz.core.JobRunShell.initialize(JobRunShell.java:132)
	at org.quartz.core.QuartzSchedulerThread.run(QuartzSchedulerThread.java:387)
[2019-11-05 17:00:00 003] ERROR [com.pro.profep.ap.fxmlap.impl.BaseFxmlApProcessorImpl error 92] - isFiscCheckout() fail : null
java.lang.NullPointerException
	at com.pro.profep.ap.fxmlap.impl.BaseFxmlApProcessorImpl.isFiscCheckout(BaseFxmlApProcessorImpl.java:1687)
	at com.pro.profep.ap.fxmlap.impl.BaseFxmlApProcessorImpl.<init>(BaseFxmlApProcessorImpl.java:109)
	at com.pro.profep.ap.fxmlap.batch.ResendTxn.<init>(ResendTxn.java:77)
	at sun.reflect.GeneratedConstructorAccessor37.newInstance(Unknown Source)
	at sun.reflect.DelegatingConstructorAccessorImpl.newInstance(Unknown Source)
	at java.lang.reflect.Constructor.newInstance(Unknown Source)
	at java.lang.Class.newInstance(Unknown Source)
	at org.quartz.simpl.SimpleJobFactory.newJob(SimpleJobFactory.java:55)
	at org.quartz.core.JobRunShell.initialize(JobRunShell.java:132)
	at org.quartz.core.QuartzSchedulerThread.run(QuartzSchedulerThread.java:387)
[2019-11-05 17:05:00 002] ERROR [com.pro.profep.ap.fxmlap.impl.BaseFxmlApProcessorImpl error 92] - isFiscCheckout() fail : null
java.lang.NullPointerException
	at com.pro.profep.ap.fxmlap.impl.BaseFxmlApProcessorImpl.isFiscCheckout(BaseFxmlApProcessorImpl.java:1687)
	at com.pro.profep.ap.fxmlap.impl.BaseFxmlApProcessorImpl.<init>(BaseFxmlApProcessorImpl.java:109)
	at com.pro.profep.ap.fxmlap.batch.ResendTxn.<init>(ResendTxn.java:77)
	at sun.reflect.GeneratedConstructorAccessor37.newInstance(Unknown Source)
	at sun.reflect.DelegatingConstructorAccessorImpl.newInstance(Unknown Source)
	at java.lang.reflect.Constructor.newInstance(Unknown Source)
	at java.lang.Class.newInstance(Unknown Source)
	at org.quartz.simpl.SimpleJobFactory.newJob(SimpleJobFactory.java:55)
	at org.quartz.core.JobRunShell.initialize(JobRunShell.java:132)
	at org.quartz.core.QuartzSchedulerThread.run(QuartzSchedulerThread.java:387)
[2019-11-05 17:10:00 003] ERROR [com.pro.profep.ap.fxmlap.impl.BaseFxmlApProcessorImpl error 92] - isFiscCheckout() fail : null
java.lang.NullPointerException
	at com.pro.profep.ap.fxmlap.impl.BaseFxmlApProcessorImpl.isFiscCheckout(BaseFxmlApProcessorImpl.java:1687)
	at com.pro.profep.ap.fxmlap.impl.BaseFxmlApProcessorImpl.<init>(BaseFxmlApProcessorImpl.java:109)
	at com.pro.profep.ap.fxmlap.batch.ResendTxn.<init>(ResendTxn.java:77)
	at sun.reflect.GeneratedConstructorAccessor37.newInstance(Unknown Source)
	at sun.reflect.DelegatingConstructorAccessorImpl.newInstance(Unknown Source)
	at java.lang.reflect.Constructor.newInstance(Unknown Source)
	at java.lang.Class.newInstance(Unknown Source)
	at org.quartz.simpl.SimpleJobFactory.newJob(SimpleJobFactory.java:55)
	at org.quartz.core.JobRunShell.initialize(JobRunShell.java:132)
	at org.quartz.core.QuartzSchedulerThread.run(QuartzSchedulerThread.java:387)
[2019-11-05 17:15:00 001] ERROR [com.pro.profep.ap.fxmlap.impl.BaseFxmlApProcessorImpl error 92] - isFiscCheckout() fail : null
java.lang.NullPointerException
	at com.pro.profep.ap.fxmlap.impl.BaseFxmlApProcessorImpl.isFiscCheckout(BaseFxmlApProcessorImpl.java:1687)
	at com.pro.profep.ap.fxmlap.impl.BaseFxmlApProcessorImpl.<init>(BaseFxmlApProcessorImpl.java:109)
	at com.pro.profep.ap.fxmlap.batch.ResendTxn.<init>(ResendTxn.java:77)
	at sun.reflect.GeneratedConstructorAccessor37.newInstance(Unknown Source)
	at sun.reflect.DelegatingConstructorAccessorImpl.newInstance(Unknown Source)
	at java.lang.reflect.Constructor.newInstance(Unknown Source)
	at java.lang.Class.newInstance(Unknown Source)
	at org.quartz.simpl.SimpleJobFactory.newJob(SimpleJobFactory.java:55)
	at org.quartz.core.JobRunShell.initialize(JobRunShell.java:132)
	at org.quartz.core.QuartzSchedulerThread.run(QuartzSchedulerThread.java:387)
[2019-11-05 17:20:00 003] ERROR [com.pro.profep.ap.fxmlap.impl.BaseFxmlApProcessorImpl error 92] - isFiscCheckout() fail : null
java.lang.NullPointerException
	at com.pro.profep.ap.fxmlap.impl.BaseFxmlApProcessorImpl.isFiscCheckout(BaseFxmlApProcessorImpl.java:1687)
	at com.pro.profep.ap.fxmlap.impl.BaseFxmlApProcessorImpl.<init>(BaseFxmlApProcessorImpl.java:109)
	at com.pro.profep.ap.fxmlap.batch.ResendTxn.<init>(ResendTxn.java:77)
	at sun.reflect.GeneratedConstructorAccessor37.newInstance(Unknown Source)
	at sun.reflect.DelegatingConstructorAccessorImpl.newInstance(Unknown Source)
	at java.lang.reflect.Constructor.newInstance(Unknown Source)
	at java.lang.Class.newInstance(Unknown Source)
	at org.quartz.simpl.SimpleJobFactory.newJob(SimpleJobFactory.java:55)
	at org.quartz.core.JobRunShell.initialize(JobRunShell.java:132)
	at org.quartz.core.QuartzSchedulerThread.run(QuartzSchedulerThread.java:387)
[2019-11-05 17:25:00 002] ERROR [com.pro.profep.ap.fxmlap.impl.BaseFxmlApProcessorImpl error 92] - isFiscCheckout() fail : null
java.lang.NullPointerException
	at com.pro.profep.ap.fxmlap.impl.BaseFxmlApProcessorImpl.isFiscCheckout(BaseFxmlApProcessorImpl.java:1687)
	at com.pro.profep.ap.fxmlap.impl.BaseFxmlApProcessorImpl.<init>(BaseFxmlApProcessorImpl.java:109)
	at com.pro.profep.ap.fxmlap.batch.ResendTxn.<init>(ResendTxn.java:77)
	at sun.reflect.GeneratedConstructorAccessor37.newInstance(Unknown Source)
	at sun.reflect.DelegatingConstructorAccessorImpl.newInstance(Unknown Source)
	at java.lang.reflect.Constructor.newInstance(Unknown Source)
	at java.lang.Class.newInstance(Unknown Source)
	at org.quartz.simpl.SimpleJobFactory.newJob(SimpleJobFactory.java:55)
	at org.quartz.core.JobRunShell.initialize(JobRunShell.java:132)
	at org.quartz.core.QuartzSchedulerThread.run(QuartzSchedulerThread.java:387)
[2019-11-05 17:30:00 003] ERROR [com.pro.profep.ap.fxmlap.impl.BaseFxmlApProcessorImpl error 92] - isFiscCheckout() fail : null
java.lang.NullPointerException
	at com.pro.profep.ap.fxmlap.impl.BaseFxmlApProcessorImpl.isFiscCheckout(BaseFxmlApProcessorImpl.java:1687)
	at com.pro.profep.ap.fxmlap.impl.BaseFxmlApProcessorImpl.<init>(BaseFxmlApProcessorImpl.java:109)
	at com.pro.profep.ap.fxmlap.batch.ResendTxn.<init>(ResendTxn.java:77)
	at sun.reflect.GeneratedConstructorAccessor37.newInstance(Unknown Source)
	at sun.reflect.DelegatingConstructorAccessorImpl.newInstance(Unknown Source)
	at java.lang.reflect.Constructor.newInstance(Unknown Source)
	at java.lang.Class.newInstance(Unknown Source)
	at org.quartz.simpl.SimpleJobFactory.newJob(SimpleJobFactory.java:55)
	at org.quartz.core.JobRunShell.initialize(JobRunShell.java:132)
	at org.quartz.core.QuartzSchedulerThread.run(QuartzSchedulerThread.java:387)
[2019-11-05 17:35:00 002] ERROR [com.pro.profep.ap.fxmlap.impl.BaseFxmlApProcessorImpl error 92] - isFiscCheckout() fail : null
java.lang.NullPointerException
	at com.pro.profep.ap.fxmlap.impl.BaseFxmlApProcessorImpl.isFiscCheckout(BaseFxmlApProcessorImpl.java:1687)
	at com.pro.profep.ap.fxmlap.impl.BaseFxmlApProcessorImpl.<init>(BaseFxmlApProcessorImpl.java:109)
	at com.pro.profep.ap.fxmlap.batch.ResendTxn.<init>(ResendTxn.java:77)
	at sun.reflect.GeneratedConstructorAccessor37.newInstance(Unknown Source)
	at sun.reflect.DelegatingConstructorAccessorImpl.newInstance(Unknown Source)
	at java.lang.reflect.Constructor.newInstance(Unknown Source)
	at java.lang.Class.newInstance(Unknown Source)
	at org.quartz.simpl.SimpleJobFactory.newJob(SimpleJobFactory.java:55)
	at org.quartz.core.JobRunShell.initialize(JobRunShell.java:132)
	at org.quartz.core.QuartzSchedulerThread.run(QuartzSchedulerThread.java:387)
[2019-11-05 17:40:00 003] ERROR [com.pro.profep.ap.fxmlap.impl.BaseFxmlApProcessorImpl error 92] - isFiscCheckout() fail : null
java.lang.NullPointerException
	at com.pro.profep.ap.fxmlap.impl.BaseFxmlApProcessorImpl.isFiscCheckout(BaseFxmlApProcessorImpl.java:1687)
	at com.pro.profep.ap.fxmlap.impl.BaseFxmlApProcessorImpl.<init>(BaseFxmlApProcessorImpl.java:109)
	at com.pro.profep.ap.fxmlap.batch.ResendTxn.<init>(ResendTxn.java:77)
	at sun.reflect.GeneratedConstructorAccessor37.newInstance(Unknown Source)
	at sun.reflect.DelegatingConstructorAccessorImpl.newInstance(Unknown Source)
	at java.lang.reflect.Constructor.newInstance(Unknown Source)
	at java.lang.Class.newInstance(Unknown Source)
	at org.quartz.simpl.SimpleJobFactory.newJob(SimpleJobFactory.java:55)
	at org.quartz.core.JobRunShell.initialize(JobRunShell.java:132)
	at org.quartz.core.QuartzSchedulerThread.run(QuartzSchedulerThread.java:387)
[2019-11-05 17:45:00 002] ERROR [com.pro.profep.ap.fxmlap.impl.BaseFxmlApProcessorImpl error 92] - isFiscCheckout() fail : null
java.lang.NullPointerException
	at com.pro.profep.ap.fxmlap.impl.BaseFxmlApProcessorImpl.isFiscCheckout(BaseFxmlApProcessorImpl.java:1687)
	at com.pro.profep.ap.fxmlap.impl.BaseFxmlApProcessorImpl.<init>(BaseFxmlApProcessorImpl.java:109)
	at com.pro.profep.ap.fxmlap.batch.ResendTxn.<init>(ResendTxn.java:77)
	at sun.reflect.GeneratedConstructorAccessor37.newInstance(Unknown Source)
	at sun.reflect.DelegatingConstructorAccessorImpl.newInstance(Unknown Source)
	at java.lang.reflect.Constructor.newInstance(Unknown Source)
	at java.lang.Class.newInstance(Unknown Source)
	at org.quartz.simpl.SimpleJobFactory.newJob(SimpleJobFactory.java:55)
	at org.quartz.core.JobRunShell.initialize(JobRunShell.java:132)
	at org.quartz.core.QuartzSchedulerThread.run(QuartzSchedulerThread.java:387)
[2019-11-05 17:50:00 003] ERROR [com.pro.profep.ap.fxmlap.impl.BaseFxmlApProcessorImpl error 92] - isFiscCheckout() fail : null
java.lang.NullPointerException
	at com.pro.profep.ap.fxmlap.impl.BaseFxmlApProcessorImpl.isFiscCheckout(BaseFxmlApProcessorImpl.java:1687)
	at com.pro.profep.ap.fxmlap.impl.BaseFxmlApProcessorImpl.<init>(BaseFxmlApProcessorImpl.java:109)
	at com.pro.profep.ap.fxmlap.batch.ResendTxn.<init>(ResendTxn.java:77)
	at sun.reflect.GeneratedConstructorAccessor37.newInstance(Unknown Source)
	at sun.reflect.DelegatingConstructorAccessorImpl.newInstance(Unknown Source)
	at java.lang.reflect.Constructor.newInstance(Unknown Source)
	at java.lang.Class.newInstance(Unknown Source)
	at org.quartz.simpl.SimpleJobFactory.newJob(SimpleJobFactory.java:55)
	at org.quartz.core.JobRunShell.initialize(JobRunShell.java:132)
	at org.quartz.core.QuartzSchedulerThread.run(QuartzSchedulerThread.java:387)
[2019-11-05 17:55:00 002] ERROR [com.pro.profep.ap.fxmlap.impl.BaseFxmlApProcessorImpl error 92] - isFiscCheckout() fail : null
java.lang.NullPointerException
	at com.pro.profep.ap.fxmlap.impl.BaseFxmlApProcessorImpl.isFiscCheckout(BaseFxmlApProcessorImpl.java:1687)
	at com.pro.profep.ap.fxmlap.impl.BaseFxmlApProcessorImpl.<init>(BaseFxmlApProcessorImpl.java:109)
	at com.pro.profep.ap.fxmlap.batch.ResendTxn.<init>(ResendTxn.java:77)
	at sun.reflect.GeneratedConstructorAccessor37.newInstance(Unknown Source)
	at sun.reflect.DelegatingConstructorAccessorImpl.newInstance(Unknown Source)
	at java.lang.reflect.Constructor.newInstance(Unknown Source)
	at java.lang.Class.newInstance(Unknown Source)
	at org.quartz.simpl.SimpleJobFactory.newJob(SimpleJobFactory.java:55)
	at org.quartz.core.JobRunShell.initialize(JobRunShell.java:132)
	at org.quartz.core.QuartzSchedulerThread.run(QuartzSchedulerThread.java:387)
[2019-11-05 18:00:00 002] ERROR [com.pro.profep.ap.fxmlap.impl.BaseFxmlApProcessorImpl error 92] - isFiscCheckout() fail : null
java.lang.NullPointerException
	at com.pro.profep.ap.fxmlap.impl.BaseFxmlApProcessorImpl.isFiscCheckout(BaseFxmlApProcessorImpl.java:1687)
	at com.pro.profep.ap.fxmlap.impl.BaseFxmlApProcessorImpl.<init>(BaseFxmlApProcessorImpl.java:109)
	at com.pro.profep.ap.fxmlap.batch.ResendTxn.<init>(ResendTxn.java:77)
	at sun.reflect.GeneratedConstructorAccessor37.newInstance(Unknown Source)
	at sun.reflect.DelegatingConstructorAccessorImpl.newInstance(Unknown Source)
	at java.lang.reflect.Constructor.newInstance(Unknown Source)
	at java.lang.Class.newInstance(Unknown Source)
	at org.quartz.simpl.SimpleJobFactory.newJob(SimpleJobFactory.java:55)
	at org.quartz.core.JobRunShell.initialize(JobRunShell.java:132)
	at org.quartz.core.QuartzSchedulerThread.run(QuartzSchedulerThread.java:387)
