[2019-11-18 16:25:37 823] ERROR [com.pro.proutils.schedule.SchedulerFactory initSpring 44] - 
org.springframework.beans.factory.BeanCreationException: Error creating bean with name 'sbfin_db_SqlMapClient' defined in file [C:\company\firstproject workspace\proFxmlWeb-console\config_sys\databaseConfig.xml]: Invocation of init method failed; nested exception is java.lang.RuntimeException: Error occurred.  Cause: com.ibatis.common.xml.NodeletException: Error parsing XML.  Cause: java.lang.RuntimeException: Error parsing XPath '/sqlMapConfig/sqlMap'.  Cause: com.ibatis.common.xml.NodeletException: Error parsing XML.  Cause: java.lang.RuntimeException: Error parsing XPath '/sqlMap/select'.  Cause: com.ibatis.sqlmap.client.SqlMapException: Error.  Could not initialize class.  Cause: java.lang.ClassNotFoundException: com.provision.profxml.ibatis.model.sbfin.FinOutputFlatExample from [Module "deployment.proFxmlWeb-console.war" from Service Module Loader]
	at org.springframework.beans.factory.support.AbstractAutowireCapableBeanFactory.initializeBean(AbstractAutowireCapableBeanFactory.java:1362)
	at org.springframework.beans.factory.support.AbstractAutowireCapableBeanFactory.doCreateBean(AbstractAutowireCapableBeanFactory.java:540)
	at org.springframework.beans.factory.support.AbstractAutowireCapableBeanFactory$1.run(AbstractAutowireCapableBeanFactory.java:485)
	at java.security.AccessController.doPrivileged(Native Method)
	at org.springframework.beans.factory.support.AbstractAutowireCapableBeanFactory.createBean(AbstractAutowireCapableBeanFactory.java:455)
	at org.springframework.beans.factory.support.AbstractBeanFactory.getBean(AbstractBeanFactory.java:270)
	at org.springframework.beans.factory.support.AbstractBeanFactory.getBean(AbstractBeanFactory.java:170)
	at org.springframework.context.support.AbstractApplicationContext.getBean(AbstractApplicationContext.java:883)
	at com.provision.profxml.ibatis.service.sbfin.BeanFactory.getBean(BeanFactory.java:33)
	at com.provision.profxml.ibatis.service.sbfin.EdiadmUserAndRoleService.<init>(EdiadmUserAndRoleService.java:15)
	at com.pro.fxml.web.adm.batch.RoleInfo.<init>(RoleInfo.java:32)
	at sun.reflect.NativeConstructorAccessorImpl.newInstance0(Native Method)
	at sun.reflect.NativeConstructorAccessorImpl.newInstance(Unknown Source)
	at sun.reflect.DelegatingConstructorAccessorImpl.newInstance(Unknown Source)
	at java.lang.reflect.Constructor.newInstance(Unknown Source)
	at java.lang.Class.newInstance(Unknown Source)
	at com.pro.proutils.schedule.Schedule.add(Schedule.java:95)
	at com.pro.proutils.schedule.SchedulerFactory.initSpring(SchedulerFactory.java:42)
	at com.pro.fxml.web.adm.util.InitProcess.init(InitProcess.java:25)
	at io.undertow.servlet.core.LifecyleInterceptorInvocation.proceed(LifecyleInterceptorInvocation.java:117)
	at org.wildfly.extension.undertow.security.RunAsLifecycleInterceptor.init(RunAsLifecycleInterceptor.java:78)
	at io.undertow.servlet.core.LifecyleInterceptorInvocation.proceed(LifecyleInterceptorInvocation.java:103)
	at io.undertow.servlet.core.ManagedServlet$DefaultInstanceStrategy.start(ManagedServlet.java:303)
	at io.undertow.servlet.core.ManagedServlet.createServlet(ManagedServlet.java:143)
	at io.undertow.servlet.core.DeploymentManagerImpl$2.call(DeploymentManagerImpl.java:583)
	at io.undertow.servlet.core.DeploymentManagerImpl$2.call(DeploymentManagerImpl.java:554)
	at io.undertow.servlet.core.ServletRequestContextThreadSetupAction$1.call(ServletRequestContextThreadSetupAction.java:42)
	at io.undertow.servlet.core.ContextClassLoaderSetupAction$1.call(ContextClassLoaderSetupAction.java:43)
	at org.wildfly.extension.undertow.security.SecurityContextThreadSetupAction.lambda$create$0(SecurityContextThreadSetupAction.java:105)
	at org.wildfly.extension.undertow.deployment.UndertowDeploymentInfoService$UndertowThreadSetupAction.lambda$create$0(UndertowDeploymentInfoService.java:1502)
	at org.wildfly.extension.undertow.deployment.UndertowDeploymentInfoService$UndertowThreadSetupAction.lambda$create$0(UndertowDeploymentInfoService.java:1502)
	at org.wildfly.extension.undertow.deployment.UndertowDeploymentInfoService$UndertowThreadSetupAction.lambda$create$0(UndertowDeploymentInfoService.java:1502)
	at org.wildfly.extension.undertow.deployment.UndertowDeploymentInfoService$UndertowThreadSetupAction.lambda$create$0(UndertowDeploymentInfoService.java:1502)
	at io.undertow.servlet.core.DeploymentManagerImpl.start(DeploymentManagerImpl.java:596)
	at org.wildfly.extension.undertow.deployment.UndertowDeploymentService.startContext(UndertowDeploymentService.java:97)
	at org.wildfly.extension.undertow.deployment.UndertowDeploymentService$1.run(UndertowDeploymentService.java:78)
	at java.util.concurrent.Executors$RunnableAdapter.call(Unknown Source)
	at java.util.concurrent.FutureTask.run(Unknown Source)
	at org.jboss.threads.ContextClassLoaderSavingRunnable.run(ContextClassLoaderSavingRunnable.java:35)
	at org.jboss.threads.EnhancedQueueExecutor.safeRun(EnhancedQueueExecutor.java:1985)
	at org.jboss.threads.EnhancedQueueExecutor$ThreadBody.doRunTask(EnhancedQueueExecutor.java:1487)
	at org.jboss.threads.EnhancedQueueExecutor$ThreadBody.run(EnhancedQueueExecutor.java:1378)
	at java.lang.Thread.run(Unknown Source)
	at org.jboss.threads.JBossThread.run(JBossThread.java:485)
Caused by: java.lang.RuntimeException: Error occurred.  Cause: com.ibatis.common.xml.NodeletException: Error parsing XML.  Cause: java.lang.RuntimeException: Error parsing XPath '/sqlMapConfig/sqlMap'.  Cause: com.ibatis.common.xml.NodeletException: Error parsing XML.  Cause: java.lang.RuntimeException: Error parsing XPath '/sqlMap/select'.  Cause: com.ibatis.sqlmap.client.SqlMapException: Error.  Could not initialize class.  Cause: java.lang.ClassNotFoundException: com.provision.profxml.ibatis.model.sbfin.FinOutputFlatExample from [Module "deployment.proFxmlWeb-console.war" from Service Module Loader]
	at com.ibatis.sqlmap.engine.builder.xml.SqlMapConfigParser.parse(SqlMapConfigParser.java:65)
	at com.ibatis.sqlmap.client.SqlMapClientBuilder.buildSqlMapClient(SqlMapClientBuilder.java:90)
	at org.springframework.orm.ibatis.SqlMapClientFactoryBean.buildSqlMapClient(SqlMapClientFactoryBean.java:326)
	at org.springframework.orm.ibatis.SqlMapClientFactoryBean.afterPropertiesSet(SqlMapClientFactoryBean.java:280)
	at org.springframework.beans.factory.support.AbstractAutowireCapableBeanFactory.invokeInitMethods(AbstractAutowireCapableBeanFactory.java:1390)
	at org.springframework.beans.factory.support.AbstractAutowireCapableBeanFactory.initializeBean(AbstractAutowireCapableBeanFactory.java:1359)
	... 43 more
Caused by: com.ibatis.common.xml.NodeletException: Error parsing XML.  Cause: java.lang.RuntimeException: Error parsing XPath '/sqlMapConfig/sqlMap'.  Cause: com.ibatis.common.xml.NodeletException: Error parsing XML.  Cause: java.lang.RuntimeException: Error parsing XPath '/sqlMap/select'.  Cause: com.ibatis.sqlmap.client.SqlMapException: Error.  Could not initialize class.  Cause: java.lang.ClassNotFoundException: com.provision.profxml.ibatis.model.sbfin.FinOutputFlatExample from [Module "deployment.proFxmlWeb-console.war" from Service Module Loader]
	at com.ibatis.common.xml.NodeletParser.parse(NodeletParser.java:62)
	at com.ibatis.sqlmap.engine.builder.xml.SqlMapConfigParser.parse(SqlMapConfigParser.java:62)
	... 48 more
Caused by: java.lang.RuntimeException: Error parsing XPath '/sqlMapConfig/sqlMap'.  Cause: com.ibatis.common.xml.NodeletException: Error parsing XML.  Cause: java.lang.RuntimeException: Error parsing XPath '/sqlMap/select'.  Cause: com.ibatis.sqlmap.client.SqlMapException: Error.  Could not initialize class.  Cause: java.lang.ClassNotFoundException: com.provision.profxml.ibatis.model.sbfin.FinOutputFlatExample from [Module "deployment.proFxmlWeb-console.war" from Service Module Loader]
	at com.ibatis.common.xml.NodeletParser.processNodelet(NodeletParser.java:123)
	at com.ibatis.common.xml.NodeletParser.process(NodeletParser.java:84)
	at com.ibatis.common.xml.NodeletParser.process(NodeletParser.java:102)
	at com.ibatis.common.xml.NodeletParser.parse(NodeletParser.java:72)
	at com.ibatis.common.xml.NodeletParser.parse(NodeletParser.java:60)
	... 49 more
Caused by: com.ibatis.common.xml.NodeletException: Error parsing XML.  Cause: java.lang.RuntimeException: Error parsing XPath '/sqlMap/select'.  Cause: com.ibatis.sqlmap.client.SqlMapException: Error.  Could not initialize class.  Cause: java.lang.ClassNotFoundException: com.provision.profxml.ibatis.model.sbfin.FinOutputFlatExample from [Module "deployment.proFxmlWeb-console.war" from Service Module Loader]
	at com.ibatis.common.xml.NodeletParser.parse(NodeletParser.java:62)
	at com.ibatis.sqlmap.engine.builder.xml.SqlMapParser.parse(SqlMapParser.java:44)
	at com.ibatis.sqlmap.engine.builder.xml.SqlMapConfigParser$10.process(SqlMapConfigParser.java:257)
	at com.ibatis.common.xml.NodeletParser.processNodelet(NodeletParser.java:121)
	... 53 more
Caused by: java.lang.RuntimeException: Error parsing XPath '/sqlMap/select'.  Cause: com.ibatis.sqlmap.client.SqlMapException: Error.  Could not initialize class.  Cause: java.lang.ClassNotFoundException: com.provision.profxml.ibatis.model.sbfin.FinOutputFlatExample from [Module "deployment.proFxmlWeb-console.war" from Service Module Loader]
	at com.ibatis.common.xml.NodeletParser.processNodelet(NodeletParser.java:123)
	at com.ibatis.common.xml.NodeletParser.process(NodeletParser.java:84)
	at com.ibatis.common.xml.NodeletParser.process(NodeletParser.java:102)
	at com.ibatis.common.xml.NodeletParser.parse(NodeletParser.java:72)
	at com.ibatis.common.xml.NodeletParser.parse(NodeletParser.java:60)
	... 56 more
Caused by: com.ibatis.sqlmap.client.SqlMapException: Error.  Could not initialize class.  Cause: java.lang.ClassNotFoundException: com.provision.profxml.ibatis.model.sbfin.FinOutputFlatExample from [Module "deployment.proFxmlWeb-console.war" from Service Module Loader]
	at com.ibatis.sqlmap.engine.builder.xml.SqlStatementParser.resolveClass(SqlStatementParser.java:89)
	at com.ibatis.sqlmap.engine.builder.xml.SqlStatementParser.parseGeneralStatement(SqlStatementParser.java:64)
	at com.ibatis.sqlmap.engine.builder.xml.SqlMapParser$21.process(SqlMapParser.java:362)
	at com.ibatis.common.xml.NodeletParser.processNodelet(NodeletParser.java:121)
	... 60 more
Caused by: java.lang.ClassNotFoundException: com.provision.profxml.ibatis.model.sbfin.FinOutputFlatExample from [Module "deployment.proFxmlWeb-console.war" from Service Module Loader]
	at org.jboss.modules.ModuleClassLoader.findClass(ModuleClassLoader.java:255)
	at org.jboss.modules.ConcurrentClassLoader.performLoadClassUnchecked(ConcurrentClassLoader.java:410)
	at org.jboss.modules.ConcurrentClassLoader.performLoadClass(ConcurrentClassLoader.java:398)
	at org.jboss.modules.ConcurrentClassLoader.loadClass(ConcurrentClassLoader.java:116)
	at java.lang.Class.forName0(Native Method)
	at java.lang.Class.forName(Unknown Source)
	at com.ibatis.common.resources.Resources.classForName(Resources.java:267)
	at com.ibatis.sqlmap.engine.builder.xml.SqlStatementParser.resolveClass(SqlStatementParser.java:84)
	... 63 more
[2019-11-18 16:27:16 123] ERROR [com.pro.proutils.schedule.SchedulerFactory initSpring 44] - 
org.springframework.beans.factory.BeanCreationException: Error creating bean with name 'sbfin_db_SqlMapClient' defined in file [C:\company\firstproject workspace\proFxmlWeb-console\config_sys\databaseConfig.xml]: Invocation of init method failed; nested exception is java.lang.RuntimeException: Error occurred.  Cause: com.ibatis.common.xml.NodeletException: Error parsing XML.  Cause: java.lang.RuntimeException: Error parsing XPath '/sqlMapConfig/sqlMap'.  Cause: com.ibatis.common.xml.NodeletException: Error parsing XML.  Cause: java.lang.RuntimeException: Error parsing XPath '/sqlMap/select'.  Cause: com.ibatis.sqlmap.client.SqlMapException: Error.  Could not initialize class.  Cause: java.lang.ClassNotFoundException: com.provision.profxml.ibatis.model.sbfin.FinOutputFlatExample from [Module "deployment.proFxmlWeb-console.war" from Service Module Loader]
	at org.springframework.beans.factory.support.AbstractAutowireCapableBeanFactory.initializeBean(AbstractAutowireCapableBeanFactory.java:1362)
	at org.springframework.beans.factory.support.AbstractAutowireCapableBeanFactory.doCreateBean(AbstractAutowireCapableBeanFactory.java:540)
	at org.springframework.beans.factory.support.AbstractAutowireCapableBeanFactory$1.run(AbstractAutowireCapableBeanFactory.java:485)
	at java.security.AccessController.doPrivileged(Native Method)
	at org.springframework.beans.factory.support.AbstractAutowireCapableBeanFactory.createBean(AbstractAutowireCapableBeanFactory.java:455)
	at org.springframework.beans.factory.support.AbstractBeanFactory.getBean(AbstractBeanFactory.java:270)
	at org.springframework.beans.factory.support.AbstractBeanFactory.getBean(AbstractBeanFactory.java:170)
	at org.springframework.context.support.AbstractApplicationContext.getBean(AbstractApplicationContext.java:883)
	at com.provision.profxml.ibatis.service.sbfin.BeanFactory.getBean(BeanFactory.java:33)
	at com.provision.profxml.ibatis.service.sbfin.EdiadmUserAndRoleService.<init>(EdiadmUserAndRoleService.java:15)
	at com.pro.fxml.web.adm.batch.RoleInfo.<init>(RoleInfo.java:32)
	at sun.reflect.NativeConstructorAccessorImpl.newInstance0(Native Method)
	at sun.reflect.NativeConstructorAccessorImpl.newInstance(Unknown Source)
	at sun.reflect.DelegatingConstructorAccessorImpl.newInstance(Unknown Source)
	at java.lang.reflect.Constructor.newInstance(Unknown Source)
	at java.lang.Class.newInstance(Unknown Source)
	at com.pro.proutils.schedule.Schedule.add(Schedule.java:95)
	at com.pro.proutils.schedule.SchedulerFactory.initSpring(SchedulerFactory.java:42)
	at com.pro.fxml.web.adm.util.InitProcess.init(InitProcess.java:25)
	at io.undertow.servlet.core.LifecyleInterceptorInvocation.proceed(LifecyleInterceptorInvocation.java:117)
	at org.wildfly.extension.undertow.security.RunAsLifecycleInterceptor.init(RunAsLifecycleInterceptor.java:78)
	at io.undertow.servlet.core.LifecyleInterceptorInvocation.proceed(LifecyleInterceptorInvocation.java:103)
	at io.undertow.servlet.core.ManagedServlet$DefaultInstanceStrategy.start(ManagedServlet.java:303)
	at io.undertow.servlet.core.ManagedServlet.createServlet(ManagedServlet.java:143)
	at io.undertow.servlet.core.DeploymentManagerImpl$2.call(DeploymentManagerImpl.java:583)
	at io.undertow.servlet.core.DeploymentManagerImpl$2.call(DeploymentManagerImpl.java:554)
	at io.undertow.servlet.core.ServletRequestContextThreadSetupAction$1.call(ServletRequestContextThreadSetupAction.java:42)
	at io.undertow.servlet.core.ContextClassLoaderSetupAction$1.call(ContextClassLoaderSetupAction.java:43)
	at org.wildfly.extension.undertow.security.SecurityContextThreadSetupAction.lambda$create$0(SecurityContextThreadSetupAction.java:105)
	at org.wildfly.extension.undertow.deployment.UndertowDeploymentInfoService$UndertowThreadSetupAction.lambda$create$0(UndertowDeploymentInfoService.java:1502)
	at org.wildfly.extension.undertow.deployment.UndertowDeploymentInfoService$UndertowThreadSetupAction.lambda$create$0(UndertowDeploymentInfoService.java:1502)
	at org.wildfly.extension.undertow.deployment.UndertowDeploymentInfoService$UndertowThreadSetupAction.lambda$create$0(UndertowDeploymentInfoService.java:1502)
	at org.wildfly.extension.undertow.deployment.UndertowDeploymentInfoService$UndertowThreadSetupAction.lambda$create$0(UndertowDeploymentInfoService.java:1502)
	at io.undertow.servlet.core.DeploymentManagerImpl.start(DeploymentManagerImpl.java:596)
	at org.wildfly.extension.undertow.deployment.UndertowDeploymentService.startContext(UndertowDeploymentService.java:97)
	at org.wildfly.extension.undertow.deployment.UndertowDeploymentService$1.run(UndertowDeploymentService.java:78)
	at java.util.concurrent.Executors$RunnableAdapter.call(Unknown Source)
	at java.util.concurrent.FutureTask.run(Unknown Source)
	at org.jboss.threads.ContextClassLoaderSavingRunnable.run(ContextClassLoaderSavingRunnable.java:35)
	at org.jboss.threads.EnhancedQueueExecutor.safeRun(EnhancedQueueExecutor.java:1985)
	at org.jboss.threads.EnhancedQueueExecutor$ThreadBody.doRunTask(EnhancedQueueExecutor.java:1487)
	at org.jboss.threads.EnhancedQueueExecutor$ThreadBody.run(EnhancedQueueExecutor.java:1378)
	at java.lang.Thread.run(Unknown Source)
	at org.jboss.threads.JBossThread.run(JBossThread.java:485)
Caused by: java.lang.RuntimeException: Error occurred.  Cause: com.ibatis.common.xml.NodeletException: Error parsing XML.  Cause: java.lang.RuntimeException: Error parsing XPath '/sqlMapConfig/sqlMap'.  Cause: com.ibatis.common.xml.NodeletException: Error parsing XML.  Cause: java.lang.RuntimeException: Error parsing XPath '/sqlMap/select'.  Cause: com.ibatis.sqlmap.client.SqlMapException: Error.  Could not initialize class.  Cause: java.lang.ClassNotFoundException: com.provision.profxml.ibatis.model.sbfin.FinOutputFlatExample from [Module "deployment.proFxmlWeb-console.war" from Service Module Loader]
	at com.ibatis.sqlmap.engine.builder.xml.SqlMapConfigParser.parse(SqlMapConfigParser.java:65)
	at com.ibatis.sqlmap.client.SqlMapClientBuilder.buildSqlMapClient(SqlMapClientBuilder.java:90)
	at org.springframework.orm.ibatis.SqlMapClientFactoryBean.buildSqlMapClient(SqlMapClientFactoryBean.java:326)
	at org.springframework.orm.ibatis.SqlMapClientFactoryBean.afterPropertiesSet(SqlMapClientFactoryBean.java:280)
	at org.springframework.beans.factory.support.AbstractAutowireCapableBeanFactory.invokeInitMethods(AbstractAutowireCapableBeanFactory.java:1390)
	at org.springframework.beans.factory.support.AbstractAutowireCapableBeanFactory.initializeBean(AbstractAutowireCapableBeanFactory.java:1359)
	... 43 more
Caused by: com.ibatis.common.xml.NodeletException: Error parsing XML.  Cause: java.lang.RuntimeException: Error parsing XPath '/sqlMapConfig/sqlMap'.  Cause: com.ibatis.common.xml.NodeletException: Error parsing XML.  Cause: java.lang.RuntimeException: Error parsing XPath '/sqlMap/select'.  Cause: com.ibatis.sqlmap.client.SqlMapException: Error.  Could not initialize class.  Cause: java.lang.ClassNotFoundException: com.provision.profxml.ibatis.model.sbfin.FinOutputFlatExample from [Module "deployment.proFxmlWeb-console.war" from Service Module Loader]
	at com.ibatis.common.xml.NodeletParser.parse(NodeletParser.java:62)
	at com.ibatis.sqlmap.engine.builder.xml.SqlMapConfigParser.parse(SqlMapConfigParser.java:62)
	... 48 more
Caused by: java.lang.RuntimeException: Error parsing XPath '/sqlMapConfig/sqlMap'.  Cause: com.ibatis.common.xml.NodeletException: Error parsing XML.  Cause: java.lang.RuntimeException: Error parsing XPath '/sqlMap/select'.  Cause: com.ibatis.sqlmap.client.SqlMapException: Error.  Could not initialize class.  Cause: java.lang.ClassNotFoundException: com.provision.profxml.ibatis.model.sbfin.FinOutputFlatExample from [Module "deployment.proFxmlWeb-console.war" from Service Module Loader]
	at com.ibatis.common.xml.NodeletParser.processNodelet(NodeletParser.java:123)
	at com.ibatis.common.xml.NodeletParser.process(NodeletParser.java:84)
	at com.ibatis.common.xml.NodeletParser.process(NodeletParser.java:102)
	at com.ibatis.common.xml.NodeletParser.parse(NodeletParser.java:72)
	at com.ibatis.common.xml.NodeletParser.parse(NodeletParser.java:60)
	... 49 more
Caused by: com.ibatis.common.xml.NodeletException: Error parsing XML.  Cause: java.lang.RuntimeException: Error parsing XPath '/sqlMap/select'.  Cause: com.ibatis.sqlmap.client.SqlMapException: Error.  Could not initialize class.  Cause: java.lang.ClassNotFoundException: com.provision.profxml.ibatis.model.sbfin.FinOutputFlatExample from [Module "deployment.proFxmlWeb-console.war" from Service Module Loader]
	at com.ibatis.common.xml.NodeletParser.parse(NodeletParser.java:62)
	at com.ibatis.sqlmap.engine.builder.xml.SqlMapParser.parse(SqlMapParser.java:44)
	at com.ibatis.sqlmap.engine.builder.xml.SqlMapConfigParser$10.process(SqlMapConfigParser.java:257)
	at com.ibatis.common.xml.NodeletParser.processNodelet(NodeletParser.java:121)
	... 53 more
Caused by: java.lang.RuntimeException: Error parsing XPath '/sqlMap/select'.  Cause: com.ibatis.sqlmap.client.SqlMapException: Error.  Could not initialize class.  Cause: java.lang.ClassNotFoundException: com.provision.profxml.ibatis.model.sbfin.FinOutputFlatExample from [Module "deployment.proFxmlWeb-console.war" from Service Module Loader]
	at com.ibatis.common.xml.NodeletParser.processNodelet(NodeletParser.java:123)
	at com.ibatis.common.xml.NodeletParser.process(NodeletParser.java:84)
	at com.ibatis.common.xml.NodeletParser.process(NodeletParser.java:102)
	at com.ibatis.common.xml.NodeletParser.parse(NodeletParser.java:72)
	at com.ibatis.common.xml.NodeletParser.parse(NodeletParser.java:60)
	... 56 more
Caused by: com.ibatis.sqlmap.client.SqlMapException: Error.  Could not initialize class.  Cause: java.lang.ClassNotFoundException: com.provision.profxml.ibatis.model.sbfin.FinOutputFlatExample from [Module "deployment.proFxmlWeb-console.war" from Service Module Loader]
	at com.ibatis.sqlmap.engine.builder.xml.SqlStatementParser.resolveClass(SqlStatementParser.java:89)
	at com.ibatis.sqlmap.engine.builder.xml.SqlStatementParser.parseGeneralStatement(SqlStatementParser.java:64)
	at com.ibatis.sqlmap.engine.builder.xml.SqlMapParser$21.process(SqlMapParser.java:362)
	at com.ibatis.common.xml.NodeletParser.processNodelet(NodeletParser.java:121)
	... 60 more
Caused by: java.lang.ClassNotFoundException: com.provision.profxml.ibatis.model.sbfin.FinOutputFlatExample from [Module "deployment.proFxmlWeb-console.war" from Service Module Loader]
	at org.jboss.modules.ModuleClassLoader.findClass(ModuleClassLoader.java:255)
	at org.jboss.modules.ConcurrentClassLoader.performLoadClassUnchecked(ConcurrentClassLoader.java:410)
	at org.jboss.modules.ConcurrentClassLoader.performLoadClass(ConcurrentClassLoader.java:398)
	at org.jboss.modules.ConcurrentClassLoader.loadClass(ConcurrentClassLoader.java:116)
	at java.lang.Class.forName0(Native Method)
	at java.lang.Class.forName(Unknown Source)
	at com.ibatis.common.resources.Resources.classForName(Resources.java:267)
	at com.ibatis.sqlmap.engine.builder.xml.SqlStatementParser.resolveClass(SqlStatementParser.java:84)
	... 63 more
[2019-11-18 16:32:08 186] ERROR [com.pro.proutils.schedule.SchedulerFactory initSpring 44] - 
org.springframework.beans.factory.BeanCreationException: Error creating bean with name 'sbfin_db_SqlMapClient' defined in file [C:\company\firstproject workspace\proFxmlWeb-console\config_sys\databaseConfig.xml]: Invocation of init method failed; nested exception is java.io.FileNotFoundException: WEB-INF\config_sys\SqlMapConfig_nbediDb.xml (系統找不到指定的路徑。)
	at org.springframework.beans.factory.support.AbstractAutowireCapableBeanFactory.initializeBean(AbstractAutowireCapableBeanFactory.java:1362)
	at org.springframework.beans.factory.support.AbstractAutowireCapableBeanFactory.doCreateBean(AbstractAutowireCapableBeanFactory.java:540)
	at org.springframework.beans.factory.support.AbstractAutowireCapableBeanFactory$1.run(AbstractAutowireCapableBeanFactory.java:485)
	at java.security.AccessController.doPrivileged(Native Method)
	at org.springframework.beans.factory.support.AbstractAutowireCapableBeanFactory.createBean(AbstractAutowireCapableBeanFactory.java:455)
	at org.springframework.beans.factory.support.AbstractBeanFactory.getBean(AbstractBeanFactory.java:270)
	at org.springframework.beans.factory.support.AbstractBeanFactory.getBean(AbstractBeanFactory.java:170)
	at org.springframework.context.support.AbstractApplicationContext.getBean(AbstractApplicationContext.java:883)
	at com.provision.profxml.ibatis.service.sbfin.BeanFactory.getBean(BeanFactory.java:33)
	at com.provision.profxml.ibatis.service.sbfin.EdiadmUserAndRoleService.<init>(EdiadmUserAndRoleService.java:15)
	at com.pro.fxml.web.adm.batch.RoleInfo.<init>(RoleInfo.java:32)
	at sun.reflect.NativeConstructorAccessorImpl.newInstance0(Native Method)
	at sun.reflect.NativeConstructorAccessorImpl.newInstance(Unknown Source)
	at sun.reflect.DelegatingConstructorAccessorImpl.newInstance(Unknown Source)
	at java.lang.reflect.Constructor.newInstance(Unknown Source)
	at java.lang.Class.newInstance(Unknown Source)
	at com.pro.proutils.schedule.Schedule.add(Schedule.java:95)
	at com.pro.proutils.schedule.SchedulerFactory.initSpring(SchedulerFactory.java:42)
	at com.pro.fxml.web.adm.util.InitProcess.init(InitProcess.java:25)
	at io.undertow.servlet.core.LifecyleInterceptorInvocation.proceed(LifecyleInterceptorInvocation.java:117)
	at org.wildfly.extension.undertow.security.RunAsLifecycleInterceptor.init(RunAsLifecycleInterceptor.java:78)
	at io.undertow.servlet.core.LifecyleInterceptorInvocation.proceed(LifecyleInterceptorInvocation.java:103)
	at io.undertow.servlet.core.ManagedServlet$DefaultInstanceStrategy.start(ManagedServlet.java:303)
	at io.undertow.servlet.core.ManagedServlet.createServlet(ManagedServlet.java:143)
	at io.undertow.servlet.core.DeploymentManagerImpl$2.call(DeploymentManagerImpl.java:583)
	at io.undertow.servlet.core.DeploymentManagerImpl$2.call(DeploymentManagerImpl.java:554)
	at io.undertow.servlet.core.ServletRequestContextThreadSetupAction$1.call(ServletRequestContextThreadSetupAction.java:42)
	at io.undertow.servlet.core.ContextClassLoaderSetupAction$1.call(ContextClassLoaderSetupAction.java:43)
	at org.wildfly.extension.undertow.security.SecurityContextThreadSetupAction.lambda$create$0(SecurityContextThreadSetupAction.java:105)
	at org.wildfly.extension.undertow.deployment.UndertowDeploymentInfoService$UndertowThreadSetupAction.lambda$create$0(UndertowDeploymentInfoService.java:1502)
	at org.wildfly.extension.undertow.deployment.UndertowDeploymentInfoService$UndertowThreadSetupAction.lambda$create$0(UndertowDeploymentInfoService.java:1502)
	at org.wildfly.extension.undertow.deployment.UndertowDeploymentInfoService$UndertowThreadSetupAction.lambda$create$0(UndertowDeploymentInfoService.java:1502)
	at org.wildfly.extension.undertow.deployment.UndertowDeploymentInfoService$UndertowThreadSetupAction.lambda$create$0(UndertowDeploymentInfoService.java:1502)
	at io.undertow.servlet.core.DeploymentManagerImpl.start(DeploymentManagerImpl.java:596)
	at org.wildfly.extension.undertow.deployment.UndertowDeploymentService.startContext(UndertowDeploymentService.java:97)
	at org.wildfly.extension.undertow.deployment.UndertowDeploymentService$1.run(UndertowDeploymentService.java:78)
	at java.util.concurrent.Executors$RunnableAdapter.call(Unknown Source)
	at java.util.concurrent.FutureTask.run(Unknown Source)
	at org.jboss.threads.ContextClassLoaderSavingRunnable.run(ContextClassLoaderSavingRunnable.java:35)
	at org.jboss.threads.EnhancedQueueExecutor.safeRun(EnhancedQueueExecutor.java:1985)
	at org.jboss.threads.EnhancedQueueExecutor$ThreadBody.doRunTask(EnhancedQueueExecutor.java:1487)
	at org.jboss.threads.EnhancedQueueExecutor$ThreadBody.run(EnhancedQueueExecutor.java:1378)
	at java.lang.Thread.run(Unknown Source)
	at org.jboss.threads.JBossThread.run(JBossThread.java:485)
Caused by: java.io.FileNotFoundException: WEB-INF\config_sys\SqlMapConfig_nbediDb.xml (系統找不到指定的路徑。)
	at java.io.FileInputStream.open0(Native Method)
	at java.io.FileInputStream.open(Unknown Source)
	at java.io.FileInputStream.<init>(Unknown Source)
	at org.springframework.core.io.FileSystemResource.getInputStream(FileSystemResource.java:85)
	at org.springframework.orm.ibatis.SqlMapClientFactoryBean.buildSqlMapClient(SqlMapClientFactoryBean.java:315)
	at org.springframework.orm.ibatis.SqlMapClientFactoryBean.afterPropertiesSet(SqlMapClientFactoryBean.java:280)
	at org.springframework.beans.factory.support.AbstractAutowireCapableBeanFactory.invokeInitMethods(AbstractAutowireCapableBeanFactory.java:1390)
	at org.springframework.beans.factory.support.AbstractAutowireCapableBeanFactory.initializeBean(AbstractAutowireCapableBeanFactory.java:1359)
	... 43 more
[2019-11-18 16:34:50 360] ERROR [com.pro.proutils.schedule.SchedulerFactory initSpring 44] - 
org.springframework.beans.factory.BeanCreationException: Error creating bean with name 'sbfin_db_SqlMapClient' defined in file [C:\company\firstproject workspace\proFxmlWeb-console\config_sys\databaseConfig.xml]: Invocation of init method failed; nested exception is java.io.FileNotFoundException: \ap\jboss-xml\SqlMapConfig_sbfinDb.xml (系統找不到指定的路徑。)
	at org.springframework.beans.factory.support.AbstractAutowireCapableBeanFactory.initializeBean(AbstractAutowireCapableBeanFactory.java:1362)
	at org.springframework.beans.factory.support.AbstractAutowireCapableBeanFactory.doCreateBean(AbstractAutowireCapableBeanFactory.java:540)
	at org.springframework.beans.factory.support.AbstractAutowireCapableBeanFactory$1.run(AbstractAutowireCapableBeanFactory.java:485)
	at java.security.AccessController.doPrivileged(Native Method)
	at org.springframework.beans.factory.support.AbstractAutowireCapableBeanFactory.createBean(AbstractAutowireCapableBeanFactory.java:455)
	at org.springframework.beans.factory.support.AbstractBeanFactory.getBean(AbstractBeanFactory.java:270)
	at org.springframework.beans.factory.support.AbstractBeanFactory.getBean(AbstractBeanFactory.java:170)
	at org.springframework.context.support.AbstractApplicationContext.getBean(AbstractApplicationContext.java:883)
	at com.provision.profxml.ibatis.service.sbfin.BeanFactory.getBean(BeanFactory.java:33)
	at com.provision.profxml.ibatis.service.sbfin.EdiadmUserAndRoleService.<init>(EdiadmUserAndRoleService.java:15)
	at com.pro.fxml.web.adm.batch.RoleInfo.<init>(RoleInfo.java:32)
	at sun.reflect.NativeConstructorAccessorImpl.newInstance0(Native Method)
	at sun.reflect.NativeConstructorAccessorImpl.newInstance(Unknown Source)
	at sun.reflect.DelegatingConstructorAccessorImpl.newInstance(Unknown Source)
	at java.lang.reflect.Constructor.newInstance(Unknown Source)
	at java.lang.Class.newInstance(Unknown Source)
	at com.pro.proutils.schedule.Schedule.add(Schedule.java:95)
	at com.pro.proutils.schedule.SchedulerFactory.initSpring(SchedulerFactory.java:42)
	at com.pro.fxml.web.adm.util.InitProcess.init(InitProcess.java:25)
	at io.undertow.servlet.core.LifecyleInterceptorInvocation.proceed(LifecyleInterceptorInvocation.java:117)
	at org.wildfly.extension.undertow.security.RunAsLifecycleInterceptor.init(RunAsLifecycleInterceptor.java:78)
	at io.undertow.servlet.core.LifecyleInterceptorInvocation.proceed(LifecyleInterceptorInvocation.java:103)
	at io.undertow.servlet.core.ManagedServlet$DefaultInstanceStrategy.start(ManagedServlet.java:303)
	at io.undertow.servlet.core.ManagedServlet.createServlet(ManagedServlet.java:143)
	at io.undertow.servlet.core.DeploymentManagerImpl$2.call(DeploymentManagerImpl.java:583)
	at io.undertow.servlet.core.DeploymentManagerImpl$2.call(DeploymentManagerImpl.java:554)
	at io.undertow.servlet.core.ServletRequestContextThreadSetupAction$1.call(ServletRequestContextThreadSetupAction.java:42)
	at io.undertow.servlet.core.ContextClassLoaderSetupAction$1.call(ContextClassLoaderSetupAction.java:43)
	at org.wildfly.extension.undertow.security.SecurityContextThreadSetupAction.lambda$create$0(SecurityContextThreadSetupAction.java:105)
	at org.wildfly.extension.undertow.deployment.UndertowDeploymentInfoService$UndertowThreadSetupAction.lambda$create$0(UndertowDeploymentInfoService.java:1502)
	at org.wildfly.extension.undertow.deployment.UndertowDeploymentInfoService$UndertowThreadSetupAction.lambda$create$0(UndertowDeploymentInfoService.java:1502)
	at org.wildfly.extension.undertow.deployment.UndertowDeploymentInfoService$UndertowThreadSetupAction.lambda$create$0(UndertowDeploymentInfoService.java:1502)
	at org.wildfly.extension.undertow.deployment.UndertowDeploymentInfoService$UndertowThreadSetupAction.lambda$create$0(UndertowDeploymentInfoService.java:1502)
	at io.undertow.servlet.core.DeploymentManagerImpl.start(DeploymentManagerImpl.java:596)
	at org.wildfly.extension.undertow.deployment.UndertowDeploymentService.startContext(UndertowDeploymentService.java:97)
	at org.wildfly.extension.undertow.deployment.UndertowDeploymentService$1.run(UndertowDeploymentService.java:78)
	at java.util.concurrent.Executors$RunnableAdapter.call(Unknown Source)
	at java.util.concurrent.FutureTask.run(Unknown Source)
	at org.jboss.threads.ContextClassLoaderSavingRunnable.run(ContextClassLoaderSavingRunnable.java:35)
	at org.jboss.threads.EnhancedQueueExecutor.safeRun(EnhancedQueueExecutor.java:1985)
	at org.jboss.threads.EnhancedQueueExecutor$ThreadBody.doRunTask(EnhancedQueueExecutor.java:1487)
	at org.jboss.threads.EnhancedQueueExecutor$ThreadBody.run(EnhancedQueueExecutor.java:1378)
	at java.lang.Thread.run(Unknown Source)
	at org.jboss.threads.JBossThread.run(JBossThread.java:485)
Caused by: java.io.FileNotFoundException: \ap\jboss-xml\SqlMapConfig_sbfinDb.xml (系統找不到指定的路徑。)
	at java.io.FileInputStream.open0(Native Method)
	at java.io.FileInputStream.open(Unknown Source)
	at java.io.FileInputStream.<init>(Unknown Source)
	at org.springframework.core.io.FileSystemResource.getInputStream(FileSystemResource.java:85)
	at org.springframework.orm.ibatis.SqlMapClientFactoryBean.buildSqlMapClient(SqlMapClientFactoryBean.java:315)
	at org.springframework.orm.ibatis.SqlMapClientFactoryBean.afterPropertiesSet(SqlMapClientFactoryBean.java:280)
	at org.springframework.beans.factory.support.AbstractAutowireCapableBeanFactory.invokeInitMethods(AbstractAutowireCapableBeanFactory.java:1390)
	at org.springframework.beans.factory.support.AbstractAutowireCapableBeanFactory.initializeBean(AbstractAutowireCapableBeanFactory.java:1359)
	... 43 more
